#***************************************************************************

#sjplacer

#Version:            1.1

#Build Date:         Mar 26 2013 14:54:34

#File Generated:     Dec 7 2013 11:28:49

#Purpose:            

#Copyright (C) 2010-2011 by Softjin Technologies Pvt Ltd. All rights reserved.

#***************************************************************************

Executing : C:\Program Files (x86)\Cypress\PSoC Creator\3.0\PSoC Creator\bin/sjplacer.exe --proj-name Bootloading_PSoC5_LP --netlist-vh2 Bootloading_PSoC5_LP_p.vh2 --arch-file C:\Program Files (x86)\Cypress\PSoC Creator\3.0\PSoC Creator\dev/psoc3/placer.ark --rrg-file C:\Program Files (x86)\Cypress\PSoC Creator\3.0\PSoC Creator\dev/psoc5/psoc5lp/route_arch-rrg.cydata --irq-file C:\Program Files (x86)\Cypress\PSoC Creator\3.0\PSoC Creator\dev/psoc5/psoc5lp/irqconn.cydata --drq-file C:\Program Files (x86)\Cypress\PSoC Creator\3.0\PSoC Creator\dev/psoc5/psoc5lp/dmaconn.cydata --dsi-conn-file C:\Program Files (x86)\Cypress\PSoC Creator\3.0\PSoC Creator\dev/psoc5/psoc5lp/dsiconn.cydata --pins-file PSoC5_PSoC5LP_68-QFN.xml --lib-file Bootloading_PSoC5_LP_p.lib --sdc-file Bootloading_PSoC5_LP.sdc --io-pcf Bootloading_PSoC5_LP.pci --outdir .

		Softjin Techologies Placer, Version 1.1

Build Date : Jul 22 2013	11:20:09

D2004: Option and Settings Summary
=============================================================
Netlist vh2 file          - Bootloading_PSoC5_LP_p.vh2
Architecture file         - C:\Program Files (x86)\Cypress\PSoC Creator\3.0\PSoC Creator\dev/psoc3/placer.ark
Package                   - 
Defparam file             - 
SDC file                  - Bootloading_PSoC5_LP.sdc
Output directory          - .
Timing library            - Bootloading_PSoC5_LP_p.lib
IO Placement file         - Bootloading_PSoC5_LP.pci

D2050: Starting reading inputs for placer
=============================================================
D2065: Reading netlist file : "Bootloading_PSoC5_LP_p.vh2"
D2065: Reading arch file : "C:\Program Files (x86)\Cypress\PSoC Creator\3.0\PSoC Creator\dev/psoc3/placer.ark"
D2051: Reading of inputs for placer completed successfully

D2053: Starting placement of the design
=============================================================

Phase 2
Phase 3

Design Statistics after Packing
    Number of Combinational MCs 	:	21
    Number of Sequential MCs    	:	43
    Number of DPs               	:	7
    Number of Controls          	:	4
    Number of Status            	:	6
    Number of SyncCells         	:	0
    Number of count7cells       	:	3

Device Utilization Summary after Packing
    Macrocells                  :	64/192
    UDBS                        :	12/24
    IOs                         :	8/72


D2088: Phase 3, elapsed time : 0.0 (sec)

Phase 4
D2088: Phase 4, elapsed time : 0.0 (sec)

Phase 5
D2088: Phase 5, elapsed time : 0.0 (sec)

Phase 6

######################################################################
Placement Timing Summary

The timing summary is based on estimated routing delays after
placement. For final timing report, please carry out the timing
analysis after routing.
======================================================================

######################################################################
                     Clock Summary 
======================================================================
Number of clocks: 9
Clock: Clock_1              | Frequency:  41.7 MHz | Target:   1.0 MHz
Clock: CyBUS_CLK            | Frequency:  50.3 MHz | Target:  24.0 MHz
Clock: CyILO                | Frequency: N/A       | Target:   0.0 MHz
Clock: CyIMO                | Frequency: N/A       | Target:   3.0 MHz
Clock: CyMASTER_CLK         | Frequency: N/A       | Target:  24.0 MHz
Clock: CyPLL_OUT            | Frequency: N/A       | Target:  24.0 MHz
Clock: GPS_IntClock         | Frequency:  48.2 MHz | Target:   0.1 MHz
Clock: PSOC4_IntClock       | Frequency:  40.8 MHz | Target:   0.1 MHz
Clock: emFile_1_Clock_1     | Frequency:  44.4 MHz | Target:  24.0 MHz

======================================================================
                     End of Clock Summary
######################################################################

D2088: Phase 6, elapsed time : 0.2 (sec)

Phase 7
######################################################################
                     Clock Summary 
======================================================================
Number of clocks: 9
Clock: Clock_1              | Frequency:  41.7 MHz | Target:   1.0 MHz
Clock: CyBUS_CLK            | Frequency:   1.2 MHz | Target:  24.0 MHz
Clock: CyILO                | Frequency: N/A       | Target:   0.0 MHz
Clock: CyIMO                | Frequency: N/A       | Target:   3.0 MHz
Clock: CyMASTER_CLK         | Frequency: N/A       | Target:  24.0 MHz
Clock: CyPLL_OUT            | Frequency: N/A       | Target:  24.0 MHz
Clock: GPS_IntClock         | Frequency:   1.2 MHz | Target:   0.1 MHz
Clock: PSOC4_IntClock       | Frequency:   1.4 MHz | Target:   0.1 MHz
Clock: emFile_1_Clock_1     | Frequency:  43.3 MHz | Target:  24.0 MHz

======================================================================
                     End of Clock Summary
######################################################################
D2088: Phase 7, elapsed time : 3.8 (sec)

Final Design Statistics
    Number of Combinational MCs 	:	21
    Number of Sequential MCs    	:	43
    Number of DPs               	:	7
    Number of Controls          	:	4
    Number of Status            	:	6
    Number of SyncCells         	:	0
    Number of count7cells       	:	3
    Number of IOs       	:	8

Device Utilization Summary
    Macrocells                  :	64/192
    IOs                         :	8/72



######################################################################
Placement Timing Summary

The timing summary is based on estimated routing delays after
placement. For final timing report, please carry out the timing
analysis after routing.
======================================================================


######################################################################
                     Clock Summary 
======================================================================
Number of clocks: 9
Clock: Clock_1              | Frequency:  39.8 MHz | Target:   1.0 MHz
Clock: CyBUS_CLK            | Frequency:   1.4 MHz | Target:  24.0 MHz
Clock: CyILO                | Frequency: N/A       | Target:   0.0 MHz
Clock: CyIMO                | Frequency: N/A       | Target:   3.0 MHz
Clock: CyMASTER_CLK         | Frequency: N/A       | Target:  24.0 MHz
Clock: CyPLL_OUT            | Frequency: N/A       | Target:  24.0 MHz
Clock: GPS_IntClock         | Frequency:   1.4 MHz | Target:   0.1 MHz
Clock: PSOC4_IntClock       | Frequency:   1.5 MHz | Target:   0.1 MHz
Clock: emFile_1_Clock_1     | Frequency:  46.8 MHz | Target:  24.0 MHz

======================================================================
                     End of Clock Summary
######################################################################

Phase 8
D2088: Phase 8, elapsed time : 0.0 (sec)

D2054: Placement of the design completed successfully

I2076: Total run-time: 6.0 sec.

