#***************************************************************************

#sjplacer

#Version:            1.1

#Build Date:         Mar 26 2013 14:54:34

#File Generated:     Dec 22 2013 18:54:23

#Purpose:            

#Copyright (C) 2010-2011 by Softjin Technologies Pvt Ltd. All rights reserved.

#***************************************************************************

Executing : C:\Program Files (x86)\Cypress\PSoC Creator\3.0\PSoC Creator\bin/sjplacer.exe --proj-name PSoc4_Main --netlist-vh2 PSoc4_Main_p.vh2 --arch-file C:\Program Files (x86)\Cypress\PSoC Creator\3.0\PSoC Creator\dev/psoc4/psoc4a/placer.ark --rrg-file C:\Program Files (x86)\Cypress\PSoC Creator\3.0\PSoC Creator\dev/psoc4/psoc4a/route_arch-rrg.cydata --irq-file C:\Program Files (x86)\Cypress\PSoC Creator\3.0\PSoC Creator\dev/psoc4/psoc4a/irqconn.cydata --dsi-conn-file C:\Program Files (x86)\Cypress\PSoC Creator\3.0\PSoC Creator\dev/psoc4/psoc4a/dsiconn.cydata --pins-file PSoC4_PSoC4A_44-TQFP.xml --lib-file PSoc4_Main_p.lib --sdc-file PSoc4_Main.sdc --io-pcf PSoc4_Main.pci --outdir .

		Softjin Techologies Placer, Version 1.1

Build Date : Jul 22 2013	11:20:09

D2004: Option and Settings Summary
=============================================================
Netlist vh2 file          - PSoc4_Main_p.vh2
Architecture file         - C:\Program Files (x86)\Cypress\PSoC Creator\3.0\PSoC Creator\dev/psoc4/psoc4a/placer.ark
Package                   - 
Defparam file             - 
SDC file                  - PSoc4_Main.sdc
Output directory          - .
Timing library            - PSoc4_Main_p.lib
IO Placement file         - PSoc4_Main.pci

D2050: Starting reading inputs for placer
=============================================================
D2065: Reading netlist file : "PSoc4_Main_p.vh2"
D2065: Reading arch file : "C:\Program Files (x86)\Cypress\PSoC Creator\3.0\PSoC Creator\dev/psoc4/psoc4a/placer.ark"
D2051: Reading of inputs for placer completed successfully

D2053: Starting placement of the design
=============================================================

Phase 2
Phase 3

Design Statistics after Packing
    Number of Combinational MCs 	:	10
    Number of Sequential MCs    	:	16
    Number of DPs               	:	3
    Number of Controls          	:	2
    Number of Status            	:	2
    Number of SyncCells         	:	0
    Number of count7cells       	:	1

Device Utilization Summary after Packing
    Macrocells                  :	26/32
    UDBS                        :	4/4
    IOs                         :	11/36


D2088: Phase 3, elapsed time : 0.0 (sec)

Phase 4
D2088: Phase 4, elapsed time : 0.0 (sec)

Phase 6

######################################################################
Placement Timing Summary

The timing summary is based on estimated routing delays after
placement. For final timing report, please carry out the timing
analysis after routing.
======================================================================

######################################################################
                     Clock Summary 
======================================================================
Number of clocks: 10
Clock: ADC_ACCELEROMETER_intClock | Frequency: N/A       | Target:   2.0 MHz
Clock: ADC_ACCELEROMETER_intClock(FFB) | Frequency: N/A       | Target:   2.0 MHz
Clock: BLUE_IntClock        | Frequency:  42.7 MHz | Target:   0.1 MHz
Clock: CyHFCLK              | Frequency:  46.1 MHz | Target:  24.0 MHz
Clock: CyILO                | Frequency: N/A       | Target:   0.0 MHz
Clock: CyIMO                | Frequency: N/A       | Target:  24.0 MHz
Clock: CyLFCLK              | Frequency: N/A       | Target:   0.0 MHz
Clock: CySYSCLK             | Frequency: N/A       | Target:  24.0 MHz
Clock: PSOC5_SCBCLK         | Frequency: N/A       | Target:   0.1 MHz
Clock: PSOC5_SCBCLK(FFB)    | Frequency: N/A       | Target:   0.1 MHz

======================================================================
                     End of Clock Summary
######################################################################

D2088: Phase 6, elapsed time : 0.1 (sec)

Phase 7
######################################################################
                     Clock Summary 
======================================================================
Number of clocks: 10
Clock: ADC_ACCELEROMETER_intClock | Frequency: N/A       | Target:   2.0 MHz
Clock: ADC_ACCELEROMETER_intClock(FFB) | Frequency: N/A       | Target:   2.0 MHz
Clock: BLUE_IntClock        | Frequency:   1.3 MHz | Target:   0.1 MHz
Clock: CyHFCLK              | Frequency:   1.3 MHz | Target:  24.0 MHz
Clock: CyILO                | Frequency: N/A       | Target:   0.0 MHz
Clock: CyIMO                | Frequency: N/A       | Target:  24.0 MHz
Clock: CyLFCLK              | Frequency: N/A       | Target:   0.0 MHz
Clock: CySYSCLK             | Frequency: N/A       | Target:  24.0 MHz
Clock: PSOC5_SCBCLK         | Frequency: N/A       | Target:   0.1 MHz
Clock: PSOC5_SCBCLK(FFB)    | Frequency: N/A       | Target:   0.1 MHz

======================================================================
                     End of Clock Summary
######################################################################
D2088: Phase 7, elapsed time : 0.3 (sec)

Final Design Statistics
    Number of Combinational MCs 	:	10
    Number of Sequential MCs    	:	16
    Number of DPs               	:	3
    Number of Controls          	:	2
    Number of Status            	:	2
    Number of SyncCells         	:	0
    Number of count7cells       	:	1
    Number of IOs       	:	11

Device Utilization Summary
    Macrocells                  :	26/32
    IOs                         :	11/36



######################################################################
Placement Timing Summary

The timing summary is based on estimated routing delays after
placement. For final timing report, please carry out the timing
analysis after routing.
======================================================================


######################################################################
                     Clock Summary 
======================================================================
Number of clocks: 10
Clock: ADC_ACCELEROMETER_intClock | Frequency: N/A       | Target:   2.0 MHz
Clock: ADC_ACCELEROMETER_intClock(FFB) | Frequency: N/A       | Target:   2.0 MHz
Clock: BLUE_IntClock        | Frequency:   1.3 MHz | Target:   0.1 MHz
Clock: CyHFCLK              | Frequency:   1.3 MHz | Target:  24.0 MHz
Clock: CyILO                | Frequency: N/A       | Target:   0.0 MHz
Clock: CyIMO                | Frequency: N/A       | Target:  24.0 MHz
Clock: CyLFCLK              | Frequency: N/A       | Target:   0.0 MHz
Clock: CySYSCLK             | Frequency: N/A       | Target:  24.0 MHz
Clock: PSOC5_SCBCLK         | Frequency: N/A       | Target:   0.1 MHz
Clock: PSOC5_SCBCLK(FFB)    | Frequency: N/A       | Target:   0.1 MHz

======================================================================
                     End of Clock Summary
######################################################################

Phase 8
D2088: Phase 8, elapsed time : 0.0 (sec)

D2054: Placement of the design completed successfully

I2076: Total run-time: 1.1 sec.

