--------------- Rebuild Started: 11/26/2013 03:47:42 Project: Bootloading_PSoC5_LP, Configuration: ARM GCC 4.7.3 Debug ---------------
Deleting file ".\CortexM3\ARM_GCC_473\Debug\main.o"
Deleting file ".\CortexM3\ARM_GCC_473\Debug\FS_ConfigIO.o"
Deleting file ".\CortexM3\ARM_GCC_473\Debug\FS_X_OS.o"
Deleting file ".\CortexM3\ARM_GCC_473\Debug\cyfitter_cfg.o"
Deleting file ".\CortexM3\ARM_GCC_473\Debug\Bootloadable_1.o"
Deleting file ".\CortexM3\ARM_GCC_473\Debug\PWM_1.o"
Deleting file ".\CortexM3\ARM_GCC_473\Debug\PWM_1_PM.o"
Deleting file ".\CortexM3\ARM_GCC_473\Debug\Clock_1.o"
Deleting file ".\CortexM3\ARM_GCC_473\Debug\STATUS_LED.o"
Deleting file ".\CortexM3\ARM_GCC_473\Debug\Cm3Start.o"
Deleting file ".\CortexM3\ARM_GCC_473\Debug\CyBootAsmGnu.o"
Deleting file ".\CortexM3\ARM_GCC_473\Debug\CyDmac.o"
Deleting file ".\CortexM3\ARM_GCC_473\Debug\CyFlash.o"
Deleting file ".\CortexM3\ARM_GCC_473\Debug\CyLib.o"
Deleting file ".\CortexM3\ARM_GCC_473\Debug\cyPm.o"
Deleting file ".\CortexM3\ARM_GCC_473\Debug\CySpc.o"
Deleting file ".\CortexM3\ARM_GCC_473\Debug\cyutils.o"
Deleting file ".\CortexM3\ARM_GCC_473\Debug\cybootloader.o"
Deleting file ".\CortexM3\ARM_GCC_473\Debug\cymetadata.o"
Deleting file ".\CortexM3\ARM_GCC_473\Debug\emFile_1_ConfigMMC_SPI.o"
Deleting file ".\CortexM3\ARM_GCC_473\Debug\emFile_1_MMC_HW_SPI.o"
Deleting file ".\CortexM3\ARM_GCC_473\Debug\emFile_1_PM.o"
Deleting file ".\CortexM3\ARM_GCC_473\Debug\emFile_1_SPI0.o"
Deleting file ".\CortexM3\ARM_GCC_473\Debug\emFile_1_SPI0_PM.o"
Deleting file ".\CortexM3\ARM_GCC_473\Debug\emFile_1_SPI0_INT.o"
Deleting file ".\CortexM3\ARM_GCC_473\Debug\emFile_1_mosi0.o"
Deleting file ".\CortexM3\ARM_GCC_473\Debug\emFile_1_Clock_1.o"
Deleting file ".\CortexM3\ARM_GCC_473\Debug\emFile_1_miso0.o"
Deleting file ".\CortexM3\ARM_GCC_473\Debug\emFile_1_sclk0.o"
Deleting file ".\CortexM3\ARM_GCC_473\Debug\emFile_1_SPI0_CS.o"
Deleting file ".\CortexM3\ARM_GCC_473\Debug\GPS.o"
Deleting file ".\CortexM3\ARM_GCC_473\Debug\GPS_PM.o"
Deleting file ".\CortexM3\ARM_GCC_473\Debug\GPS_INT.o"
Deleting file ".\CortexM3\ARM_GCC_473\Debug\GPS_BOOT.o"
Deleting file ".\CortexM3\ARM_GCC_473\Debug\GPS_RX.o"
Deleting file ".\CortexM3\ARM_GCC_473\Debug\GPS_IntClock.o"
Deleting file ".\CortexM3\ARM_GCC_473\Debug\PSOC4.o"
Deleting file ".\CortexM3\ARM_GCC_473\Debug\PSOC4_PM.o"
Deleting file ".\CortexM3\ARM_GCC_473\Debug\PSOC4_INT.o"
Deleting file ".\CortexM3\ARM_GCC_473\Debug\PSOC4_BOOT.o"
Deleting file ".\CortexM3\ARM_GCC_473\Debug\PSOC4_IntClock.o"
Deleting file ".\CortexM3\ARM_GCC_473\Debug\Bootloading_PSoC5_LP.hex"
Deleting file ".\CortexM3\ARM_GCC_473\Debug\Bootloading_PSoC5_LP.elf"
Deleting file ".\CortexM3\ARM_GCC_473\Debug\Bootloading_PSoC5_LP.map"
Deleting file ".\CortexM3\ARM_GCC_473\Debug\Bootloading_PSoC5_LP.cyacd"
Deleting file ".\Bootloading_PSoC5_LP.cycdx"
Deleting file ".\Bootloading_PSoC5_LP.svd"
Deleting file ".\Bootloading_PSoC5_LP.rpt"
Deleting file ".\Bootloading_PSoC5_LP_timing.html"
Deleting file ".\CortexM3\ARM_GCC_473\Debug\.deps\C_FILE.P"
Deleting file ".\CortexM3\ARM_GCC_473\Debug\.deps\ARM_C_FILE.P"
Deleting file ".\CortexM3\ARM_GCC_473\Debug\.deps\GNU_ARM_ASM_FILE.P"
cydsfit.exe "-.appdatapath" "C:\Users\javier\AppData\Local\Cypress Semiconductor\PSoC Creator\3.0" "-.fdsnotice" "-.fdswarpdepfile=warp_dependencies.txt" "-.fdselabdepfile=elab_dependencies.txt" "-.fdsbldfile=generated_files.txt" "-p" "C:\Projects\PSoC\Bootloading_PSoC5_LP\Bootloading_PSoC5_LP.cydsn\Bootloading_PSoC5_LP.cyprj" "-d" "CY8C5868LTI-LP039" "-s" "C:\Projects\PSoC\Bootloading_PSoC5_LP\Bootloading_PSoC5_LP.cydsn\Generated_Source\PSoC5" "--" "-yv2" "-v3" "-ygs" "-q10" "-o2" "-.fftcfgtype=LE"
Elaborating Design...
HDL Generation ...
Synthesis ...
Place and Route ...
Tech mapping ...
Info: mpr.M0037: Unused pieces of the design have been optimized out. See the Tech mapping section of the report file for details. (App=cydsfit)
Analog Placement ...
Analog Routing ...
Analog Code Generation ...
Digital Placement ...
Digital Routing ...
Bitstream Generation ...
Static timing analysis ...
API Generation ...
Dependency Generation ...
Clean Temporary Files ...
arm-none-eabi-gcc.exe -I. -I./Generated_Source/PSoC5 -Wno-main -mcpu=cortex-m3 -mthumb -I ..\emFile_V322b\Code\Include\PSoC5\emf32nOS -I ..\emFile_V322b\Code\Include\PSoC5\ -Wall -g -D DEBUG -Wa,-alh=.\CortexM3\ARM_GCC_473\Debug\main.lst -ffunction-sections -c .\main.c -o .\CortexM3\ARM_GCC_473\Debug\main.o
.\main.c: In function 'main':
.\main.c:59:10: warning: unused variable 'inPSOC4' [-Wunused-variable]
.\main.c:34:9: warning: unused variable 'step' [-Wunused-variable]
arm-none-eabi-gcc.exe -I. -I./Generated_Source/PSoC5 -Wno-main -mcpu=cortex-m3 -mthumb -I ..\emFile_V322b\Code\Include\PSoC5\emf32nOS -I ..\emFile_V322b\Code\Include\PSoC5\ -Wall -g -D DEBUG -Wa,-alh=.\CortexM3\ARM_GCC_473\Debug\FS_ConfigIO.lst -ffunction-sections -c .\FS_ConfigIO.c -o .\CortexM3\ARM_GCC_473\Debug\FS_ConfigIO.o
.\FS_ConfigIO.c: In function 'FS_X_Log':
.\FS_ConfigIO.c:55:2: warning: implicit declaration of function 'UART_PutString' [-Wimplicit-function-declaration]
arm-none-eabi-gcc.exe -I. -I./Generated_Source/PSoC5 -Wno-main -mcpu=cortex-m3 -mthumb -I ..\emFile_V322b\Code\Include\PSoC5\emf32nOS -I ..\emFile_V322b\Code\Include\PSoC5\ -Wall -g -D DEBUG -Wa,-alh=.\CortexM3\ARM_GCC_473\Debug\FS_X_OS.lst -ffunction-sections -c .\FS_X_OS.c -o .\CortexM3\ARM_GCC_473\Debug\FS_X_OS.o
arm-none-eabi-gcc.exe -I. -I./Generated_Source/PSoC5 -Wno-main -mcpu=cortex-m3 -mthumb -I ..\emFile_V322b\Code\Include\PSoC5\emf32nOS -I ..\emFile_V322b\Code\Include\PSoC5\ -Wall -g -D DEBUG -Wa,-alh=.\CortexM3\ARM_GCC_473\Debug\cyfitter_cfg.lst -ffunction-sections -c .\Generated_Source\PSoC5\cyfitter_cfg.c -o .\CortexM3\ARM_GCC_473\Debug\cyfitter_cfg.o
arm-none-eabi-gcc.exe -I. -I./Generated_Source/PSoC5 -Wno-main -mcpu=cortex-m3 -mthumb -I ..\emFile_V322b\Code\Include\PSoC5\emf32nOS -I ..\emFile_V322b\Code\Include\PSoC5\ -Wall -g -D DEBUG -Wa,-alh=.\CortexM3\ARM_GCC_473\Debug\Bootloadable_1.lst -ffunction-sections -c .\Generated_Source\PSoC5\Bootloadable_1.c -o .\CortexM3\ARM_GCC_473\Debug\Bootloadable_1.o
arm-none-eabi-gcc.exe -I. -I./Generated_Source/PSoC5 -Wno-main -mcpu=cortex-m3 -mthumb -I ..\emFile_V322b\Code\Include\PSoC5\emf32nOS -I ..\emFile_V322b\Code\Include\PSoC5\ -Wall -g -D DEBUG -Wa,-alh=.\CortexM3\ARM_GCC_473\Debug\PWM_1.lst -ffunction-sections -c .\Generated_Source\PSoC5\PWM_1.c -o .\CortexM3\ARM_GCC_473\Debug\PWM_1.o
arm-none-eabi-gcc.exe -I. -I./Generated_Source/PSoC5 -Wno-main -mcpu=cortex-m3 -mthumb -I ..\emFile_V322b\Code\Include\PSoC5\emf32nOS -I ..\emFile_V322b\Code\Include\PSoC5\ -Wall -g -D DEBUG -Wa,-alh=.\CortexM3\ARM_GCC_473\Debug\PWM_1_PM.lst -ffunction-sections -c .\Generated_Source\PSoC5\PWM_1_PM.c -o .\CortexM3\ARM_GCC_473\Debug\PWM_1_PM.o
arm-none-eabi-gcc.exe -I. -I./Generated_Source/PSoC5 -Wno-main -mcpu=cortex-m3 -mthumb -I ..\emFile_V322b\Code\Include\PSoC5\emf32nOS -I ..\emFile_V322b\Code\Include\PSoC5\ -Wall -g -D DEBUG -Wa,-alh=.\CortexM3\ARM_GCC_473\Debug\Clock_1.lst -ffunction-sections -c .\Generated_Source\PSoC5\Clock_1.c -o .\CortexM3\ARM_GCC_473\Debug\Clock_1.o
arm-none-eabi-gcc.exe -I. -I./Generated_Source/PSoC5 -Wno-main -mcpu=cortex-m3 -mthumb -I ..\emFile_V322b\Code\Include\PSoC5\emf32nOS -I ..\emFile_V322b\Code\Include\PSoC5\ -Wall -g -D DEBUG -Wa,-alh=.\CortexM3\ARM_GCC_473\Debug\STATUS_LED.lst -ffunction-sections -c .\Generated_Source\PSoC5\STATUS_LED.c -o .\CortexM3\ARM_GCC_473\Debug\STATUS_LED.o
arm-none-eabi-gcc.exe -I. -I./Generated_Source/PSoC5 -Wno-main -mcpu=cortex-m3 -mthumb -I ..\emFile_V322b\Code\Include\PSoC5\emf32nOS -I ..\emFile_V322b\Code\Include\PSoC5\ -Wall -g -D DEBUG -Wa,-alh=.\CortexM3\ARM_GCC_473\Debug\Cm3Start.lst -ffunction-sections -c .\Generated_Source\PSoC5\Cm3Start.c -o .\CortexM3\ARM_GCC_473\Debug\Cm3Start.o
arm-none-eabi-as.exe -I. -I./Generated_Source/PSoC5 -mcpu=cortex-m3 -mthumb -g -alh=.\CortexM3\ARM_GCC_473\Debug/CyBootAsmGnu.lst -o .\CortexM3\ARM_GCC_473\Debug\CyBootAsmGnu.o .\Generated_Source\PSoC5\CyBootAsmGnu.s
arm-none-eabi-gcc.exe -I. -I./Generated_Source/PSoC5 -Wno-main -mcpu=cortex-m3 -mthumb -I ..\emFile_V322b\Code\Include\PSoC5\emf32nOS -I ..\emFile_V322b\Code\Include\PSoC5\ -Wall -g -D DEBUG -Wa,-alh=.\CortexM3\ARM_GCC_473\Debug\CyDmac.lst -ffunction-sections -c .\Generated_Source\PSoC5\CyDmac.c -o .\CortexM3\ARM_GCC_473\Debug\CyDmac.o
arm-none-eabi-gcc.exe -I. -I./Generated_Source/PSoC5 -Wno-main -mcpu=cortex-m3 -mthumb -I ..\emFile_V322b\Code\Include\PSoC5\emf32nOS -I ..\emFile_V322b\Code\Include\PSoC5\ -Wall -g -D DEBUG -Wa,-alh=.\CortexM3\ARM_GCC_473\Debug\CyFlash.lst -ffunction-sections -c .\Generated_Source\PSoC5\CyFlash.c -o .\CortexM3\ARM_GCC_473\Debug\CyFlash.o
arm-none-eabi-gcc.exe -I. -I./Generated_Source/PSoC5 -Wno-main -mcpu=cortex-m3 -mthumb -I ..\emFile_V322b\Code\Include\PSoC5\emf32nOS -I ..\emFile_V322b\Code\Include\PSoC5\ -Wall -g -D DEBUG -Wa,-alh=.\CortexM3\ARM_GCC_473\Debug\CyLib.lst -ffunction-sections -c .\Generated_Source\PSoC5\CyLib.c -o .\CortexM3\ARM_GCC_473\Debug\CyLib.o
arm-none-eabi-gcc.exe -I. -I./Generated_Source/PSoC5 -Wno-main -mcpu=cortex-m3 -mthumb -I ..\emFile_V322b\Code\Include\PSoC5\emf32nOS -I ..\emFile_V322b\Code\Include\PSoC5\ -Wall -g -D DEBUG -Wa,-alh=.\CortexM3\ARM_GCC_473\Debug\cyPm.lst -ffunction-sections -c .\Generated_Source\PSoC5\cyPm.c -o .\CortexM3\ARM_GCC_473\Debug\cyPm.o
arm-none-eabi-gcc.exe -I. -I./Generated_Source/PSoC5 -Wno-main -mcpu=cortex-m3 -mthumb -I ..\emFile_V322b\Code\Include\PSoC5\emf32nOS -I ..\emFile_V322b\Code\Include\PSoC5\ -Wall -g -D DEBUG -Wa,-alh=.\CortexM3\ARM_GCC_473\Debug\CySpc.lst -ffunction-sections -c .\Generated_Source\PSoC5\CySpc.c -o .\CortexM3\ARM_GCC_473\Debug\CySpc.o
arm-none-eabi-gcc.exe -I. -I./Generated_Source/PSoC5 -Wno-main -mcpu=cortex-m3 -mthumb -I ..\emFile_V322b\Code\Include\PSoC5\emf32nOS -I ..\emFile_V322b\Code\Include\PSoC5\ -Wall -g -D DEBUG -Wa,-alh=.\CortexM3\ARM_GCC_473\Debug\cyutils.lst -ffunction-sections -c .\Generated_Source\PSoC5\cyutils.c -o .\CortexM3\ARM_GCC_473\Debug\cyutils.o
arm-none-eabi-gcc.exe -I. -I./Generated_Source/PSoC5 -Wno-main -mcpu=cortex-m3 -mthumb -I ..\emFile_V322b\Code\Include\PSoC5\emf32nOS -I ..\emFile_V322b\Code\Include\PSoC5\ -Wall -g -D DEBUG -Wa,-alh=.\CortexM3\ARM_GCC_473\Debug\cybootloader.lst -ffunction-sections -c .\Generated_Source\PSoC5\cybootloader.c -o .\CortexM3\ARM_GCC_473\Debug\cybootloader.o
arm-none-eabi-gcc.exe -I. -I./Generated_Source/PSoC5 -Wno-main -mcpu=cortex-m3 -mthumb -I ..\emFile_V322b\Code\Include\PSoC5\emf32nOS -I ..\emFile_V322b\Code\Include\PSoC5\ -Wall -g -D DEBUG -Wa,-alh=.\CortexM3\ARM_GCC_473\Debug\cymetadata.lst -ffunction-sections -c .\Generated_Source\PSoC5\cymetadata.c -o .\CortexM3\ARM_GCC_473\Debug\cymetadata.o
arm-none-eabi-gcc.exe -I. -I./Generated_Source/PSoC5 -Wno-main -mcpu=cortex-m3 -mthumb -I ..\emFile_V322b\Code\Include\PSoC5\emf32nOS -I ..\emFile_V322b\Code\Include\PSoC5\ -Wall -g -D DEBUG -Wa,-alh=.\CortexM3\ARM_GCC_473\Debug\emFile_1_ConfigMMC_SPI.lst -ffunction-sections -c .\Generated_Source\PSoC5\emFile_1_ConfigMMC_SPI.c -o .\CortexM3\ARM_GCC_473\Debug\emFile_1_ConfigMMC_SPI.o
arm-none-eabi-gcc.exe -I. -I./Generated_Source/PSoC5 -Wno-main -mcpu=cortex-m3 -mthumb -I ..\emFile_V322b\Code\Include\PSoC5\emf32nOS -I ..\emFile_V322b\Code\Include\PSoC5\ -Wall -g -D DEBUG -Wa,-alh=.\CortexM3\ARM_GCC_473\Debug\emFile_1_MMC_HW_SPI.lst -ffunction-sections -c .\Generated_Source\PSoC5\emFile_1_MMC_HW_SPI.c -o .\CortexM3\ARM_GCC_473\Debug\emFile_1_MMC_HW_SPI.o
arm-none-eabi-gcc.exe -I. -I./Generated_Source/PSoC5 -Wno-main -mcpu=cortex-m3 -mthumb -I ..\emFile_V322b\Code\Include\PSoC5\emf32nOS -I ..\emFile_V322b\Code\Include\PSoC5\ -Wall -g -D DEBUG -Wa,-alh=.\CortexM3\ARM_GCC_473\Debug\emFile_1_PM.lst -ffunction-sections -c .\Generated_Source\PSoC5\emFile_1_PM.c -o .\CortexM3\ARM_GCC_473\Debug\emFile_1_PM.o
arm-none-eabi-gcc.exe -I. -I./Generated_Source/PSoC5 -Wno-main -mcpu=cortex-m3 -mthumb -I ..\emFile_V322b\Code\Include\PSoC5\emf32nOS -I ..\emFile_V322b\Code\Include\PSoC5\ -Wall -g -D DEBUG -Wa,-alh=.\CortexM3\ARM_GCC_473\Debug\emFile_1_SPI0.lst -ffunction-sections -c .\Generated_Source\PSoC5\emFile_1_SPI0.c -o .\CortexM3\ARM_GCC_473\Debug\emFile_1_SPI0.o
arm-none-eabi-gcc.exe -I. -I./Generated_Source/PSoC5 -Wno-main -mcpu=cortex-m3 -mthumb -I ..\emFile_V322b\Code\Include\PSoC5\emf32nOS -I ..\emFile_V322b\Code\Include\PSoC5\ -Wall -g -D DEBUG -Wa,-alh=.\CortexM3\ARM_GCC_473\Debug\emFile_1_SPI0_PM.lst -ffunction-sections -c .\Generated_Source\PSoC5\emFile_1_SPI0_PM.c -o .\CortexM3\ARM_GCC_473\Debug\emFile_1_SPI0_PM.o
arm-none-eabi-gcc.exe -I. -I./Generated_Source/PSoC5 -Wno-main -mcpu=cortex-m3 -mthumb -I ..\emFile_V322b\Code\Include\PSoC5\emf32nOS -I ..\emFile_V322b\Code\Include\PSoC5\ -Wall -g -D DEBUG -Wa,-alh=.\CortexM3\ARM_GCC_473\Debug\emFile_1_SPI0_INT.lst -ffunction-sections -c .\Generated_Source\PSoC5\emFile_1_SPI0_INT.c -o .\CortexM3\ARM_GCC_473\Debug\emFile_1_SPI0_INT.o
arm-none-eabi-gcc.exe -I. -I./Generated_Source/PSoC5 -Wno-main -mcpu=cortex-m3 -mthumb -I ..\emFile_V322b\Code\Include\PSoC5\emf32nOS -I ..\emFile_V322b\Code\Include\PSoC5\ -Wall -g -D DEBUG -Wa,-alh=.\CortexM3\ARM_GCC_473\Debug\emFile_1_mosi0.lst -ffunction-sections -c .\Generated_Source\PSoC5\emFile_1_mosi0.c -o .\CortexM3\ARM_GCC_473\Debug\emFile_1_mosi0.o
arm-none-eabi-gcc.exe -I. -I./Generated_Source/PSoC5 -Wno-main -mcpu=cortex-m3 -mthumb -I ..\emFile_V322b\Code\Include\PSoC5\emf32nOS -I ..\emFile_V322b\Code\Include\PSoC5\ -Wall -g -D DEBUG -Wa,-alh=.\CortexM3\ARM_GCC_473\Debug\emFile_1_Clock_1.lst -ffunction-sections -c .\Generated_Source\PSoC5\emFile_1_Clock_1.c -o .\CortexM3\ARM_GCC_473\Debug\emFile_1_Clock_1.o
arm-none-eabi-gcc.exe -I. -I./Generated_Source/PSoC5 -Wno-main -mcpu=cortex-m3 -mthumb -I ..\emFile_V322b\Code\Include\PSoC5\emf32nOS -I ..\emFile_V322b\Code\Include\PSoC5\ -Wall -g -D DEBUG -Wa,-alh=.\CortexM3\ARM_GCC_473\Debug\emFile_1_miso0.lst -ffunction-sections -c .\Generated_Source\PSoC5\emFile_1_miso0.c -o .\CortexM3\ARM_GCC_473\Debug\emFile_1_miso0.o
arm-none-eabi-gcc.exe -I. -I./Generated_Source/PSoC5 -Wno-main -mcpu=cortex-m3 -mthumb -I ..\emFile_V322b\Code\Include\PSoC5\emf32nOS -I ..\emFile_V322b\Code\Include\PSoC5\ -Wall -g -D DEBUG -Wa,-alh=.\CortexM3\ARM_GCC_473\Debug\emFile_1_sclk0.lst -ffunction-sections -c .\Generated_Source\PSoC5\emFile_1_sclk0.c -o .\CortexM3\ARM_GCC_473\Debug\emFile_1_sclk0.o
arm-none-eabi-gcc.exe -I. -I./Generated_Source/PSoC5 -Wno-main -mcpu=cortex-m3 -mthumb -I ..\emFile_V322b\Code\Include\PSoC5\emf32nOS -I ..\emFile_V322b\Code\Include\PSoC5\ -Wall -g -D DEBUG -Wa,-alh=.\CortexM3\ARM_GCC_473\Debug\emFile_1_SPI0_CS.lst -ffunction-sections -c .\Generated_Source\PSoC5\emFile_1_SPI0_CS.c -o .\CortexM3\ARM_GCC_473\Debug\emFile_1_SPI0_CS.o
arm-none-eabi-gcc.exe -I. -I./Generated_Source/PSoC5 -Wno-main -mcpu=cortex-m3 -mthumb -I ..\emFile_V322b\Code\Include\PSoC5\emf32nOS -I ..\emFile_V322b\Code\Include\PSoC5\ -Wall -g -D DEBUG -Wa,-alh=.\CortexM3\ARM_GCC_473\Debug\GPS.lst -ffunction-sections -c .\Generated_Source\PSoC5\GPS.c -o .\CortexM3\ARM_GCC_473\Debug\GPS.o
arm-none-eabi-gcc.exe -I. -I./Generated_Source/PSoC5 -Wno-main -mcpu=cortex-m3 -mthumb -I ..\emFile_V322b\Code\Include\PSoC5\emf32nOS -I ..\emFile_V322b\Code\Include\PSoC5\ -Wall -g -D DEBUG -Wa,-alh=.\CortexM3\ARM_GCC_473\Debug\GPS_PM.lst -ffunction-sections -c .\Generated_Source\PSoC5\GPS_PM.c -o .\CortexM3\ARM_GCC_473\Debug\GPS_PM.o
arm-none-eabi-gcc.exe -I. -I./Generated_Source/PSoC5 -Wno-main -mcpu=cortex-m3 -mthumb -I ..\emFile_V322b\Code\Include\PSoC5\emf32nOS -I ..\emFile_V322b\Code\Include\PSoC5\ -Wall -g -D DEBUG -Wa,-alh=.\CortexM3\ARM_GCC_473\Debug\GPS_INT.lst -ffunction-sections -c .\Generated_Source\PSoC5\GPS_INT.c -o .\CortexM3\ARM_GCC_473\Debug\GPS_INT.o
arm-none-eabi-gcc.exe -I. -I./Generated_Source/PSoC5 -Wno-main -mcpu=cortex-m3 -mthumb -I ..\emFile_V322b\Code\Include\PSoC5\emf32nOS -I ..\emFile_V322b\Code\Include\PSoC5\ -Wall -g -D DEBUG -Wa,-alh=.\CortexM3\ARM_GCC_473\Debug\GPS_BOOT.lst -ffunction-sections -c .\Generated_Source\PSoC5\GPS_BOOT.c -o .\CortexM3\ARM_GCC_473\Debug\GPS_BOOT.o
arm-none-eabi-gcc.exe -I. -I./Generated_Source/PSoC5 -Wno-main -mcpu=cortex-m3 -mthumb -I ..\emFile_V322b\Code\Include\PSoC5\emf32nOS -I ..\emFile_V322b\Code\Include\PSoC5\ -Wall -g -D DEBUG -Wa,-alh=.\CortexM3\ARM_GCC_473\Debug\GPS_RX.lst -ffunction-sections -c .\Generated_Source\PSoC5\GPS_RX.c -o .\CortexM3\ARM_GCC_473\Debug\GPS_RX.o
arm-none-eabi-gcc.exe -I. -I./Generated_Source/PSoC5 -Wno-main -mcpu=cortex-m3 -mthumb -I ..\emFile_V322b\Code\Include\PSoC5\emf32nOS -I ..\emFile_V322b\Code\Include\PSoC5\ -Wall -g -D DEBUG -Wa,-alh=.\CortexM3\ARM_GCC_473\Debug\GPS_IntClock.lst -ffunction-sections -c .\Generated_Source\PSoC5\GPS_IntClock.c -o .\CortexM3\ARM_GCC_473\Debug\GPS_IntClock.o
arm-none-eabi-gcc.exe -I. -I./Generated_Source/PSoC5 -Wno-main -mcpu=cortex-m3 -mthumb -I ..\emFile_V322b\Code\Include\PSoC5\emf32nOS -I ..\emFile_V322b\Code\Include\PSoC5\ -Wall -g -D DEBUG -Wa,-alh=.\CortexM3\ARM_GCC_473\Debug\PSOC4.lst -ffunction-sections -c .\Generated_Source\PSoC5\PSOC4.c -o .\CortexM3\ARM_GCC_473\Debug\PSOC4.o
arm-none-eabi-gcc.exe -I. -I./Generated_Source/PSoC5 -Wno-main -mcpu=cortex-m3 -mthumb -I ..\emFile_V322b\Code\Include\PSoC5\emf32nOS -I ..\emFile_V322b\Code\Include\PSoC5\ -Wall -g -D DEBUG -Wa,-alh=.\CortexM3\ARM_GCC_473\Debug\PSOC4_PM.lst -ffunction-sections -c .\Generated_Source\PSoC5\PSOC4_PM.c -o .\CortexM3\ARM_GCC_473\Debug\PSOC4_PM.o
arm-none-eabi-gcc.exe -I. -I./Generated_Source/PSoC5 -Wno-main -mcpu=cortex-m3 -mthumb -I ..\emFile_V322b\Code\Include\PSoC5\emf32nOS -I ..\emFile_V322b\Code\Include\PSoC5\ -Wall -g -D DEBUG -Wa,-alh=.\CortexM3\ARM_GCC_473\Debug\PSOC4_INT.lst -ffunction-sections -c .\Generated_Source\PSoC5\PSOC4_INT.c -o .\CortexM3\ARM_GCC_473\Debug\PSOC4_INT.o
arm-none-eabi-gcc.exe -I. -I./Generated_Source/PSoC5 -Wno-main -mcpu=cortex-m3 -mthumb -I ..\emFile_V322b\Code\Include\PSoC5\emf32nOS -I ..\emFile_V322b\Code\Include\PSoC5\ -Wall -g -D DEBUG -Wa,-alh=.\CortexM3\ARM_GCC_473\Debug\PSOC4_BOOT.lst -ffunction-sections -c .\Generated_Source\PSoC5\PSOC4_BOOT.c -o .\CortexM3\ARM_GCC_473\Debug\PSOC4_BOOT.o
arm-none-eabi-gcc.exe -I. -I./Generated_Source/PSoC5 -Wno-main -mcpu=cortex-m3 -mthumb -I ..\emFile_V322b\Code\Include\PSoC5\emf32nOS -I ..\emFile_V322b\Code\Include\PSoC5\ -Wall -g -D DEBUG -Wa,-alh=.\CortexM3\ARM_GCC_473\Debug\PSOC4_IntClock.lst -ffunction-sections -c .\Generated_Source\PSoC5\PSOC4_IntClock.c -o .\CortexM3\ARM_GCC_473\Debug\PSOC4_IntClock.o
arm-none-eabi-ar.exe -rs .\CortexM3\ARM_GCC_473\Debug\Bootloading_PSoC5_LP.a .\CortexM3\ARM_GCC_473\Debug\cyfitter_cfg.o .\CortexM3\ARM_GCC_473\Debug\Bootloadable_1.o .\CortexM3\ARM_GCC_473\Debug\PWM_1.o .\CortexM3\ARM_GCC_473\Debug\PWM_1_PM.o .\CortexM3\ARM_GCC_473\Debug\Clock_1.o .\CortexM3\ARM_GCC_473\Debug\STATUS_LED.o .\CortexM3\ARM_GCC_473\Debug\CyBootAsmGnu.o .\CortexM3\ARM_GCC_473\Debug\CyDmac.o .\CortexM3\ARM_GCC_473\Debug\CyFlash.o .\CortexM3\ARM_GCC_473\Debug\CyLib.o .\CortexM3\ARM_GCC_473\Debug\cyPm.o .\CortexM3\ARM_GCC_473\Debug\CySpc.o .\CortexM3\ARM_GCC_473\Debug\cyutils.o .\CortexM3\ARM_GCC_473\Debug\emFile_1_ConfigMMC_SPI.o .\CortexM3\ARM_GCC_473\Debug\emFile_1_MMC_HW_SPI.o .\CortexM3\ARM_GCC_473\Debug\emFile_1_PM.o .\CortexM3\ARM_GCC_473\Debug\emFile_1_SPI0.o .\CortexM3\ARM_GCC_473\Debug\emFile_1_SPI0_PM.o .\CortexM3\ARM_GCC_473\Debug\emFile_1_SPI0_INT.o .\CortexM3\ARM_GCC_473\Debug\emFile_1_mosi0.o .\CortexM3\ARM_GCC_473\Debug\emFile_1_Clock_1.o .\CortexM3\ARM_GCC_473\Debug\emFile_1_miso0.o .\CortexM3\ARM_GCC_473\Debug\emFile_1_sclk0.o .\CortexM3\ARM_GCC_473\Debug\emFile_1_SPI0_CS.o .\CortexM3\ARM_GCC_473\Debug\GPS.o .\CortexM3\ARM_GCC_473\Debug\GPS_PM.o .\CortexM3\ARM_GCC_473\Debug\GPS_INT.o .\CortexM3\ARM_GCC_473\Debug\GPS_BOOT.o .\CortexM3\ARM_GCC_473\Debug\GPS_RX.o .\CortexM3\ARM_GCC_473\Debug\GPS_IntClock.o .\CortexM3\ARM_GCC_473\Debug\PSOC4.o .\CortexM3\ARM_GCC_473\Debug\PSOC4_PM.o .\CortexM3\ARM_GCC_473\Debug\PSOC4_INT.o .\CortexM3\ARM_GCC_473\Debug\PSOC4_BOOT.o .\CortexM3\ARM_GCC_473\Debug\PSOC4_IntClock.o
arm-none-eabi-ar.exe: creating .\CortexM3\ARM_GCC_473\Debug\Bootloading_PSoC5_LP.a
arm-none-eabi-gcc.exe -mthumb -march=armv7-m -mfix-cortex-m3-ldrd -T .\Generated_Source\PSoC5\cm3gcc.ld -L ..\emFile_V322b\LinkLibrary\PSoC5\GCC -g -Wl,-Map,.\CortexM3\ARM_GCC_473\Debug\Bootloading_PSoC5_LP.map -specs=nano.specs -Wl,--gc-sections -Wl,--start-group -o .\CortexM3\ARM_GCC_473\Debug\Bootloading_PSoC5_LP.elf .\CortexM3\ARM_GCC_473\Debug\main.o .\CortexM3\ARM_GCC_473\Debug\FS_ConfigIO.o .\CortexM3\ARM_GCC_473\Debug\FS_X_OS.o .\CortexM3\ARM_GCC_473\Debug\Cm3Start.o .\CortexM3\ARM_GCC_473\Debug\cybootloader.o .\CortexM3\ARM_GCC_473\Debug\cymetadata.o .\CortexM3\ARM_GCC_473\Debug\Bootloading_PSoC5_LP.a "C:\Program Files (x86)\Cypress\PSoC Creator\3.0\PSoC Creator\psoc\content\cycomponentlibrary\CyComponentLibrary.cylib\CortexM3\ARM_GCC_473\Debug\CyComponentLibrary.a" -l emf32nosnlfn -Wl,--end-group
cyelftool.exe -B C:\Projects\PSoC\Bootloading_PSoC5_LP\Bootloading_PSoC5_LP.cydsn\CortexM3\ARM_GCC_473\Debug\Bootloading_PSoC5_LP.elf --flash_row_size 256 --flash_size 262144 --flash_array_size 65536 --ee_array 64 --ee_row_size 16
cyelftool.exe -S C:\Projects\PSoC\Bootloading_PSoC5_LP\Bootloading_PSoC5_LP.cydsn\CortexM3\ARM_GCC_473\Debug\Bootloading_PSoC5_LP.elf
Flash used: 27264 of 262144 bytes (10.4 %).
SRAM used: 25165 of 65536 bytes (38.4 %).
--------------- Rebuild Succeeded: 11/26/2013 03:48:39 ---------------
