--------------- Clean Started: 11/21/2013 21:03:18 Project: Bootloading_PSoC5_LP, Configuration: ARM GCC 4.7.3 Debug ---------------
Deleting file ".\CortexM3\ARM_GCC_473\Debug\main.o"
Deleting file ".\CortexM3\ARM_GCC_473\Debug\FS_ConfigIO.o"
Deleting file ".\CortexM3\ARM_GCC_473\Debug\FS_X_OS.o"
Deleting file ".\CortexM3\ARM_GCC_473\Debug\cyfitter_cfg.o"
Deleting file ".\CortexM3\ARM_GCC_473\Debug\Bootloadable_1.o"
Deleting file ".\CortexM3\ARM_GCC_473\Debug\PWM_1.o"
Deleting file ".\CortexM3\ARM_GCC_473\Debug\PWM_1_PM.o"
Deleting file ".\CortexM3\ARM_GCC_473\Debug\Clock_1.o"
Deleting file ".\CortexM3\ARM_GCC_473\Debug\STATUS_LED.o"
Deleting file ".\CortexM3\ARM_GCC_473\Debug\Cm3Start.o"
Deleting file ".\CortexM3\ARM_GCC_473\Debug\CyBootAsmGnu.o"
Deleting file ".\CortexM3\ARM_GCC_473\Debug\CyDmac.o"
Deleting file ".\CortexM3\ARM_GCC_473\Debug\CyFlash.o"
Deleting file ".\CortexM3\ARM_GCC_473\Debug\CyLib.o"
Deleting file ".\CortexM3\ARM_GCC_473\Debug\cyPm.o"
Deleting file ".\CortexM3\ARM_GCC_473\Debug\CySpc.o"
Deleting file ".\CortexM3\ARM_GCC_473\Debug\cyutils.o"
Deleting file ".\CortexM3\ARM_GCC_473\Debug\cybootloader.o"
Deleting file ".\CortexM3\ARM_GCC_473\Debug\cymetadata.o"
Deleting file ".\CortexM3\ARM_GCC_473\Debug\emFile_1_ConfigMMC_SPI.o"
Deleting file ".\CortexM3\ARM_GCC_473\Debug\emFile_1_MMC_HW_SPI.o"
Deleting file ".\CortexM3\ARM_GCC_473\Debug\emFile_1_PM.o"
Deleting file ".\CortexM3\ARM_GCC_473\Debug\emFile_1_SPI0.o"
Deleting file ".\CortexM3\ARM_GCC_473\Debug\emFile_1_SPI0_PM.o"
Deleting file ".\CortexM3\ARM_GCC_473\Debug\emFile_1_SPI0_INT.o"
Deleting file ".\CortexM3\ARM_GCC_473\Debug\emFile_1_mosi0.o"
Deleting file ".\CortexM3\ARM_GCC_473\Debug\emFile_1_Clock_1.o"
Deleting file ".\CortexM3\ARM_GCC_473\Debug\emFile_1_miso0.o"
Deleting file ".\CortexM3\ARM_GCC_473\Debug\emFile_1_sclk0.o"
Deleting file ".\CortexM3\ARM_GCC_473\Debug\emFile_1_SPI0_CS.o"
Deleting file ".\CortexM3\ARM_GCC_473\Debug\Bootloading_PSoC5_LP.map"
Deleting file ".\Bootloading_PSoC5_LP.cycdx"
Deleting file ".\Bootloading_PSoC5_LP.svd"
Deleting file ".\Bootloading_PSoC5_LP.rpt"
Deleting file ".\Bootloading_PSoC5_LP_timing.html"
Deleting file ".\CortexM3\ARM_GCC_473\Debug\.deps\C_FILE.P"
Deleting file ".\CortexM3\ARM_GCC_473\Debug\.deps\ARM_C_FILE.P"
Deleting file ".\CortexM3\ARM_GCC_473\Debug\.deps\GNU_ARM_ASM_FILE.P"
--------------- Clean Succeeded: 11/21/2013 21:03:19 ---------------
