ARM GAS  C:\Users\javier\AppData\Local\Temp\cciGBcYl.s 			page 1


   1              		.syntax unified
   2              		.cpu cortex-m3
   3              		.fpu softvfp
   4              		.eabi_attribute 20, 1
   5              		.eabi_attribute 21, 1
   6              		.eabi_attribute 23, 3
   7              		.eabi_attribute 24, 1
   8              		.eabi_attribute 25, 1
   9              		.eabi_attribute 26, 1
  10              		.eabi_attribute 30, 6
  11              		.eabi_attribute 34, 1
  12              		.eabi_attribute 18, 4
  13              		.thumb
  14              		.file	"cymetadata.c"
  15              		.text
  16              	.Ltext0:
  17              		.cfi_sections	.debug_frame
  18              		.global	cy_meta_loadable
  19              		.section	.cyloadablemeta,"a",%progbits
  20              		.align	2
  21              		.type	cy_meta_loadable, %object
  22              		.size	cy_meta_loadable, 64
  23              	cy_meta_loadable:
  24 0000 00000000 		.space	64
  24      00000000 
  24      00000000 
  24      00000000 
  24      00000000 
  25              		.global	cy_meta_configecc
  26              		.section	.cyconfigecc,"a",%progbits
  27              		.align	2
  28              		.type	cy_meta_configecc, %object
  29              		.size	cy_meta_configecc, 2096
  30              	cy_meta_configecc:
  31 0000 04       		.byte	4
  32 0001 52       		.byte	82
  33 0002 00       		.byte	0
  34 0003 40       		.byte	64
  35 0004 04       		.byte	4
  36 0005 64       		.byte	100
  37 0006 00       		.byte	0
  38 0007 40       		.byte	64
  39 0008 03       		.byte	3
  40 0009 65       		.byte	101
  41 000a 00       		.byte	0
  42 000b 40       		.byte	64
  43 000c 4C       		.byte	76
  44 000d 00       		.byte	0
  45 000e 01       		.byte	1
  46 000f 40       		.byte	64
  47 0010 30       		.byte	48
  48 0011 01       		.byte	1
  49 0012 01       		.byte	1
  50 0013 40       		.byte	64
  51 0014 67       		.byte	103
  52 0015 02       		.byte	2
  53 0016 01       		.byte	1
ARM GAS  C:\Users\javier\AppData\Local\Temp\cciGBcYl.s 			page 2


  54 0017 40       		.byte	64
  55 0018 3F       		.byte	63
  56 0019 03       		.byte	3
  57 001a 01       		.byte	1
  58 001b 40       		.byte	64
  59 001c 5A       		.byte	90
  60 001d 04       		.byte	4
  61 001e 01       		.byte	1
  62 001f 40       		.byte	64
  63 0020 40       		.byte	64
  64 0021 05       		.byte	5
  65 0022 01       		.byte	1
  66 0023 40       		.byte	64
  67 0024 65       		.byte	101
  68 0025 06       		.byte	6
  69 0026 01       		.byte	1
  70 0027 40       		.byte	64
  71 0028 3F       		.byte	63
  72 0029 07       		.byte	7
  73 002a 01       		.byte	1
  74 002b 40       		.byte	64
  75 002c 57       		.byte	87
  76 002d 14       		.byte	20
  77 002e 01       		.byte	1
  78 002f 40       		.byte	64
  79 0030 43       		.byte	67
  80 0031 15       		.byte	21
  81 0032 01       		.byte	1
  82 0033 40       		.byte	64
  83 0034 54       		.byte	84
  84 0035 16       		.byte	22
  85 0036 01       		.byte	1
  86 0037 40       		.byte	64
  87 0038 4E       		.byte	78
  88 0039 17       		.byte	23
  89 003a 01       		.byte	1
  90 003b 40       		.byte	64
  91 003c 03       		.byte	3
  92 003d 40       		.byte	64
  93 003e 01       		.byte	1
  94 003f 40       		.byte	64
  95 0040 06       		.byte	6
  96 0041 41       		.byte	65
  97 0042 01       		.byte	1
  98 0043 40       		.byte	64
  99 0044 09       		.byte	9
 100 0045 42       		.byte	66
 101 0046 01       		.byte	1
 102 0047 40       		.byte	64
 103 0048 07       		.byte	7
 104 0049 43       		.byte	67
 105 004a 01       		.byte	1
 106 004b 40       		.byte	64
 107 004c 03       		.byte	3
 108 004d 48       		.byte	72
 109 004e 01       		.byte	1
 110 004f 40       		.byte	64
ARM GAS  C:\Users\javier\AppData\Local\Temp\cciGBcYl.s 			page 3


 111 0050 0C       		.byte	12
 112 0051 49       		.byte	73
 113 0052 01       		.byte	1
 114 0053 40       		.byte	64
 115 0054 05       		.byte	5
 116 0055 50       		.byte	80
 117 0056 01       		.byte	1
 118 0057 40       		.byte	64
 119 0058 01       		.byte	1
 120 0059 51       		.byte	81
 121 005a 01       		.byte	1
 122 005b 40       		.byte	64
 123 005c 00       		.byte	0
 124 005d 01       		.byte	1
 125 005e 18       		.byte	24
 126 005f 02       		.byte	2
 127 0060 19       		.byte	25
 128 0061 22       		.byte	34
 129 0062 1C       		.byte	28
 130 0063 40       		.byte	64
 131 0064 80       		.byte	-128
 132 0065 0F       		.byte	15
 133 0066 84       		.byte	-124
 134 0067 38       		.byte	56
 135 0068 85       		.byte	-123
 136 0069 2D       		.byte	45
 137 006a 86       		.byte	-122
 138 006b 38       		.byte	56
 139 006c 84       		.byte	-124
 140 006d 72       		.byte	114
 141 006e 86       		.byte	-122
 142 006f 72       		.byte	114
 143 0070 87       		.byte	-121
 144 0071 0F       		.byte	15
 145 0072 02       		.byte	2
 146 0073 9F       		.byte	-97
 147 0074 06       		.byte	6
 148 0075 FF       		.byte	-1
 149 0076 08       		.byte	8
 150 0077 1F       		.byte	31
 151 0078 0A       		.byte	10
 152 0079 20       		.byte	32
 153 007a 0C       		.byte	12
 154 007b C0       		.byte	-64
 155 007c 0E       		.byte	14
 156 007d 02       		.byte	2
 157 007e 10       		.byte	16
 158 007f 80       		.byte	-128
 159 0080 14       		.byte	20
 160 0081 7F       		.byte	127
 161 0082 16       		.byte	22
 162 0083 80       		.byte	-128
 163 0084 18       		.byte	24
 164 0085 C0       		.byte	-64
 165 0086 19       		.byte	25
 166 0087 01       		.byte	1
 167 0088 1A       		.byte	26
ARM GAS  C:\Users\javier\AppData\Local\Temp\cciGBcYl.s 			page 4


 168 0089 04       		.byte	4
 169 008a 1C       		.byte	28
 170 008b C0       		.byte	-64
 171 008c 1E       		.byte	30
 172 008d 01       		.byte	1
 173 008e 22       		.byte	34
 174 008f 60       		.byte	96
 175 0090 25       		.byte	37
 176 0091 01       		.byte	1
 177 0092 28       		.byte	40
 178 0093 C0       		.byte	-64
 179 0094 2A       		.byte	42
 180 0095 08       		.byte	8
 181 0096 2C       		.byte	44
 182 0097 90       		.byte	-112
 183 0098 2E       		.byte	46
 184 0099 40       		.byte	64
 185 009a 32       		.byte	50
 186 009b FF       		.byte	-1
 187 009c 37       		.byte	55
 188 009d 01       		.byte	1
 189 009e 39       		.byte	57
 190 009f 80       		.byte	-128
 191 00a0 3E       		.byte	62
 192 00a1 04       		.byte	4
 193 00a2 56       		.byte	86
 194 00a3 02       		.byte	2
 195 00a4 57       		.byte	87
 196 00a5 28       		.byte	40
 197 00a6 58       		.byte	88
 198 00a7 04       		.byte	4
 199 00a8 59       		.byte	89
 200 00a9 04       		.byte	4
 201 00aa 5B       		.byte	91
 202 00ab 04       		.byte	4
 203 00ac 5F       		.byte	95
 204 00ad 01       		.byte	1
 205 00ae 80       		.byte	-128
 206 00af C1       		.byte	-63
 207 00b0 81       		.byte	-127
 208 00b1 2C       		.byte	44
 209 00b2 84       		.byte	-124
 210 00b3 C1       		.byte	-63
 211 00b4 85       		.byte	-123
 212 00b5 11       		.byte	17
 213 00b6 87       		.byte	-121
 214 00b7 8E       		.byte	-114
 215 00b8 88       		.byte	-120
 216 00b9 08       		.byte	8
 217 00ba 8A       		.byte	-118
 218 00bb 21       		.byte	33
 219 00bc 8C       		.byte	-116
 220 00bd 01       		.byte	1
 221 00be 8D       		.byte	-115
 222 00bf 2C       		.byte	44
 223 00c0 91       		.byte	-111
 224 00c1 2C       		.byte	44
ARM GAS  C:\Users\javier\AppData\Local\Temp\cciGBcYl.s 			page 5


 225 00c2 92       		.byte	-110
 226 00c3 80       		.byte	-128
 227 00c4 94       		.byte	-108
 228 00c5 10       		.byte	16
 229 00c6 95       		.byte	-107
 230 00c7 40       		.byte	64
 231 00c8 97       		.byte	-105
 232 00c9 2F       		.byte	47
 233 00ca 98       		.byte	-104
 234 00cb 22       		.byte	34
 235 00cc 99       		.byte	-103
 236 00cd 31       		.byte	49
 237 00ce 9A       		.byte	-102
 238 00cf 08       		.byte	8
 239 00d0 9B       		.byte	-101
 240 00d1 42       		.byte	66
 241 00d2 9C       		.byte	-100
 242 00d3 C1       		.byte	-63
 243 00d4 9D       		.byte	-99
 244 00d5 C0       		.byte	-64
 245 00d6 A0       		.byte	-96
 246 00d7 01       		.byte	1
 247 00d8 A1       		.byte	-95
 248 00d9 24       		.byte	36
 249 00da A2       		.byte	-94
 250 00db C0       		.byte	-64
 251 00dc A4       		.byte	-92
 252 00dd 07       		.byte	7
 253 00de A5       		.byte	-91
 254 00df 24       		.byte	36
 255 00e0 A6       		.byte	-90
 256 00e1 18       		.byte	24
 257 00e2 A7       		.byte	-89
 258 00e3 08       		.byte	8
 259 00e4 A8       		.byte	-88
 260 00e5 C0       		.byte	-64
 261 00e6 AB       		.byte	-85
 262 00e7 2C       		.byte	44
 263 00e8 AC       		.byte	-84
 264 00e9 04       		.byte	4
 265 00ea AD       		.byte	-83
 266 00eb 08       		.byte	8
 267 00ec AF       		.byte	-81
 268 00ed 10       		.byte	16
 269 00ee B0       		.byte	-80
 270 00ef 08       		.byte	8
 271 00f0 B2       		.byte	-78
 272 00f1 80       		.byte	-128
 273 00f2 B3       		.byte	-77
 274 00f3 31       		.byte	49
 275 00f4 B4       		.byte	-76
 276 00f5 3F       		.byte	63
 277 00f6 B5       		.byte	-75
 278 00f7 0F       		.byte	15
 279 00f8 B6       		.byte	-74
 280 00f9 40       		.byte	64
 281 00fa B7       		.byte	-73
ARM GAS  C:\Users\javier\AppData\Local\Temp\cciGBcYl.s 			page 6


 282 00fb C1       		.byte	-63
 283 00fc B8       		.byte	-72
 284 00fd 20       		.byte	32
 285 00fe B9       		.byte	-71
 286 00ff 80       		.byte	-128
 287 0100 BB       		.byte	-69
 288 0101 0C       		.byte	12
 289 0102 BE       		.byte	-66
 290 0103 55       		.byte	85
 291 0104 D8       		.byte	-40
 292 0105 04       		.byte	4
 293 0106 D9       		.byte	-39
 294 0107 04       		.byte	4
 295 0108 DF       		.byte	-33
 296 0109 01       		.byte	1
 297 010a 00       		.byte	0
 298 010b 84       		.byte	-124
 299 010c 01       		.byte	1
 300 010d 02       		.byte	2
 301 010e 03       		.byte	3
 302 010f 04       		.byte	4
 303 0110 05       		.byte	5
 304 0111 50       		.byte	80
 305 0112 07       		.byte	7
 306 0113 60       		.byte	96
 307 0114 09       		.byte	9
 308 0115 04       		.byte	4
 309 0116 0A       		.byte	10
 310 0117 05       		.byte	5
 311 0118 0B       		.byte	11
 312 0119 80       		.byte	-128
 313 011a 0E       		.byte	14
 314 011b 09       		.byte	9
 315 011c 0F       		.byte	15
 316 011d A0       		.byte	-96
 317 011e 10       		.byte	16
 318 011f 0A       		.byte	10
 319 0120 13       		.byte	19
 320 0121 01       		.byte	1
 321 0122 15       		.byte	21
 322 0123 A0       		.byte	-96
 323 0124 17       		.byte	23
 324 0125 05       		.byte	5
 325 0126 19       		.byte	25
 326 0127 08       		.byte	8
 327 0128 1C       		.byte	28
 328 0129 10       		.byte	16
 329 012a 1D       		.byte	29
 330 012b A0       		.byte	-96
 331 012c 1E       		.byte	30
 332 012d 42       		.byte	66
 333 012e 21       		.byte	33
 334 012f 40       		.byte	64
 335 0130 23       		.byte	35
 336 0131 01       		.byte	1
 337 0132 24       		.byte	36
 338 0133 20       		.byte	32
ARM GAS  C:\Users\javier\AppData\Local\Temp\cciGBcYl.s 			page 7


 339 0134 25       		.byte	37
 340 0135 04       		.byte	4
 341 0136 26       		.byte	38
 342 0137 9C       		.byte	-100
 343 0138 27       		.byte	39
 344 0139 04       		.byte	4
 345 013a 29       		.byte	41
 346 013b 08       		.byte	8
 347 013c 2C       		.byte	44
 348 013d 08       		.byte	8
 349 013e 2E       		.byte	46
 350 013f 04       		.byte	4
 351 0140 2F       		.byte	47
 352 0141 42       		.byte	66
 353 0142 31       		.byte	49
 354 0143 20       		.byte	32
 355 0144 35       		.byte	53
 356 0145 80       		.byte	-128
 357 0146 36       		.byte	54
 358 0147 98       		.byte	-104
 359 0148 37       		.byte	55
 360 0149 01       		.byte	1
 361 014a 3C       		.byte	60
 362 014b 84       		.byte	-124
 363 014c 3E       		.byte	62
 364 014d 02       		.byte	2
 365 014e 61       		.byte	97
 366 014f 08       		.byte	8
 367 0150 68       		.byte	104
 368 0151 4A       		.byte	74
 369 0152 69       		.byte	105
 370 0153 24       		.byte	36
 371 0154 6A       		.byte	106
 372 0155 24       		.byte	36
 373 0156 6B       		.byte	107
 374 0157 61       		.byte	97
 375 0158 72       		.byte	114
 376 0159 03       		.byte	3
 377 015a 73       		.byte	115
 378 015b 02       		.byte	2
 379 015c C0       		.byte	-64
 380 015d FF       		.byte	-1
 381 015e C2       		.byte	-62
 382 015f FF       		.byte	-1
 383 0160 C4       		.byte	-60
 384 0161 FB       		.byte	-5
 385 0162 CA       		.byte	-54
 386 0163 F2       		.byte	-14
 387 0164 CC       		.byte	-52
 388 0165 F4       		.byte	-12
 389 0166 CE       		.byte	-50
 390 0167 D0       		.byte	-48
 391 0168 D8       		.byte	-40
 392 0169 02       		.byte	2
 393 016a 00       		.byte	0
 394 016b 26       		.byte	38
 395 016c 04       		.byte	4
ARM GAS  C:\Users\javier\AppData\Local\Temp\cciGBcYl.s 			page 8


 396 016d 49       		.byte	73
 397 016e 06       		.byte	6
 398 016f 26       		.byte	38
 399 0170 08       		.byte	8
 400 0171 61       		.byte	97
 401 0172 0A       		.byte	10
 402 0173 0E       		.byte	14
 403 0174 0C       		.byte	12
 404 0175 42       		.byte	66
 405 0176 0E       		.byte	14
 406 0177 20       		.byte	32
 407 0178 10       		.byte	16
 408 0179 06       		.byte	6
 409 017a 12       		.byte	18
 410 017b 20       		.byte	32
 411 017c 14       		.byte	20
 412 017d 20       		.byte	32
 413 017e 16       		.byte	22
 414 017f 06       		.byte	6
 415 0180 18       		.byte	24
 416 0181 10       		.byte	16
 417 0182 1C       		.byte	28
 418 0183 04       		.byte	4
 419 0184 20       		.byte	32
 420 0185 26       		.byte	38
 421 0186 24       		.byte	36
 422 0187 27       		.byte	39
 423 0188 26       		.byte	38
 424 0189 48       		.byte	72
 425 018a 28       		.byte	40
 426 018b 22       		.byte	34
 427 018c 2A       		.byte	42
 428 018d 04       		.byte	4
 429 018e 30       		.byte	48
 430 018f 01       		.byte	1
 431 0190 32       		.byte	50
 432 0191 10       		.byte	16
 433 0192 34       		.byte	52
 434 0193 0F       		.byte	15
 435 0194 36       		.byte	54
 436 0195 60       		.byte	96
 437 0196 38       		.byte	56
 438 0197 20       		.byte	32
 439 0198 39       		.byte	57
 440 0199 08       		.byte	8
 441 019a 3A       		.byte	58
 442 019b 80       		.byte	-128
 443 019c 3E       		.byte	62
 444 019d 05       		.byte	5
 445 019e 40       		.byte	64
 446 019f 26       		.byte	38
 447 01a0 41       		.byte	65
 448 01a1 03       		.byte	3
 449 01a2 42       		.byte	66
 450 01a3 10       		.byte	16
 451 01a4 44       		.byte	68
 452 01a5 05       		.byte	5
ARM GAS  C:\Users\javier\AppData\Local\Temp\cciGBcYl.s 			page 9


 453 01a6 45       		.byte	69
 454 01a7 BE       		.byte	-66
 455 01a8 46       		.byte	70
 456 01a9 BD       		.byte	-67
 457 01aa 47       		.byte	71
 458 01ab CF       		.byte	-49
 459 01ac 48       		.byte	72
 460 01ad 3F       		.byte	63
 461 01ae 49       		.byte	73
 462 01af FF       		.byte	-1
 463 01b0 4A       		.byte	74
 464 01b1 FF       		.byte	-1
 465 01b2 4B       		.byte	75
 466 01b3 FF       		.byte	-1
 467 01b4 4C       		.byte	76
 468 01b5 22       		.byte	34
 469 01b6 4E       		.byte	78
 470 01b7 F0       		.byte	-16
 471 01b8 4F       		.byte	79
 472 01b9 08       		.byte	8
 473 01ba 50       		.byte	80
 474 01bb 04       		.byte	4
 475 01bc 54       		.byte	84
 476 01bd 09       		.byte	9
 477 01be 58       		.byte	88
 478 01bf 04       		.byte	4
 479 01c0 59       		.byte	89
 480 01c1 04       		.byte	4
 481 01c2 5A       		.byte	90
 482 01c3 04       		.byte	4
 483 01c4 5B       		.byte	91
 484 01c5 04       		.byte	4
 485 01c6 5C       		.byte	92
 486 01c7 10       		.byte	16
 487 01c8 5F       		.byte	95
 488 01c9 01       		.byte	1
 489 01ca 62       		.byte	98
 490 01cb C0       		.byte	-64
 491 01cc 64       		.byte	100
 492 01cd 40       		.byte	64
 493 01ce 65       		.byte	101
 494 01cf 01       		.byte	1
 495 01d0 66       		.byte	102
 496 01d1 10       		.byte	16
 497 01d2 67       		.byte	103
 498 01d3 11       		.byte	17
 499 01d4 68       		.byte	104
 500 01d5 C0       		.byte	-64
 501 01d6 69       		.byte	105
 502 01d7 01       		.byte	1
 503 01d8 6B       		.byte	107
 504 01d9 11       		.byte	17
 505 01da 6C       		.byte	108
 506 01db 40       		.byte	64
 507 01dc 6D       		.byte	109
 508 01dd 01       		.byte	1
 509 01de 6E       		.byte	110
ARM GAS  C:\Users\javier\AppData\Local\Temp\cciGBcYl.s 			page 10


 510 01df 40       		.byte	64
 511 01e0 6F       		.byte	111
 512 01e1 01       		.byte	1
 513 01e2 81       		.byte	-127
 514 01e3 32       		.byte	50
 515 01e4 83       		.byte	-125
 516 01e5 44       		.byte	68
 517 01e6 85       		.byte	-123
 518 01e7 0D       		.byte	13
 519 01e8 89       		.byte	-119
 520 01e9 52       		.byte	82
 521 01ea 8B       		.byte	-117
 522 01eb 28       		.byte	40
 523 01ec 8D       		.byte	-115
 524 01ed 02       		.byte	2
 525 01ee 8F       		.byte	-113
 526 01ef 0D       		.byte	13
 527 01f0 91       		.byte	-111
 528 01f1 0D       		.byte	13
 529 01f2 95       		.byte	-107
 530 01f3 40       		.byte	64
 531 01f4 97       		.byte	-105
 532 01f5 30       		.byte	48
 533 01f6 99       		.byte	-103
 534 01f7 0D       		.byte	13
 535 01f8 9D       		.byte	-99
 536 01f9 0D       		.byte	13
 537 01fa A1       		.byte	-95
 538 01fb 0D       		.byte	13
 539 01fc A5       		.byte	-91
 540 01fd 11       		.byte	17
 541 01fe A7       		.byte	-89
 542 01ff 62       		.byte	98
 543 0200 A9       		.byte	-87
 544 0201 80       		.byte	-128
 545 0202 B1       		.byte	-79
 546 0203 0F       		.byte	15
 547 0204 B3       		.byte	-77
 548 0205 70       		.byte	112
 549 0206 B7       		.byte	-73
 550 0207 80       		.byte	-128
 551 0208 BB       		.byte	-69
 552 0209 0A       		.byte	10
 553 020a BF       		.byte	-65
 554 020b 40       		.byte	64
 555 020c C0       		.byte	-64
 556 020d 02       		.byte	2
 557 020e C5       		.byte	-59
 558 020f 05       		.byte	5
 559 0210 C6       		.byte	-58
 560 0211 10       		.byte	16
 561 0212 C8       		.byte	-56
 562 0213 09       		.byte	9
 563 0214 C9       		.byte	-55
 564 0215 FF       		.byte	-1
 565 0216 CA       		.byte	-54
 566 0217 07       		.byte	7
ARM GAS  C:\Users\javier\AppData\Local\Temp\cciGBcYl.s 			page 11


 567 0218 CB       		.byte	-53
 568 0219 FF       		.byte	-1
 569 021a CC       		.byte	-52
 570 021b 40       		.byte	64
 571 021c CD       		.byte	-51
 572 021d 20       		.byte	32
 573 021e CE       		.byte	-50
 574 021f F0       		.byte	-16
 575 0220 CF       		.byte	-49
 576 0221 05       		.byte	5
 577 0222 D0       		.byte	-48
 578 0223 08       		.byte	8
 579 0224 D4       		.byte	-44
 580 0225 40       		.byte	64
 581 0226 D9       		.byte	-39
 582 0227 04       		.byte	4
 583 0228 DA       		.byte	-38
 584 0229 04       		.byte	4
 585 022a DB       		.byte	-37
 586 022b 04       		.byte	4
 587 022c DD       		.byte	-35
 588 022d 03       		.byte	3
 589 022e DF       		.byte	-33
 590 022f 01       		.byte	1
 591 0230 E0       		.byte	-32
 592 0231 40       		.byte	64
 593 0232 E1       		.byte	-31
 594 0233 A8       		.byte	-88
 595 0234 E2       		.byte	-30
 596 0235 40       		.byte	64
 597 0236 E3       		.byte	-29
 598 0237 20       		.byte	32
 599 0238 04       		.byte	4
 600 0239 24       		.byte	36
 601 023a 05       		.byte	5
 602 023b 40       		.byte	64
 603 023c 07       		.byte	7
 604 023d 40       		.byte	64
 605 023e 0C       		.byte	12
 606 023f 0A       		.byte	10
 607 0240 0E       		.byte	14
 608 0241 08       		.byte	8
 609 0242 0F       		.byte	15
 610 0243 02       		.byte	2
 611 0244 17       		.byte	23
 612 0245 26       		.byte	38
 613 0246 1C       		.byte	28
 614 0247 04       		.byte	4
 615 0248 1D       		.byte	29
 616 0249 70       		.byte	112
 617 024a 1F       		.byte	31
 618 024b 45       		.byte	69
 619 024c 21       		.byte	33
 620 024d 48       		.byte	72
 621 024e 23       		.byte	35
 622 024f 40       		.byte	64
 623 0250 26       		.byte	38
ARM GAS  C:\Users\javier\AppData\Local\Temp\cciGBcYl.s 			page 12


 624 0251 04       		.byte	4
 625 0252 28       		.byte	40
 626 0253 10       		.byte	16
 627 0254 2A       		.byte	42
 628 0255 12       		.byte	18
 629 0256 31       		.byte	49
 630 0257 08       		.byte	8
 631 0258 32       		.byte	50
 632 0259 10       		.byte	16
 633 025a 33       		.byte	51
 634 025b 41       		.byte	65
 635 025c 38       		.byte	56
 636 025d 20       		.byte	32
 637 025e 39       		.byte	57
 638 025f 05       		.byte	5
 639 0260 3B       		.byte	59
 640 0261 40       		.byte	64
 641 0262 42       		.byte	66
 642 0263 04       		.byte	4
 643 0264 44       		.byte	68
 644 0265 10       		.byte	16
 645 0266 45       		.byte	69
 646 0267 A0       		.byte	-96
 647 0268 47       		.byte	71
 648 0269 04       		.byte	4
 649 026a 49       		.byte	73
 650 026b 04       		.byte	4
 651 026c 4D       		.byte	77
 652 026d 0A       		.byte	10
 653 026e 4E       		.byte	78
 654 026f 0A       		.byte	10
 655 0270 52       		.byte	82
 656 0271 10       		.byte	16
 657 0272 56       		.byte	86
 658 0273 40       		.byte	64
 659 0274 57       		.byte	87
 660 0275 57       		.byte	87
 661 0276 5D       		.byte	93
 662 0277 08       		.byte	8
 663 0278 5E       		.byte	94
 664 0279 42       		.byte	66
 665 027a 5F       		.byte	95
 666 027b 10       		.byte	16
 667 027c 60       		.byte	96
 668 027d 10       		.byte	16
 669 027e 62       		.byte	98
 670 027f 40       		.byte	64
 671 0280 63       		.byte	99
 672 0281 08       		.byte	8
 673 0282 67       		.byte	103
 674 0283 02       		.byte	2
 675 0284 89       		.byte	-119
 676 0285 21       		.byte	33
 677 0286 90       		.byte	-112
 678 0287 30       		.byte	48
 679 0288 91       		.byte	-111
 680 0289 04       		.byte	4
ARM GAS  C:\Users\javier\AppData\Local\Temp\cciGBcYl.s 			page 13


 681 028a 92       		.byte	-110
 682 028b 60       		.byte	96
 683 028c 94       		.byte	-108
 684 028d 04       		.byte	4
 685 028e 97       		.byte	-105
 686 028f 80       		.byte	-128
 687 0290 99       		.byte	-103
 688 0291 80       		.byte	-128
 689 0292 9A       		.byte	-102
 690 0293 02       		.byte	2
 691 0294 9B       		.byte	-101
 692 0295 67       		.byte	103
 693 0296 9D       		.byte	-99
 694 0297 52       		.byte	82
 695 0298 A0       		.byte	-96
 696 0299 0A       		.byte	10
 697 029a A1       		.byte	-95
 698 029b 80       		.byte	-128
 699 029c A2       		.byte	-94
 700 029d 19       		.byte	25
 701 029e A5       		.byte	-91
 702 029f 08       		.byte	8
 703 02a0 A7       		.byte	-89
 704 02a1 52       		.byte	82
 705 02a2 C0       		.byte	-64
 706 02a3 F0       		.byte	-16
 707 02a4 C2       		.byte	-62
 708 02a5 F0       		.byte	-16
 709 02a6 C4       		.byte	-60
 710 02a7 70       		.byte	112
 711 02a8 CA       		.byte	-54
 712 02a9 07       		.byte	7
 713 02aa CC       		.byte	-52
 714 02ab 0F       		.byte	15
 715 02ac CE       		.byte	-50
 716 02ad 0F       		.byte	15
 717 02ae D0       		.byte	-48
 718 02af 74       		.byte	116
 719 02b0 D2       		.byte	-46
 720 02b1 30       		.byte	48
 721 02b2 D6       		.byte	-42
 722 02b3 F0       		.byte	-16
 723 02b4 D8       		.byte	-40
 724 02b5 1E       		.byte	30
 725 02b6 00       		.byte	0
 726 02b7 B3       		.byte	-77
 727 02b8 01       		.byte	1
 728 02b9 38       		.byte	56
 729 02ba 02       		.byte	2
 730 02bb 44       		.byte	68
 731 02bc 03       		.byte	3
 732 02bd 43       		.byte	67
 733 02be 05       		.byte	5
 734 02bf 38       		.byte	56
 735 02c0 07       		.byte	7
 736 02c1 45       		.byte	69
 737 02c2 0A       		.byte	10
ARM GAS  C:\Users\javier\AppData\Local\Temp\cciGBcYl.s 			page 14


 738 02c3 0C       		.byte	12
 739 02c4 0B       		.byte	11
 740 02c5 6F       		.byte	111
 741 02c6 0C       		.byte	12
 742 02c7 71       		.byte	113
 743 02c8 0D       		.byte	13
 744 02c9 16       		.byte	22
 745 02ca 0E       		.byte	14
 746 02cb 88       		.byte	-120
 747 02cc 0F       		.byte	15
 748 02cd 08       		.byte	8
 749 02ce 15       		.byte	21
 750 02cf 30       		.byte	48
 751 02d0 16       		.byte	22
 752 02d1 40       		.byte	64
 753 02d2 17       		.byte	23
 754 02d3 40       		.byte	64
 755 02d4 18       		.byte	24
 756 02d5 C3       		.byte	-61
 757 02d6 1A       		.byte	26
 758 02d7 30       		.byte	48
 759 02d8 20       		.byte	32
 760 02d9 50       		.byte	80
 761 02da 24       		.byte	36
 762 02db 24       		.byte	36
 763 02dc 25       		.byte	37
 764 02dd 02       		.byte	2
 765 02de 26       		.byte	38
 766 02df C2       		.byte	-62
 767 02e0 29       		.byte	41
 768 02e1 80       		.byte	-128
 769 02e2 2A       		.byte	42
 770 02e3 80       		.byte	-128
 771 02e4 30       		.byte	48
 772 02e5 80       		.byte	-128
 773 02e6 31       		.byte	49
 774 02e7 0B       		.byte	11
 775 02e8 32       		.byte	50
 776 02e9 7C       		.byte	124
 777 02ea 33       		.byte	51
 778 02eb 74       		.byte	116
 779 02ec 34       		.byte	52
 780 02ed 03       		.byte	3
 781 02ee 35       		.byte	53
 782 02ef 80       		.byte	-128
 783 02f0 37       		.byte	55
 784 02f1 07       		.byte	7
 785 02f2 38       		.byte	56
 786 02f3 20       		.byte	32
 787 02f4 3B       		.byte	59
 788 02f5 8A       		.byte	-118
 789 02f6 3E       		.byte	62
 790 02f7 11       		.byte	17
 791 02f8 54       		.byte	84
 792 02f9 18       		.byte	24
 793 02fa 56       		.byte	86
 794 02fb 04       		.byte	4
ARM GAS  C:\Users\javier\AppData\Local\Temp\cciGBcYl.s 			page 15


 795 02fc 58       		.byte	88
 796 02fd 04       		.byte	4
 797 02fe 59       		.byte	89
 798 02ff 04       		.byte	4
 799 0300 5B       		.byte	91
 800 0301 04       		.byte	4
 801 0302 5C       		.byte	92
 802 0303 33       		.byte	51
 803 0304 5D       		.byte	93
 804 0305 20       		.byte	32
 805 0306 5F       		.byte	95
 806 0307 01       		.byte	1
 807 0308 83       		.byte	-125
 808 0309 01       		.byte	1
 809 030a 85       		.byte	-123
 810 030b 04       		.byte	4
 811 030c 86       		.byte	-122
 812 030d 02       		.byte	2
 813 030e 87       		.byte	-121
 814 030f A3       		.byte	-93
 815 0310 88       		.byte	-120
 816 0311 04       		.byte	4
 817 0312 8B       		.byte	-117
 818 0313 0C       		.byte	12
 819 0314 8C       		.byte	-116
 820 0315 07       		.byte	7
 821 0316 92       		.byte	-110
 822 0317 08       		.byte	8
 823 0318 93       		.byte	-109
 824 0319 20       		.byte	32
 825 031a 94       		.byte	-108
 826 031b 10       		.byte	16
 827 031c 95       		.byte	-107
 828 031d C8       		.byte	-56
 829 031e 97       		.byte	-105
 830 031f 03       		.byte	3
 831 0320 99       		.byte	-103
 832 0321 01       		.byte	1
 833 0322 9A       		.byte	-102
 834 0323 07       		.byte	7
 835 0324 9B       		.byte	-101
 836 0325 62       		.byte	98
 837 0326 A3       		.byte	-93
 838 0327 12       		.byte	18
 839 0328 A8       		.byte	-88
 840 0329 01       		.byte	1
 841 032a B0       		.byte	-80
 842 032b 07       		.byte	7
 843 032c B1       		.byte	-79
 844 032d 10       		.byte	16
 845 032e B2       		.byte	-78
 846 032f 08       		.byte	8
 847 0330 B4       		.byte	-76
 848 0331 10       		.byte	16
 849 0332 B5       		.byte	-75
 850 0333 0F       		.byte	15
 851 0334 B7       		.byte	-73
ARM GAS  C:\Users\javier\AppData\Local\Temp\cciGBcYl.s 			page 16


 852 0335 E0       		.byte	-32
 853 0336 BE       		.byte	-66
 854 0337 11       		.byte	17
 855 0338 C0       		.byte	-64
 856 0339 30       		.byte	48
 857 033a C1       		.byte	-63
 858 033b 06       		.byte	6
 859 033c C9       		.byte	-55
 860 033d FF       		.byte	-1
 861 033e CA       		.byte	-54
 862 033f FF       		.byte	-1
 863 0340 CB       		.byte	-53
 864 0341 FF       		.byte	-1
 865 0342 CD       		.byte	-51
 866 0343 A0       		.byte	-96
 867 0344 CF       		.byte	-49
 868 0345 04       		.byte	4
 869 0346 D0       		.byte	-48
 870 0347 18       		.byte	24
 871 0348 D4       		.byte	-44
 872 0349 25       		.byte	37
 873 034a D8       		.byte	-40
 874 034b 04       		.byte	4
 875 034c D9       		.byte	-39
 876 034d 04       		.byte	4
 877 034e DA       		.byte	-38
 878 034f 04       		.byte	4
 879 0350 DB       		.byte	-37
 880 0351 04       		.byte	4
 881 0352 DC       		.byte	-36
 882 0353 01       		.byte	1
 883 0354 DD       		.byte	-35
 884 0355 11       		.byte	17
 885 0356 DF       		.byte	-33
 886 0357 01       		.byte	1
 887 0358 E0       		.byte	-32
 888 0359 40       		.byte	64
 889 035a E2       		.byte	-30
 890 035b C0       		.byte	-64
 891 035c E4       		.byte	-28
 892 035d 40       		.byte	64
 893 035e E5       		.byte	-27
 894 035f 40       		.byte	64
 895 0360 E6       		.byte	-26
 896 0361 C0       		.byte	-64
 897 0362 E8       		.byte	-24
 898 0363 C0       		.byte	-64
 899 0364 EA       		.byte	-22
 900 0365 C0       		.byte	-64
 901 0366 EC       		.byte	-20
 902 0367 C0       		.byte	-64
 903 0368 EE       		.byte	-18
 904 0369 C0       		.byte	-64
 905 036a 00       		.byte	0
 906 036b 91       		.byte	-111
 907 036c 04       		.byte	4
 908 036d 24       		.byte	36
ARM GAS  C:\Users\javier\AppData\Local\Temp\cciGBcYl.s 			page 17


 909 036e 05       		.byte	5
 910 036f 80       		.byte	-128
 911 0370 08       		.byte	8
 912 0371 04       		.byte	4
 913 0372 0A       		.byte	10
 914 0373 08       		.byte	8
 915 0374 0D       		.byte	13
 916 0375 20       		.byte	32
 917 0376 0E       		.byte	14
 918 0377 50       		.byte	80
 919 0378 10       		.byte	16
 920 0379 88       		.byte	-120
 921 037a 13       		.byte	19
 922 037b 08       		.byte	8
 923 037c 17       		.byte	23
 924 037d 20       		.byte	32
 925 037e 18       		.byte	24
 926 037f 10       		.byte	16
 927 0380 1A       		.byte	26
 928 0381 94       		.byte	-108
 929 0382 1D       		.byte	29
 930 0383 09       		.byte	9
 931 0384 1F       		.byte	31
 932 0385 20       		.byte	32
 933 0386 20       		.byte	32
 934 0387 81       		.byte	-127
 935 0388 21       		.byte	33
 936 0389 14       		.byte	20
 937 038a 22       		.byte	34
 938 038b 04       		.byte	4
 939 038c 23       		.byte	35
 940 038d 48       		.byte	72
 941 038e 25       		.byte	37
 942 038f 31       		.byte	49
 943 0390 27       		.byte	39
 944 0391 01       		.byte	1
 945 0392 29       		.byte	41
 946 0393 04       		.byte	4
 947 0394 2A       		.byte	42
 948 0395 10       		.byte	16
 949 0396 2D       		.byte	45
 950 0397 02       		.byte	2
 951 0398 30       		.byte	48
 952 0399 08       		.byte	8
 953 039a 36       		.byte	54
 954 039b 18       		.byte	24
 955 039c 37       		.byte	55
 956 039d 21       		.byte	33
 957 039e 38       		.byte	56
 958 039f 01       		.byte	1
 959 03a0 39       		.byte	57
 960 03a1 2A       		.byte	42
 961 03a2 3B       		.byte	59
 962 03a3 40       		.byte	64
 963 03a4 3C       		.byte	60
 964 03a5 04       		.byte	4
 965 03a6 3D       		.byte	61
ARM GAS  C:\Users\javier\AppData\Local\Temp\cciGBcYl.s 			page 18


 966 03a7 22       		.byte	34
 967 03a8 45       		.byte	69
 968 03a9 08       		.byte	8
 969 03aa 4F       		.byte	79
 970 03ab 20       		.byte	32
 971 03ac 58       		.byte	88
 972 03ad 04       		.byte	4
 973 03ae 59       		.byte	89
 974 03af 04       		.byte	4
 975 03b0 5B       		.byte	91
 976 03b1 02       		.byte	2
 977 03b2 5D       		.byte	93
 978 03b3 05       		.byte	5
 979 03b4 5E       		.byte	94
 980 03b5 80       		.byte	-128
 981 03b6 60       		.byte	96
 982 03b7 40       		.byte	64
 983 03b8 62       		.byte	98
 984 03b9 A0       		.byte	-96
 985 03ba 67       		.byte	103
 986 03bb 08       		.byte	8
 987 03bc 79       		.byte	121
 988 03bd 04       		.byte	4
 989 03be 7B       		.byte	123
 990 03bf 10       		.byte	16
 991 03c0 80       		.byte	-128
 992 03c1 40       		.byte	64
 993 03c2 81       		.byte	-127
 994 03c3 01       		.byte	1
 995 03c4 90       		.byte	-112
 996 03c5 24       		.byte	36
 997 03c6 91       		.byte	-111
 998 03c7 80       		.byte	-128
 999 03c8 93       		.byte	-109
 1000 03c9 08       		.byte	8
 1001 03ca 96       		.byte	-106
 1002 03cb 04       		.byte	4
 1003 03cc 99       		.byte	-103
 1004 03cd 86       		.byte	-122
 1005 03ce 9A       		.byte	-102
 1006 03cf 10       		.byte	16
 1007 03d0 A2       		.byte	-94
 1008 03d1 18       		.byte	24
 1009 03d2 AE       		.byte	-82
 1010 03d3 02       		.byte	2
 1011 03d4 AF       		.byte	-81
 1012 03d5 12       		.byte	18
 1013 03d6 C0       		.byte	-64
 1014 03d7 EB       		.byte	-21
 1015 03d8 C2       		.byte	-62
 1016 03d9 76       		.byte	118
 1017 03da C4       		.byte	-60
 1018 03db 4E       		.byte	78
 1019 03dc CA       		.byte	-54
 1020 03dd 86       		.byte	-122
 1021 03de CC       		.byte	-52
 1022 03df E2       		.byte	-30
ARM GAS  C:\Users\javier\AppData\Local\Temp\cciGBcYl.s 			page 19


 1023 03e0 CE       		.byte	-50
 1024 03e1 EF       		.byte	-17
 1025 03e2 D0       		.byte	-48
 1026 03e3 40       		.byte	64
 1027 03e4 D2       		.byte	-46
 1028 03e5 20       		.byte	32
 1029 03e6 D6       		.byte	-42
 1030 03e7 D1       		.byte	-47
 1031 03e8 D8       		.byte	-40
 1032 03e9 2D       		.byte	45
 1033 03ea 01       		.byte	1
 1034 03eb 01       		.byte	1
 1035 03ec 05       		.byte	5
 1036 03ed 18       		.byte	24
 1037 03ee 09       		.byte	9
 1038 03ef 08       		.byte	8
 1039 03f0 0C       		.byte	12
 1040 03f1 01       		.byte	1
 1041 03f2 0D       		.byte	13
 1042 03f3 19       		.byte	25
 1043 03f4 0F       		.byte	15
 1044 03f5 64       		.byte	100
 1045 03f6 12       		.byte	18
 1046 03f7 04       		.byte	4
 1047 03f8 13       		.byte	19
 1048 03f9 46       		.byte	70
 1049 03fa 15       		.byte	21
 1050 03fb 19       		.byte	25
 1051 03fc 17       		.byte	23
 1052 03fd 62       		.byte	98
 1053 03fe 19       		.byte	25
 1054 03ff 67       		.byte	103
 1055 0400 1B       		.byte	27
 1056 0401 18       		.byte	24
 1057 0402 1E       		.byte	30
 1058 0403 0D       		.byte	13
 1059 0404 23       		.byte	35
 1060 0405 01       		.byte	1
 1061 0406 25       		.byte	37
 1062 0407 7F       		.byte	127
 1063 0408 26       		.byte	38
 1064 0409 02       		.byte	2
 1065 040a 2A       		.byte	42
 1066 040b 02       		.byte	2
 1067 040c 2D       		.byte	45
 1068 040d 10       		.byte	16
 1069 040e 30       		.byte	48
 1070 040f 01       		.byte	1
 1071 0410 32       		.byte	50
 1072 0411 02       		.byte	2
 1073 0412 33       		.byte	51
 1074 0413 58       		.byte	88
 1075 0414 34       		.byte	52
 1076 0415 04       		.byte	4
 1077 0416 35       		.byte	53
 1078 0417 20       		.byte	32
 1079 0418 36       		.byte	54
ARM GAS  C:\Users\javier\AppData\Local\Temp\cciGBcYl.s 			page 20


 1080 0419 08       		.byte	8
 1081 041a 37       		.byte	55
 1082 041b 1F       		.byte	31
 1083 041c 39       		.byte	57
 1084 041d 20       		.byte	32
 1085 041e 3B       		.byte	59
 1086 041f 88       		.byte	-120
 1087 0420 3E       		.byte	62
 1088 0421 04       		.byte	4
 1089 0422 40       		.byte	64
 1090 0423 30       		.byte	48
 1091 0424 41       		.byte	65
 1092 0425 06       		.byte	6
 1093 0426 45       		.byte	69
 1094 0427 D0       		.byte	-48
 1095 0428 46       		.byte	70
 1096 0429 20       		.byte	32
 1097 042a 47       		.byte	71
 1098 042b 10       		.byte	16
 1099 042c 48       		.byte	72
 1100 042d 2A       		.byte	42
 1101 042e 49       		.byte	73
 1102 042f FF       		.byte	-1
 1103 0430 4A       		.byte	74
 1104 0431 FF       		.byte	-1
 1105 0432 4B       		.byte	75
 1106 0433 FF       		.byte	-1
 1107 0434 4D       		.byte	77
 1108 0435 AF       		.byte	-81
 1109 0436 4E       		.byte	78
 1110 0437 0F       		.byte	15
 1111 0438 4F       		.byte	79
 1112 0439 04       		.byte	4
 1113 043a 50       		.byte	80
 1114 043b 18       		.byte	24
 1115 043c 54       		.byte	84
 1116 043d 18       		.byte	24
 1117 043e 56       		.byte	86
 1118 043f 04       		.byte	4
 1119 0440 58       		.byte	88
 1120 0441 04       		.byte	4
 1121 0442 59       		.byte	89
 1122 0443 04       		.byte	4
 1123 0444 5A       		.byte	90
 1124 0445 04       		.byte	4
 1125 0446 5B       		.byte	91
 1126 0447 04       		.byte	4
 1127 0448 5C       		.byte	92
 1128 0449 31       		.byte	49
 1129 044a 5D       		.byte	93
 1130 044b 31       		.byte	49
 1131 044c 5F       		.byte	95
 1132 044d 01       		.byte	1
 1133 044e 60       		.byte	96
 1134 044f 40       		.byte	64
 1135 0450 62       		.byte	98
 1136 0451 C0       		.byte	-64
ARM GAS  C:\Users\javier\AppData\Local\Temp\cciGBcYl.s 			page 21


 1137 0452 64       		.byte	100
 1138 0453 40       		.byte	64
 1139 0454 65       		.byte	101
 1140 0455 40       		.byte	64
 1141 0456 66       		.byte	102
 1142 0457 C0       		.byte	-64
 1143 0458 68       		.byte	104
 1144 0459 C0       		.byte	-64
 1145 045a 6A       		.byte	106
 1146 045b C0       		.byte	-64
 1147 045c 6C       		.byte	108
 1148 045d C0       		.byte	-64
 1149 045e 6E       		.byte	110
 1150 045f C0       		.byte	-64
 1151 0460 84       		.byte	-124
 1152 0461 02       		.byte	2
 1153 0462 86       		.byte	-122
 1154 0463 05       		.byte	5
 1155 0464 87       		.byte	-121
 1156 0465 02       		.byte	2
 1157 0466 8B       		.byte	-117
 1158 0467 01       		.byte	1
 1159 0468 8C       		.byte	-116
 1160 0469 24       		.byte	36
 1161 046a 8E       		.byte	-114
 1162 046b 12       		.byte	18
 1163 046c 90       		.byte	-112
 1164 046d 11       		.byte	17
 1165 046e 92       		.byte	-110
 1166 046f 22       		.byte	34
 1167 0470 9B       		.byte	-101
 1168 0471 01       		.byte	1
 1169 0472 9F       		.byte	-97
 1170 0473 02       		.byte	2
 1171 0474 A4       		.byte	-92
 1172 0475 3F       		.byte	63
 1173 0476 A8       		.byte	-88
 1174 0477 3F       		.byte	63
 1175 0478 AC       		.byte	-84
 1176 0479 08       		.byte	8
 1177 047a B0       		.byte	-80
 1178 047b 30       		.byte	48
 1179 047c B2       		.byte	-78
 1180 047d 08       		.byte	8
 1181 047e B4       		.byte	-76
 1182 047f 07       		.byte	7
 1183 0480 B5       		.byte	-75
 1184 0481 02       		.byte	2
 1185 0482 B7       		.byte	-73
 1186 0483 01       		.byte	1
 1187 0484 BF       		.byte	-65
 1188 0485 50       		.byte	80
 1189 0486 C0       		.byte	-64
 1190 0487 31       		.byte	49
 1191 0488 C1       		.byte	-63
 1192 0489 04       		.byte	4
 1193 048a C5       		.byte	-59
ARM GAS  C:\Users\javier\AppData\Local\Temp\cciGBcYl.s 			page 22


 1194 048b E0       		.byte	-32
 1195 048c C6       		.byte	-58
 1196 048d 0B       		.byte	11
 1197 048e C7       		.byte	-57
 1198 048f 0C       		.byte	12
 1199 0490 C8       		.byte	-56
 1200 0491 16       		.byte	22
 1201 0492 C9       		.byte	-55
 1202 0493 FF       		.byte	-1
 1203 0494 CA       		.byte	-54
 1204 0495 FF       		.byte	-1
 1205 0496 CB       		.byte	-53
 1206 0497 FF       		.byte	-1
 1207 0498 CE       		.byte	-50
 1208 0499 F0       		.byte	-16
 1209 049a CF       		.byte	-49
 1210 049b 44       		.byte	68
 1211 049c D0       		.byte	-48
 1212 049d 0C       		.byte	12
 1213 049e D2       		.byte	-46
 1214 049f 80       		.byte	-128
 1215 04a0 D8       		.byte	-40
 1216 04a1 04       		.byte	4
 1217 04a2 D9       		.byte	-39
 1218 04a3 04       		.byte	4
 1219 04a4 DA       		.byte	-38
 1220 04a5 04       		.byte	4
 1221 04a6 DB       		.byte	-37
 1222 04a7 04       		.byte	4
 1223 04a8 DC       		.byte	-36
 1224 04a9 02       		.byte	2
 1225 04aa DD       		.byte	-35
 1226 04ab 13       		.byte	19
 1227 04ac DF       		.byte	-33
 1228 04ad 01       		.byte	1
 1229 04ae E6       		.byte	-26
 1230 04af C0       		.byte	-64
 1231 04b0 EA       		.byte	-22
 1232 04b1 40       		.byte	64
 1233 04b2 EB       		.byte	-21
 1234 04b3 02       		.byte	2
 1235 04b4 00       		.byte	0
 1236 04b5 44       		.byte	68
 1237 04b6 05       		.byte	5
 1238 04b7 40       		.byte	64
 1239 04b8 0B       		.byte	11
 1240 04b9 80       		.byte	-128
 1241 04ba 0C       		.byte	12
 1242 04bb 08       		.byte	8
 1243 04bc 0E       		.byte	14
 1244 04bd 50       		.byte	80
 1245 04be 0F       		.byte	15
 1246 04bf 02       		.byte	2
 1247 04c0 11       		.byte	17
 1248 04c1 54       		.byte	84
 1249 04c2 16       		.byte	22
 1250 04c3 04       		.byte	4
ARM GAS  C:\Users\javier\AppData\Local\Temp\cciGBcYl.s 			page 23


 1251 04c4 17       		.byte	23
 1252 04c5 04       		.byte	4
 1253 04c6 18       		.byte	24
 1254 04c7 44       		.byte	68
 1255 04c8 1B       		.byte	27
 1256 04c9 08       		.byte	8
 1257 04ca 1D       		.byte	29
 1258 04cb 40       		.byte	64
 1259 04cc 1E       		.byte	30
 1260 04cd 80       		.byte	-128
 1261 04ce 1F       		.byte	31
 1262 04cf 24       		.byte	36
 1263 04d0 22       		.byte	34
 1264 04d1 A0       		.byte	-96
 1265 04d2 25       		.byte	37
 1266 04d3 40       		.byte	64
 1267 04d4 26       		.byte	38
 1268 04d5 04       		.byte	4
 1269 04d6 27       		.byte	39
 1270 04d7 05       		.byte	5
 1271 04d8 2D       		.byte	45
 1272 04d9 88       		.byte	-120
 1273 04da 2E       		.byte	46
 1274 04db 01       		.byte	1
 1275 04dc 30       		.byte	48
 1276 04dd 20       		.byte	32
 1277 04de 31       		.byte	49
 1278 04df 80       		.byte	-128
 1279 04e0 35       		.byte	53
 1280 04e1 10       		.byte	16
 1281 04e2 36       		.byte	54
 1282 04e3 06       		.byte	6
 1283 04e4 38       		.byte	56
 1284 04e5 08       		.byte	8
 1285 04e6 3B       		.byte	59
 1286 04e7 10       		.byte	16
 1287 04e8 3C       		.byte	60
 1288 04e9 28       		.byte	40
 1289 04ea 3D       		.byte	61
 1290 04eb 80       		.byte	-128
 1291 04ec 3F       		.byte	63
 1292 04ed 01       		.byte	1
 1293 04ee 41       		.byte	65
 1294 04ef 45       		.byte	69
 1295 04f0 45       		.byte	69
 1296 04f1 08       		.byte	8
 1297 04f2 49       		.byte	73
 1298 04f3 01       		.byte	1
 1299 04f4 4D       		.byte	77
 1300 04f5 01       		.byte	1
 1301 04f6 4F       		.byte	79
 1302 04f7 20       		.byte	32
 1303 04f8 50       		.byte	80
 1304 04f9 88       		.byte	-120
 1305 04fa 57       		.byte	87
 1306 04fb 11       		.byte	17
 1307 04fc 5E       		.byte	94
ARM GAS  C:\Users\javier\AppData\Local\Temp\cciGBcYl.s 			page 24


 1308 04fd 02       		.byte	2
 1309 04fe 66       		.byte	102
 1310 04ff 41       		.byte	65
 1311 0500 67       		.byte	103
 1312 0501 08       		.byte	8
 1313 0502 72       		.byte	114
 1314 0503 40       		.byte	64
 1315 0504 82       		.byte	-126
 1316 0505 01       		.byte	1
 1317 0506 91       		.byte	-111
 1318 0507 8A       		.byte	-118
 1319 0508 92       		.byte	-110
 1320 0509 80       		.byte	-128
 1321 050a 95       		.byte	-107
 1322 050b 01       		.byte	1
 1323 050c 96       		.byte	-106
 1324 050d 40       		.byte	64
 1325 050e 9F       		.byte	-97
 1326 050f 02       		.byte	2
 1327 0510 A1       		.byte	-95
 1328 0511 08       		.byte	8
 1329 0512 A4       		.byte	-92
 1330 0513 88       		.byte	-120
 1331 0514 A6       		.byte	-90
 1332 0515 E0       		.byte	-32
 1333 0516 A7       		.byte	-89
 1334 0517 10       		.byte	16
 1335 0518 AF       		.byte	-81
 1336 0519 01       		.byte	1
 1337 051a B7       		.byte	-73
 1338 051b 20       		.byte	32
 1339 051c C0       		.byte	-64
 1340 051d 85       		.byte	-123
 1341 051e C2       		.byte	-62
 1342 051f 98       		.byte	-104
 1343 0520 C4       		.byte	-60
 1344 0521 67       		.byte	103
 1345 0522 CA       		.byte	-54
 1346 0523 D0       		.byte	-48
 1347 0524 CC       		.byte	-52
 1348 0525 EC       		.byte	-20
 1349 0526 CE       		.byte	-50
 1350 0527 F6       		.byte	-10
 1351 0528 D0       		.byte	-48
 1352 0529 4B       		.byte	75
 1353 052a D2       		.byte	-46
 1354 052b 20       		.byte	32
 1355 052c D6       		.byte	-42
 1356 052d 80       		.byte	-128
 1357 052e D8       		.byte	-40
 1358 052f B0       		.byte	-80
 1359 0530 EA       		.byte	-22
 1360 0531 40       		.byte	64
 1361 0532 00       		.byte	0
 1362 0533 1F       		.byte	31
 1363 0534 01       		.byte	1
 1364 0535 FF       		.byte	-1
ARM GAS  C:\Users\javier\AppData\Local\Temp\cciGBcYl.s 			page 25


 1365 0536 02       		.byte	2
 1366 0537 20       		.byte	32
 1367 0538 04       		.byte	4
 1368 0539 3F       		.byte	63
 1369 053a 05       		.byte	5
 1370 053b 18       		.byte	24
 1371 053c 09       		.byte	9
 1372 053d 08       		.byte	8
 1373 053e 0A       		.byte	10
 1374 053f 23       		.byte	35
 1375 0540 0C       		.byte	12
 1376 0541 02       		.byte	2
 1377 0542 0D       		.byte	13
 1378 0543 44       		.byte	68
 1379 0544 10       		.byte	16
 1380 0545 01       		.byte	1
 1381 0546 11       		.byte	17
 1382 0547 E7       		.byte	-25
 1383 0548 13       		.byte	19
 1384 0549 18       		.byte	24
 1385 054a 14       		.byte	20
 1386 054b 03       		.byte	3
 1387 054c 17       		.byte	23
 1388 054d E3       		.byte	-29
 1389 054e 18       		.byte	24
 1390 054f 1C       		.byte	28
 1391 0550 1A       		.byte	26
 1392 0551 23       		.byte	35
 1393 0552 1B       		.byte	27
 1394 0553 04       		.byte	4
 1395 0554 1C       		.byte	28
 1396 0555 33       		.byte	51
 1397 0556 1D       		.byte	29
 1398 0557 10       		.byte	16
 1399 0558 1E       		.byte	30
 1400 0559 0C       		.byte	12
 1401 055a 20       		.byte	32
 1402 055b 08       		.byte	8
 1403 055c 21       		.byte	33
 1404 055d 1C       		.byte	28
 1405 055e 23       		.byte	35
 1406 055f E1       		.byte	-31
 1407 0560 24       		.byte	36
 1408 0561 04       		.byte	4
 1409 0562 25       		.byte	37
 1410 0563 3C       		.byte	60
 1411 0564 27       		.byte	39
 1412 0565 C2       		.byte	-62
 1413 0566 28       		.byte	40
 1414 0567 0C       		.byte	12
 1415 0568 29       		.byte	41
 1416 0569 C0       		.byte	-64
 1417 056a 2D       		.byte	45
 1418 056b 80       		.byte	-128
 1419 056c 30       		.byte	48
 1420 056d 2C       		.byte	44
 1421 056e 33       		.byte	51
ARM GAS  C:\Users\javier\AppData\Local\Temp\cciGBcYl.s 			page 26


 1422 056f 38       		.byte	56
 1423 0570 34       		.byte	52
 1424 0571 10       		.byte	16
 1425 0572 35       		.byte	53
 1426 0573 1F       		.byte	31
 1427 0574 36       		.byte	54
 1428 0575 0F       		.byte	15
 1429 0576 37       		.byte	55
 1430 0577 C0       		.byte	-64
 1431 0578 3A       		.byte	58
 1432 0579 82       		.byte	-126
 1433 057a 3B       		.byte	59
 1434 057b 20       		.byte	32
 1435 057c 3E       		.byte	62
 1436 057d 10       		.byte	16
 1437 057e 56       		.byte	86
 1438 057f 02       		.byte	2
 1439 0580 57       		.byte	87
 1440 0581 11       		.byte	17
 1441 0582 58       		.byte	88
 1442 0583 04       		.byte	4
 1443 0584 59       		.byte	89
 1444 0585 04       		.byte	4
 1445 0586 5B       		.byte	91
 1446 0587 04       		.byte	4
 1447 0588 5C       		.byte	92
 1448 0589 22       		.byte	34
 1449 058a 5D       		.byte	93
 1450 058b 20       		.byte	32
 1451 058c 5F       		.byte	95
 1452 058d 01       		.byte	1
 1453 058e 90       		.byte	-112
 1454 058f 08       		.byte	8
 1455 0590 92       		.byte	-110
 1456 0591 16       		.byte	22
 1457 0592 94       		.byte	-108
 1458 0593 90       		.byte	-112
 1459 0594 96       		.byte	-106
 1460 0595 49       		.byte	73
 1461 0596 98       		.byte	-104
 1462 0597 DC       		.byte	-36
 1463 0598 9C       		.byte	-100
 1464 0599 44       		.byte	68
 1465 059a 9E       		.byte	-98
 1466 059b A9       		.byte	-87
 1467 059c A4       		.byte	-92
 1468 059d DC       		.byte	-36
 1469 059e B0       		.byte	-80
 1470 059f 1C       		.byte	28
 1471 05a0 B2       		.byte	-78
 1472 05a1 C0       		.byte	-64
 1473 05a2 B4       		.byte	-76
 1474 05a3 03       		.byte	3
 1475 05a4 B6       		.byte	-74
 1476 05a5 20       		.byte	32
 1477 05a6 BE       		.byte	-66
 1478 05a7 10       		.byte	16
ARM GAS  C:\Users\javier\AppData\Local\Temp\cciGBcYl.s 			page 27


 1479 05a8 C0       		.byte	-64
 1480 05a9 65       		.byte	101
 1481 05aa C1       		.byte	-63
 1482 05ab 03       		.byte	3
 1483 05ac C2       		.byte	-62
 1484 05ad 04       		.byte	4
 1485 05ae C4       		.byte	-60
 1486 05af 02       		.byte	2
 1487 05b0 C5       		.byte	-59
 1488 05b1 0C       		.byte	12
 1489 05b2 C7       		.byte	-57
 1490 05b3 0E       		.byte	14
 1491 05b4 C8       		.byte	-56
 1492 05b5 11       		.byte	17
 1493 05b6 C9       		.byte	-55
 1494 05b7 FF       		.byte	-1
 1495 05b8 CA       		.byte	-54
 1496 05b9 FF       		.byte	-1
 1497 05ba CB       		.byte	-53
 1498 05bb FF       		.byte	-1
 1499 05bc CC       		.byte	-52
 1500 05bd 62       		.byte	98
 1501 05be CD       		.byte	-51
 1502 05bf A0       		.byte	-96
 1503 05c0 CE       		.byte	-50
 1504 05c1 F0       		.byte	-16
 1505 05c2 CF       		.byte	-49
 1506 05c3 41       		.byte	65
 1507 05c4 D0       		.byte	-48
 1508 05c5 0C       		.byte	12
 1509 05c6 D8       		.byte	-40
 1510 05c7 04       		.byte	4
 1511 05c8 DA       		.byte	-38
 1512 05c9 04       		.byte	4
 1513 05ca DC       		.byte	-36
 1514 05cb 03       		.byte	3
 1515 05cc DD       		.byte	-35
 1516 05cd 03       		.byte	3
 1517 05ce DF       		.byte	-33
 1518 05cf 01       		.byte	1
 1519 05d0 E6       		.byte	-26
 1520 05d1 40       		.byte	64
 1521 05d2 E7       		.byte	-25
 1522 05d3 02       		.byte	2
 1523 05d4 E9       		.byte	-23
 1524 05d5 10       		.byte	16
 1525 05d6 EA       		.byte	-22
 1526 05d7 30       		.byte	48
 1527 05d8 EB       		.byte	-21
 1528 05d9 10       		.byte	16
 1529 05da ED       		.byte	-19
 1530 05db 10       		.byte	16
 1531 05dc EE       		.byte	-18
 1532 05dd 10       		.byte	16
 1533 05de EF       		.byte	-17
 1534 05df 12       		.byte	18
 1535 05e0 00       		.byte	0
ARM GAS  C:\Users\javier\AppData\Local\Temp\cciGBcYl.s 			page 28


 1536 05e1 40       		.byte	64
 1537 05e2 01       		.byte	1
 1538 05e3 82       		.byte	-126
 1539 05e4 02       		.byte	2
 1540 05e5 20       		.byte	32
 1541 05e6 03       		.byte	3
 1542 05e7 08       		.byte	8
 1543 05e8 08       		.byte	8
 1544 05e9 98       		.byte	-104
 1545 05ea 0A       		.byte	10
 1546 05eb 02       		.byte	2
 1547 05ec 0B       		.byte	11
 1548 05ed 84       		.byte	-124
 1549 05ee 0D       		.byte	13
 1550 05ef 08       		.byte	8
 1551 05f0 0E       		.byte	14
 1552 05f1 44       		.byte	68
 1553 05f2 0F       		.byte	15
 1554 05f3 01       		.byte	1
 1555 05f4 10       		.byte	16
 1556 05f5 A0       		.byte	-96
 1557 05f6 13       		.byte	19
 1558 05f7 20       		.byte	32
 1559 05f8 17       		.byte	23
 1560 05f9 04       		.byte	4
 1561 05fa 19       		.byte	25
 1562 05fb 12       		.byte	18
 1563 05fc 1A       		.byte	26
 1564 05fd 02       		.byte	2
 1565 05fe 1D       		.byte	29
 1566 05ff 28       		.byte	40
 1567 0600 1E       		.byte	30
 1568 0601 41       		.byte	65
 1569 0602 23       		.byte	35
 1570 0603 16       		.byte	22
 1571 0604 28       		.byte	40
 1572 0605 18       		.byte	24
 1573 0606 29       		.byte	41
 1574 0607 82       		.byte	-126
 1575 0608 30       		.byte	48
 1576 0609 80       		.byte	-128
 1577 060a 32       		.byte	50
 1578 060b 11       		.byte	17
 1579 060c 33       		.byte	51
 1580 060d 08       		.byte	8
 1581 060e 38       		.byte	56
 1582 060f 28       		.byte	40
 1583 0610 3A       		.byte	58
 1584 0611 01       		.byte	1
 1585 0612 3B       		.byte	59
 1586 0613 80       		.byte	-128
 1587 0614 44       		.byte	68
 1588 0615 40       		.byte	64
 1589 0616 45       		.byte	69
 1590 0617 24       		.byte	36
 1591 0618 4D       		.byte	77
 1592 0619 20       		.byte	32
ARM GAS  C:\Users\javier\AppData\Local\Temp\cciGBcYl.s 			page 29


 1593 061a 4E       		.byte	78
 1594 061b 02       		.byte	2
 1595 061c 4F       		.byte	79
 1596 061d 08       		.byte	8
 1597 061e 56       		.byte	86
 1598 061f 04       		.byte	4
 1599 0620 59       		.byte	89
 1600 0621 10       		.byte	16
 1601 0622 5A       		.byte	90
 1602 0623 40       		.byte	64
 1603 0624 5B       		.byte	91
 1604 0625 40       		.byte	64
 1605 0626 69       		.byte	105
 1606 0627 54       		.byte	84
 1607 0628 70       		.byte	112
 1608 0629 B4       		.byte	-76
 1609 062a 73       		.byte	115
 1610 062b 20       		.byte	32
 1611 062c 83       		.byte	-125
 1612 062d 01       		.byte	1
 1613 062e 87       		.byte	-121
 1614 062f 40       		.byte	64
 1615 0630 90       		.byte	-112
 1616 0631 40       		.byte	64
 1617 0632 92       		.byte	-110
 1618 0633 24       		.byte	36
 1619 0634 95       		.byte	-107
 1620 0635 54       		.byte	84
 1621 0636 96       		.byte	-106
 1622 0637 01       		.byte	1
 1623 0638 97       		.byte	-105
 1624 0639 95       		.byte	-107
 1625 063a 98       		.byte	-104
 1626 063b 48       		.byte	72
 1627 063c 99       		.byte	-103
 1628 063d 20       		.byte	32
 1629 063e 9A       		.byte	-102
 1630 063f 01       		.byte	1
 1631 0640 9B       		.byte	-101
 1632 0641 04       		.byte	4
 1633 0642 9C       		.byte	-100
 1634 0643 80       		.byte	-128
 1635 0644 9D       		.byte	-99
 1636 0645 02       		.byte	2
 1637 0646 9E       		.byte	-98
 1638 0647 04       		.byte	4
 1639 0648 9F       		.byte	-97
 1640 0649 42       		.byte	66
 1641 064a A1       		.byte	-95
 1642 064b 04       		.byte	4
 1643 064c A2       		.byte	-94
 1644 064d 22       		.byte	34
 1645 064e A3       		.byte	-93
 1646 064f 08       		.byte	8
 1647 0650 A5       		.byte	-91
 1648 0651 08       		.byte	8
 1649 0652 A7       		.byte	-89
ARM GAS  C:\Users\javier\AppData\Local\Temp\cciGBcYl.s 			page 30


 1650 0653 04       		.byte	4
 1651 0654 C0       		.byte	-64
 1652 0655 0F       		.byte	15
 1653 0656 C2       		.byte	-62
 1654 0657 FF       		.byte	-1
 1655 0658 C4       		.byte	-60
 1656 0659 2E       		.byte	46
 1657 065a CA       		.byte	-54
 1658 065b 0F       		.byte	15
 1659 065c CC       		.byte	-52
 1660 065d 0F       		.byte	15
 1661 065e CE       		.byte	-50
 1662 065f 0F       		.byte	15
 1663 0660 D0       		.byte	-48
 1664 0661 E0       		.byte	-32
 1665 0662 D2       		.byte	-46
 1666 0663 30       		.byte	48
 1667 0664 D6       		.byte	-42
 1668 0665 04       		.byte	4
 1669 0666 00       		.byte	0
 1670 0667 63       		.byte	99
 1671 0668 04       		.byte	4
 1672 0669 FF       		.byte	-1
 1673 066a 07       		.byte	7
 1674 066b 02       		.byte	2
 1675 066c 08       		.byte	8
 1676 066d F3       		.byte	-13
 1677 066e 09       		.byte	9
 1678 066f 01       		.byte	1
 1679 0670 0A       		.byte	10
 1680 0671 0C       		.byte	12
 1681 0672 0D       		.byte	13
 1682 0673 01       		.byte	1
 1683 0674 0E       		.byte	14
 1684 0675 73       		.byte	115
 1685 0676 10       		.byte	16
 1686 0677 08       		.byte	8
 1687 0678 14       		.byte	20
 1688 0679 42       		.byte	66
 1689 067a 18       		.byte	24
 1690 067b 8F       		.byte	-113
 1691 067c 1A       		.byte	26
 1692 067d 70       		.byte	112
 1693 067e 1C       		.byte	28
 1694 067f 21       		.byte	33
 1695 0680 1F       		.byte	31
 1696 0681 02       		.byte	2
 1697 0682 20       		.byte	32
 1698 0683 9C       		.byte	-100
 1699 0684 22       		.byte	34
 1700 0685 63       		.byte	99
 1701 0686 24       		.byte	36
 1702 0687 04       		.byte	4
 1703 0688 25       		.byte	37
 1704 0689 01       		.byte	1
 1705 068a 28       		.byte	40
 1706 068b 0C       		.byte	12
ARM GAS  C:\Users\javier\AppData\Local\Temp\cciGBcYl.s 			page 31


 1707 068c 30       		.byte	48
 1708 068d 1C       		.byte	28
 1709 068e 31       		.byte	49
 1710 068f 01       		.byte	1
 1711 0690 32       		.byte	50
 1712 0691 80       		.byte	-128
 1713 0692 34       		.byte	52
 1714 0693 0F       		.byte	15
 1715 0694 36       		.byte	54
 1716 0695 60       		.byte	96
 1717 0696 37       		.byte	55
 1718 0697 02       		.byte	2
 1719 0698 3A       		.byte	58
 1720 0699 20       		.byte	32
 1721 069a 3B       		.byte	59
 1722 069b 08       		.byte	8
 1723 069c 3E       		.byte	62
 1724 069d 04       		.byte	4
 1725 069e 3F       		.byte	63
 1726 069f 40       		.byte	64
 1727 06a0 56       		.byte	86
 1728 06a1 02       		.byte	2
 1729 06a2 57       		.byte	87
 1730 06a3 11       		.byte	17
 1731 06a4 58       		.byte	88
 1732 06a5 04       		.byte	4
 1733 06a6 59       		.byte	89
 1734 06a7 04       		.byte	4
 1735 06a8 5B       		.byte	91
 1736 06a9 04       		.byte	4
 1737 06aa 5C       		.byte	92
 1738 06ab 33       		.byte	51
 1739 06ac 5D       		.byte	93
 1740 06ad 30       		.byte	48
 1741 06ae 5F       		.byte	95
 1742 06af 01       		.byte	1
 1743 06b0 81       		.byte	-127
 1744 06b1 02       		.byte	2
 1745 06b2 86       		.byte	-122
 1746 06b3 04       		.byte	4
 1747 06b4 87       		.byte	-121
 1748 06b5 02       		.byte	2
 1749 06b6 8E       		.byte	-114
 1750 06b7 02       		.byte	2
 1751 06b8 91       		.byte	-111
 1752 06b9 01       		.byte	1
 1753 06ba 92       		.byte	-110
 1754 06bb 03       		.byte	3
 1755 06bc 99       		.byte	-103
 1756 06bd 02       		.byte	2
 1757 06be A3       		.byte	-93
 1758 06bf 02       		.byte	2
 1759 06c0 B2       		.byte	-78
 1760 06c1 01       		.byte	1
 1761 06c2 B3       		.byte	-77
 1762 06c3 01       		.byte	1
 1763 06c4 B4       		.byte	-76
ARM GAS  C:\Users\javier\AppData\Local\Temp\cciGBcYl.s 			page 32


 1764 06c5 06       		.byte	6
 1765 06c6 B7       		.byte	-73
 1766 06c7 02       		.byte	2
 1767 06c8 B9       		.byte	-71
 1768 06c9 80       		.byte	-128
 1769 06ca BB       		.byte	-69
 1770 06cb 20       		.byte	32
 1771 06cc BE       		.byte	-66
 1772 06cd 10       		.byte	16
 1773 06ce BF       		.byte	-65
 1774 06cf 04       		.byte	4
 1775 06d0 C0       		.byte	-64
 1776 06d1 43       		.byte	67
 1777 06d2 C1       		.byte	-63
 1778 06d3 05       		.byte	5
 1779 06d4 C2       		.byte	-62
 1780 06d5 06       		.byte	6
 1781 06d6 C4       		.byte	-60
 1782 06d7 02       		.byte	2
 1783 06d8 C6       		.byte	-58
 1784 06d9 C0       		.byte	-64
 1785 06da C7       		.byte	-57
 1786 06db 0E       		.byte	14
 1787 06dc C8       		.byte	-56
 1788 06dd 18       		.byte	24
 1789 06de C9       		.byte	-55
 1790 06df FF       		.byte	-1
 1791 06e0 CA       		.byte	-54
 1792 06e1 FF       		.byte	-1
 1793 06e2 CB       		.byte	-53
 1794 06e3 FF       		.byte	-1
 1795 06e4 CC       		.byte	-52
 1796 06e5 62       		.byte	98
 1797 06e6 CD       		.byte	-51
 1798 06e7 A0       		.byte	-96
 1799 06e8 CE       		.byte	-50
 1800 06e9 F0       		.byte	-16
 1801 06ea CF       		.byte	-49
 1802 06eb 41       		.byte	65
 1803 06ec D0       		.byte	-48
 1804 06ed 0C       		.byte	12
 1805 06ee D4       		.byte	-44
 1806 06ef 01       		.byte	1
 1807 06f0 D8       		.byte	-40
 1808 06f1 04       		.byte	4
 1809 06f2 D9       		.byte	-39
 1810 06f3 04       		.byte	4
 1811 06f4 DA       		.byte	-38
 1812 06f5 04       		.byte	4
 1813 06f6 DB       		.byte	-37
 1814 06f7 04       		.byte	4
 1815 06f8 DC       		.byte	-36
 1816 06f9 22       		.byte	34
 1817 06fa DD       		.byte	-35
 1818 06fb 32       		.byte	50
 1819 06fc DF       		.byte	-33
 1820 06fd 01       		.byte	1
ARM GAS  C:\Users\javier\AppData\Local\Temp\cciGBcYl.s 			page 33


 1821 06fe E6       		.byte	-26
 1822 06ff 40       		.byte	64
 1823 0700 E7       		.byte	-25
 1824 0701 02       		.byte	2
 1825 0702 E9       		.byte	-23
 1826 0703 10       		.byte	16
 1827 0704 EA       		.byte	-22
 1828 0705 30       		.byte	48
 1829 0706 EB       		.byte	-21
 1830 0707 10       		.byte	16
 1831 0708 ED       		.byte	-19
 1832 0709 10       		.byte	16
 1833 070a EE       		.byte	-18
 1834 070b 10       		.byte	16
 1835 070c EF       		.byte	-17
 1836 070d 12       		.byte	18
 1837 070e 00       		.byte	0
 1838 070f 44       		.byte	68
 1839 0710 04       		.byte	4
 1840 0711 80       		.byte	-128
 1841 0712 05       		.byte	5
 1842 0713 38       		.byte	56
 1843 0714 07       		.byte	7
 1844 0715 50       		.byte	80
 1845 0716 0B       		.byte	11
 1846 0717 80       		.byte	-128
 1847 0718 0C       		.byte	12
 1848 0719 01       		.byte	1
 1849 071a 0D       		.byte	13
 1850 071b 08       		.byte	8
 1851 071c 0E       		.byte	14
 1852 071d 08       		.byte	8
 1853 071e 0F       		.byte	15
 1854 071f 01       		.byte	1
 1855 0720 12       		.byte	18
 1856 0721 01       		.byte	1
 1857 0722 13       		.byte	19
 1858 0723 40       		.byte	64
 1859 0724 17       		.byte	23
 1860 0725 29       		.byte	41
 1861 0726 1A       		.byte	26
 1862 0727 20       		.byte	32
 1863 0728 1B       		.byte	27
 1864 0729 20       		.byte	32
 1865 072a 1D       		.byte	29
 1866 072b 10       		.byte	16
 1867 072c 1E       		.byte	30
 1868 072d A2       		.byte	-94
 1869 072e 21       		.byte	33
 1870 072f 80       		.byte	-128
 1871 0730 22       		.byte	34
 1872 0731 24       		.byte	36
 1873 0732 24       		.byte	36
 1874 0733 80       		.byte	-128
 1875 0734 25       		.byte	37
 1876 0735 04       		.byte	4
 1877 0736 26       		.byte	38
ARM GAS  C:\Users\javier\AppData\Local\Temp\cciGBcYl.s 			page 34


 1878 0737 82       		.byte	-126
 1879 0738 27       		.byte	39
 1880 0739 10       		.byte	16
 1881 073a 28       		.byte	40
 1882 073b 01       		.byte	1
 1883 073c 29       		.byte	41
 1884 073d 82       		.byte	-126
 1885 073e 2E       		.byte	46
 1886 073f 04       		.byte	4
 1887 0740 31       		.byte	49
 1888 0741 01       		.byte	1
 1889 0742 32       		.byte	50
 1890 0743 20       		.byte	32
 1891 0744 34       		.byte	52
 1892 0745 40       		.byte	64
 1893 0746 36       		.byte	54
 1894 0747 40       		.byte	64
 1895 0748 39       		.byte	57
 1896 0749 02       		.byte	2
 1897 074a 3B       		.byte	59
 1898 074b 04       		.byte	4
 1899 074c 3D       		.byte	61
 1900 074d 20       		.byte	32
 1901 074e 3E       		.byte	62
 1902 074f 40       		.byte	64
 1903 0750 3F       		.byte	63
 1904 0751 08       		.byte	8
 1905 0752 40       		.byte	64
 1906 0753 80       		.byte	-128
 1907 0754 41       		.byte	65
 1908 0755 01       		.byte	1
 1909 0756 43       		.byte	67
 1910 0757 28       		.byte	40
 1911 0758 4B       		.byte	75
 1912 0759 50       		.byte	80
 1913 075a 50       		.byte	80
 1914 075b 24       		.byte	36
 1915 075c 59       		.byte	89
 1916 075d 01       		.byte	1
 1917 075e 5A       		.byte	90
 1918 075f 98       		.byte	-104
 1919 0760 5C       		.byte	92
 1920 0761 0C       		.byte	12
 1921 0762 5E       		.byte	94
 1922 0763 20       		.byte	32
 1923 0764 62       		.byte	98
 1924 0765 C0       		.byte	-64
 1925 0766 6D       		.byte	109
 1926 0767 20       		.byte	32
 1927 0768 6E       		.byte	110
 1928 0769 44       		.byte	68
 1929 076a 6F       		.byte	111
 1930 076b 04       		.byte	4
 1931 076c 74       		.byte	116
 1932 076d 14       		.byte	20
 1933 076e 75       		.byte	117
 1934 076f 80       		.byte	-128
ARM GAS  C:\Users\javier\AppData\Local\Temp\cciGBcYl.s 			page 35


 1935 0770 77       		.byte	119
 1936 0771 28       		.byte	40
 1937 0772 86       		.byte	-122
 1938 0773 20       		.byte	32
 1939 0774 87       		.byte	-121
 1940 0775 40       		.byte	64
 1941 0776 90       		.byte	-112
 1942 0777 44       		.byte	68
 1943 0778 92       		.byte	-110
 1944 0779 90       		.byte	-112
 1945 077a 94       		.byte	-108
 1946 077b 08       		.byte	8
 1947 077c 95       		.byte	-107
 1948 077d 54       		.byte	84
 1949 077e 96       		.byte	-106
 1950 077f 01       		.byte	1
 1951 0780 97       		.byte	-105
 1952 0781 91       		.byte	-111
 1953 0782 99       		.byte	-103
 1954 0783 01       		.byte	1
 1955 0784 9B       		.byte	-101
 1956 0785 01       		.byte	1
 1957 0786 9D       		.byte	-99
 1958 0787 98       		.byte	-104
 1959 0788 9E       		.byte	-98
 1960 0789 44       		.byte	68
 1961 078a 9F       		.byte	-97
 1962 078b 02       		.byte	2
 1963 078c A2       		.byte	-94
 1964 078d 04       		.byte	4
 1965 078e A3       		.byte	-93
 1966 078f 08       		.byte	8
 1967 0790 A4       		.byte	-92
 1968 0791 34       		.byte	52
 1969 0792 A5       		.byte	-91
 1970 0793 80       		.byte	-128
 1971 0794 A6       		.byte	-90
 1972 0795 03       		.byte	3
 1973 0796 AF       		.byte	-81
 1974 0797 20       		.byte	32
 1975 0798 C0       		.byte	-64
 1976 0799 F5       		.byte	-11
 1977 079a C2       		.byte	-62
 1978 079b F8       		.byte	-8
 1979 079c C4       		.byte	-60
 1980 079d 70       		.byte	112
 1981 079e CA       		.byte	-54
 1982 079f 41       		.byte	65
 1983 07a0 CC       		.byte	-52
 1984 07a1 15       		.byte	21
 1985 07a2 CE       		.byte	-50
 1986 07a3 73       		.byte	115
 1987 07a4 D0       		.byte	-48
 1988 07a5 07       		.byte	7
 1989 07a6 D2       		.byte	-46
 1990 07a7 0C       		.byte	12
 1991 07a8 D6       		.byte	-42
ARM GAS  C:\Users\javier\AppData\Local\Temp\cciGBcYl.s 			page 36


 1992 07a9 2F       		.byte	47
 1993 07aa 33       		.byte	51
 1994 07ab 80       		.byte	-128
 1995 07ac 37       		.byte	55
 1996 07ad 10       		.byte	16
 1997 07ae CC       		.byte	-52
 1998 07af 30       		.byte	48
 1999 07b0 07       		.byte	7
 2000 07b1 20       		.byte	32
 2001 07b2 57       		.byte	87
 2002 07b3 40       		.byte	64
 2003 07b4 9F       		.byte	-97
 2004 07b5 10       		.byte	16
 2005 07b6 A7       		.byte	-89
 2006 07b7 80       		.byte	-128
 2007 07b8 C0       		.byte	-64
 2008 07b9 20       		.byte	32
 2009 07ba D4       		.byte	-44
 2010 07bb 40       		.byte	64
 2011 07bc 57       		.byte	87
 2012 07bd 04       		.byte	4
 2013 07be 83       		.byte	-125
 2014 07bf C0       		.byte	-64
 2015 07c0 9F       		.byte	-97
 2016 07c1 10       		.byte	16
 2017 07c2 A7       		.byte	-89
 2018 07c3 C0       		.byte	-64
 2019 07c4 AF       		.byte	-81
 2020 07c5 20       		.byte	32
 2021 07c6 D4       		.byte	-44
 2022 07c7 40       		.byte	64
 2023 07c8 E2       		.byte	-30
 2024 07c9 20       		.byte	32
 2025 07ca E6       		.byte	-26
 2026 07cb 20       		.byte	32
 2027 07cc E8       		.byte	-24
 2028 07cd 40       		.byte	64
 2029 07ce 83       		.byte	-125
 2030 07cf 10       		.byte	16
 2031 07d0 9F       		.byte	-97
 2032 07d1 10       		.byte	16
 2033 07d2 A2       		.byte	-94
 2034 07d3 02       		.byte	2
 2035 07d4 AE       		.byte	-82
 2036 07d5 02       		.byte	2
 2037 07d6 B7       		.byte	-73
 2038 07d7 04       		.byte	4
 2039 07d8 E2       		.byte	-30
 2040 07d9 20       		.byte	32
 2041 07da EA       		.byte	-22
 2042 07db 40       		.byte	64
 2043 07dc A2       		.byte	-94
 2044 07dd 12       		.byte	18
 2045 07de AE       		.byte	-82
 2046 07df 10       		.byte	16
 2047 07e0 EE       		.byte	-18
 2048 07e1 10       		.byte	16
ARM GAS  C:\Users\javier\AppData\Local\Temp\cciGBcYl.s 			page 37


 2049 07e2 09       		.byte	9
 2050 07e3 20       		.byte	32
 2051 07e4 17       		.byte	23
 2052 07e5 04       		.byte	4
 2053 07e6 5E       		.byte	94
 2054 07e7 20       		.byte	32
 2055 07e8 62       		.byte	98
 2056 07e9 02       		.byte	2
 2057 07ea 83       		.byte	-125
 2058 07eb 04       		.byte	4
 2059 07ec 85       		.byte	-123
 2060 07ed 20       		.byte	32
 2061 07ee A2       		.byte	-94
 2062 07ef 12       		.byte	18
 2063 07f0 C2       		.byte	-62
 2064 07f1 40       		.byte	64
 2065 07f2 C4       		.byte	-60
 2066 07f3 20       		.byte	32
 2067 07f4 D6       		.byte	-42
 2068 07f5 20       		.byte	32
 2069 07f6 D8       		.byte	-40
 2070 07f7 40       		.byte	64
 2071 07f8 E0       		.byte	-32
 2072 07f9 90       		.byte	-112
 2073 07fa 00       		.byte	0
 2074 07fb 0F       		.byte	15
 2075 07fc 08       		.byte	8
 2076 07fd 0B       		.byte	11
 2077 07fe 0A       		.byte	10
 2078 07ff 0F       		.byte	15
 2079 0800 10       		.byte	16
 2080 0801 0C       		.byte	12
 2081 0802 1A       		.byte	26
 2082 0803 0C       		.byte	12
 2083 0804 00       		.byte	0
 2084 0805 0F       		.byte	15
 2085 0806 00       		.byte	0
 2086 0807 00       		.byte	0
 2087 0808 01       		.byte	1
 2088 0809 01       		.byte	1
 2089 080a 00       		.byte	0
 2090 080b 00       		.byte	0
 2091 080c 02       		.byte	2
 2092 080d 00       		.byte	0
 2093 080e 00       		.byte	0
 2094 080f 00       		.byte	0
 2095 0810 02       		.byte	2
 2096 0811 01       		.byte	1
 2097 0812 01       		.byte	1
 2098 0813 00       		.byte	0
 2099 0814 01       		.byte	1
 2100 0815 00       		.byte	0
 2101 0816 00       		.byte	0
 2102 0817 00       		.byte	0
 2103 0818 01       		.byte	1
 2104 0819 00       		.byte	0
 2105 081a 02       		.byte	2
ARM GAS  C:\Users\javier\AppData\Local\Temp\cciGBcYl.s 			page 38


 2106 081b 01       		.byte	1
 2107 081c 01       		.byte	1
 2108 081d 00       		.byte	0
 2109 081e 01       		.byte	1
 2110 081f 00       		.byte	0
 2111 0820 00       		.byte	0
 2112 0821 00       		.byte	0
 2113 0822 00       		.byte	0
 2114 0823 00       		.byte	0
 2115 0824 02       		.byte	2
 2116 0825 00       		.byte	0
 2117 0826 40       		.byte	64
 2118 0827 32       		.byte	50
 2119 0828 32       		.byte	50
 2120 0829 00       		.byte	0
 2121 082a 22       		.byte	34
 2122 082b 00       		.byte	0
 2123 082c 00       		.byte	0
 2124 082d 00       		.byte	0
 2125 082e 00       		.byte	0
 2126 082f 00       		.byte	0
 2127              		.text
 2128              	.Letext0:
 2129              		.file 1 ".\\Generated_Source\\PSoC5\\cymetadata.c"
 2130              		.file 2 ".\\Generated_Source\\PSoC5\\cytypes.h"
 2131              		.section	.debug_info,"",%progbits
 2132              	.Ldebug_info0:
 2133 0000 D6000000 		.4byte	0xd6
 2134 0004 0200     		.2byte	0x2
 2135 0006 00000000 		.4byte	.Ldebug_abbrev0
 2136 000a 04       		.byte	0x4
 2137 000b 01       		.uleb128 0x1
 2138 000c D9000000 		.4byte	.LASF15
 2139 0010 01       		.byte	0x1
 2140 0011 00000000 		.4byte	.LASF16
 2141 0015 37010000 		.4byte	.LASF17
 2142 0019 00000000 		.4byte	.Ldebug_line0
 2143 001d 02       		.uleb128 0x2
 2144 001e 01       		.byte	0x1
 2145 001f 06       		.byte	0x6
 2146 0020 2B010000 		.4byte	.LASF0
 2147 0024 02       		.uleb128 0x2
 2148 0025 01       		.byte	0x1
 2149 0026 08       		.byte	0x8
 2150 0027 2C000000 		.4byte	.LASF1
 2151 002b 02       		.uleb128 0x2
 2152 002c 02       		.byte	0x2
 2153 002d 05       		.byte	0x5
 2154 002e C9000000 		.4byte	.LASF2
 2155 0032 02       		.uleb128 0x2
 2156 0033 02       		.byte	0x2
 2157 0034 07       		.byte	0x7
 2158 0035 4C000000 		.4byte	.LASF3
 2159 0039 02       		.uleb128 0x2
 2160 003a 04       		.byte	0x4
 2161 003b 05       		.byte	0x5
 2162 003c 22010000 		.4byte	.LASF4
ARM GAS  C:\Users\javier\AppData\Local\Temp\cciGBcYl.s 			page 39


 2163 0040 02       		.uleb128 0x2
 2164 0041 04       		.byte	0x4
 2165 0042 07       		.byte	0x7
 2166 0043 3A000000 		.4byte	.LASF5
 2167 0047 02       		.uleb128 0x2
 2168 0048 08       		.byte	0x8
 2169 0049 05       		.byte	0x5
 2170 004a B6000000 		.4byte	.LASF6
 2171 004e 02       		.uleb128 0x2
 2172 004f 08       		.byte	0x8
 2173 0050 07       		.byte	0x7
 2174 0051 85000000 		.4byte	.LASF7
 2175 0055 03       		.uleb128 0x3
 2176 0056 04       		.byte	0x4
 2177 0057 05       		.byte	0x5
 2178 0058 696E7400 		.ascii	"int\000"
 2179 005c 02       		.uleb128 0x2
 2180 005d 04       		.byte	0x4
 2181 005e 07       		.byte	0x7
 2182 005f 78000000 		.4byte	.LASF8
 2183 0063 04       		.uleb128 0x4
 2184 0064 D3000000 		.4byte	.LASF18
 2185 0068 02       		.byte	0x2
 2186 0069 5B       		.byte	0x5b
 2187 006a 24000000 		.4byte	0x24
 2188 006e 02       		.uleb128 0x2
 2189 006f 04       		.byte	0x4
 2190 0070 04       		.byte	0x4
 2191 0071 26000000 		.4byte	.LASF9
 2192 0075 02       		.uleb128 0x2
 2193 0076 08       		.byte	0x8
 2194 0077 04       		.byte	0x4
 2195 0078 5F000000 		.4byte	.LASF10
 2196 007c 02       		.uleb128 0x2
 2197 007d 01       		.byte	0x1
 2198 007e 08       		.byte	0x8
 2199 007f C4000000 		.4byte	.LASF11
 2200 0083 05       		.uleb128 0x5
 2201 0084 63000000 		.4byte	0x63
 2202 0088 93000000 		.4byte	0x93
 2203 008c 06       		.uleb128 0x6
 2204 008d 93000000 		.4byte	0x93
 2205 0091 3F       		.byte	0x3f
 2206 0092 00       		.byte	0
 2207 0093 02       		.uleb128 0x2
 2208 0094 04       		.byte	0x4
 2209 0095 07       		.byte	0x7
 2210 0096 AD000000 		.4byte	.LASF12
 2211 009a 07       		.uleb128 0x7
 2212 009b 9C000000 		.4byte	.LASF13
 2213 009f 01       		.byte	0x1
 2214 00a0 1C       		.byte	0x1c
 2215 00a1 AC000000 		.4byte	0xac
 2216 00a5 01       		.byte	0x1
 2217 00a6 05       		.byte	0x5
 2218 00a7 03       		.byte	0x3
 2219 00a8 00000000 		.4byte	cy_meta_loadable
ARM GAS  C:\Users\javier\AppData\Local\Temp\cciGBcYl.s 			page 40


 2220 00ac 08       		.uleb128 0x8
 2221 00ad 83000000 		.4byte	0x83
 2222 00b1 05       		.uleb128 0x5
 2223 00b2 63000000 		.4byte	0x63
 2224 00b6 C2000000 		.4byte	0xc2
 2225 00ba 09       		.uleb128 0x9
 2226 00bb 93000000 		.4byte	0x93
 2227 00bf 2F08     		.2byte	0x82f
 2228 00c1 00       		.byte	0
 2229 00c2 07       		.uleb128 0x7
 2230 00c3 66000000 		.4byte	.LASF14
 2231 00c7 01       		.byte	0x1
 2232 00c8 2E       		.byte	0x2e
 2233 00c9 D4000000 		.4byte	0xd4
 2234 00cd 01       		.byte	0x1
 2235 00ce 05       		.byte	0x5
 2236 00cf 03       		.byte	0x3
 2237 00d0 00000000 		.4byte	cy_meta_configecc
 2238 00d4 08       		.uleb128 0x8
 2239 00d5 B1000000 		.4byte	0xb1
 2240 00d9 00       		.byte	0
 2241              		.section	.debug_abbrev,"",%progbits
 2242              	.Ldebug_abbrev0:
 2243 0000 01       		.uleb128 0x1
 2244 0001 11       		.uleb128 0x11
 2245 0002 01       		.byte	0x1
 2246 0003 25       		.uleb128 0x25
 2247 0004 0E       		.uleb128 0xe
 2248 0005 13       		.uleb128 0x13
 2249 0006 0B       		.uleb128 0xb
 2250 0007 03       		.uleb128 0x3
 2251 0008 0E       		.uleb128 0xe
 2252 0009 1B       		.uleb128 0x1b
 2253 000a 0E       		.uleb128 0xe
 2254 000b 10       		.uleb128 0x10
 2255 000c 06       		.uleb128 0x6
 2256 000d 00       		.byte	0
 2257 000e 00       		.byte	0
 2258 000f 02       		.uleb128 0x2
 2259 0010 24       		.uleb128 0x24
 2260 0011 00       		.byte	0
 2261 0012 0B       		.uleb128 0xb
 2262 0013 0B       		.uleb128 0xb
 2263 0014 3E       		.uleb128 0x3e
 2264 0015 0B       		.uleb128 0xb
 2265 0016 03       		.uleb128 0x3
 2266 0017 0E       		.uleb128 0xe
 2267 0018 00       		.byte	0
 2268 0019 00       		.byte	0
 2269 001a 03       		.uleb128 0x3
 2270 001b 24       		.uleb128 0x24
 2271 001c 00       		.byte	0
 2272 001d 0B       		.uleb128 0xb
 2273 001e 0B       		.uleb128 0xb
 2274 001f 3E       		.uleb128 0x3e
 2275 0020 0B       		.uleb128 0xb
 2276 0021 03       		.uleb128 0x3
ARM GAS  C:\Users\javier\AppData\Local\Temp\cciGBcYl.s 			page 41


 2277 0022 08       		.uleb128 0x8
 2278 0023 00       		.byte	0
 2279 0024 00       		.byte	0
 2280 0025 04       		.uleb128 0x4
 2281 0026 16       		.uleb128 0x16
 2282 0027 00       		.byte	0
 2283 0028 03       		.uleb128 0x3
 2284 0029 0E       		.uleb128 0xe
 2285 002a 3A       		.uleb128 0x3a
 2286 002b 0B       		.uleb128 0xb
 2287 002c 3B       		.uleb128 0x3b
 2288 002d 0B       		.uleb128 0xb
 2289 002e 49       		.uleb128 0x49
 2290 002f 13       		.uleb128 0x13
 2291 0030 00       		.byte	0
 2292 0031 00       		.byte	0
 2293 0032 05       		.uleb128 0x5
 2294 0033 01       		.uleb128 0x1
 2295 0034 01       		.byte	0x1
 2296 0035 49       		.uleb128 0x49
 2297 0036 13       		.uleb128 0x13
 2298 0037 01       		.uleb128 0x1
 2299 0038 13       		.uleb128 0x13
 2300 0039 00       		.byte	0
 2301 003a 00       		.byte	0
 2302 003b 06       		.uleb128 0x6
 2303 003c 21       		.uleb128 0x21
 2304 003d 00       		.byte	0
 2305 003e 49       		.uleb128 0x49
 2306 003f 13       		.uleb128 0x13
 2307 0040 2F       		.uleb128 0x2f
 2308 0041 0B       		.uleb128 0xb
 2309 0042 00       		.byte	0
 2310 0043 00       		.byte	0
 2311 0044 07       		.uleb128 0x7
 2312 0045 34       		.uleb128 0x34
 2313 0046 00       		.byte	0
 2314 0047 03       		.uleb128 0x3
 2315 0048 0E       		.uleb128 0xe
 2316 0049 3A       		.uleb128 0x3a
 2317 004a 0B       		.uleb128 0xb
 2318 004b 3B       		.uleb128 0x3b
 2319 004c 0B       		.uleb128 0xb
 2320 004d 49       		.uleb128 0x49
 2321 004e 13       		.uleb128 0x13
 2322 004f 3F       		.uleb128 0x3f
 2323 0050 0C       		.uleb128 0xc
 2324 0051 02       		.uleb128 0x2
 2325 0052 0A       		.uleb128 0xa
 2326 0053 00       		.byte	0
 2327 0054 00       		.byte	0
 2328 0055 08       		.uleb128 0x8
 2329 0056 26       		.uleb128 0x26
 2330 0057 00       		.byte	0
 2331 0058 49       		.uleb128 0x49
 2332 0059 13       		.uleb128 0x13
 2333 005a 00       		.byte	0
ARM GAS  C:\Users\javier\AppData\Local\Temp\cciGBcYl.s 			page 42


 2334 005b 00       		.byte	0
 2335 005c 09       		.uleb128 0x9
 2336 005d 21       		.uleb128 0x21
 2337 005e 00       		.byte	0
 2338 005f 49       		.uleb128 0x49
 2339 0060 13       		.uleb128 0x13
 2340 0061 2F       		.uleb128 0x2f
 2341 0062 05       		.uleb128 0x5
 2342 0063 00       		.byte	0
 2343 0064 00       		.byte	0
 2344 0065 00       		.byte	0
 2345              		.section	.debug_aranges,"",%progbits
 2346 0000 14000000 		.4byte	0x14
 2347 0004 0200     		.2byte	0x2
 2348 0006 00000000 		.4byte	.Ldebug_info0
 2349 000a 04       		.byte	0x4
 2350 000b 00       		.byte	0
 2351 000c 0000     		.2byte	0
 2352 000e 0000     		.2byte	0
 2353 0010 00000000 		.4byte	0
 2354 0014 00000000 		.4byte	0
 2355              		.section	.debug_line,"",%progbits
 2356              	.Ldebug_line0:
 2357 0000 4F000000 		.section	.debug_str,"MS",%progbits,1
 2357      02004900 
 2357      00000201 
 2357      FB0E0D00 
 2357      01010101 
 2358              	.LASF16:
 2359 0000 2E5C4765 		.ascii	".\\Generated_Source\\PSoC5\\cymetadata.c\000"
 2359      6E657261 
 2359      7465645F 
 2359      536F7572 
 2359      63655C50 
 2360              	.LASF9:
 2361 0026 666C6F61 		.ascii	"float\000"
 2361      7400
 2362              	.LASF1:
 2363 002c 756E7369 		.ascii	"unsigned char\000"
 2363      676E6564 
 2363      20636861 
 2363      7200
 2364              	.LASF5:
 2365 003a 6C6F6E67 		.ascii	"long unsigned int\000"
 2365      20756E73 
 2365      69676E65 
 2365      6420696E 
 2365      7400
 2366              	.LASF3:
 2367 004c 73686F72 		.ascii	"short unsigned int\000"
 2367      7420756E 
 2367      7369676E 
 2367      65642069 
 2367      6E7400
 2368              	.LASF10:
 2369 005f 646F7562 		.ascii	"double\000"
 2369      6C6500
ARM GAS  C:\Users\javier\AppData\Local\Temp\cciGBcYl.s 			page 43


 2370              	.LASF14:
 2371 0066 63795F6D 		.ascii	"cy_meta_configecc\000"
 2371      6574615F 
 2371      636F6E66 
 2371      69676563 
 2371      6300
 2372              	.LASF8:
 2373 0078 756E7369 		.ascii	"unsigned int\000"
 2373      676E6564 
 2373      20696E74 
 2373      00
 2374              	.LASF7:
 2375 0085 6C6F6E67 		.ascii	"long long unsigned int\000"
 2375      206C6F6E 
 2375      6720756E 
 2375      7369676E 
 2375      65642069 
 2376              	.LASF13:
 2377 009c 63795F6D 		.ascii	"cy_meta_loadable\000"
 2377      6574615F 
 2377      6C6F6164 
 2377      61626C65 
 2377      00
 2378              	.LASF12:
 2379 00ad 73697A65 		.ascii	"sizetype\000"
 2379      74797065 
 2379      00
 2380              	.LASF6:
 2381 00b6 6C6F6E67 		.ascii	"long long int\000"
 2381      206C6F6E 
 2381      6720696E 
 2381      7400
 2382              	.LASF11:
 2383 00c4 63686172 		.ascii	"char\000"
 2383      00
 2384              	.LASF2:
 2385 00c9 73686F72 		.ascii	"short int\000"
 2385      7420696E 
 2385      7400
 2386              	.LASF18:
 2387 00d3 75696E74 		.ascii	"uint8\000"
 2387      3800
 2388              	.LASF15:
 2389 00d9 474E5520 		.ascii	"GNU C 4.7.3 20130312 (release) [ARM/embedded-4_7-br"
 2389      4320342E 
 2389      372E3320 
 2389      32303133 
 2389      30333132 
 2390 010c 616E6368 		.ascii	"anch revision 196615]\000"
 2390      20726576 
 2390      6973696F 
 2390      6E203139 
 2390      36363135 
 2391              	.LASF4:
 2392 0122 6C6F6E67 		.ascii	"long int\000"
 2392      20696E74 
 2392      00
ARM GAS  C:\Users\javier\AppData\Local\Temp\cciGBcYl.s 			page 44


 2393              	.LASF0:
 2394 012b 7369676E 		.ascii	"signed char\000"
 2394      65642063 
 2394      68617200 
 2395              	.LASF17:
 2396 0137 433A5C50 		.ascii	"C:\\Projects\\PSoC\\Bootloading_PSoC5_LP\\Bootloadi"
 2396      726F6A65 
 2396      6374735C 
 2396      50536F43 
 2396      5C426F6F 
 2397 0166 6E675F50 		.ascii	"ng_PSoC5_LP.cydsn\000"
 2397      536F4335 
 2397      5F4C502E 
 2397      63796473 
 2397      6E00
 2398              		.ident	"GCC: (GNU Tools for ARM Embedded Processors) 4.7.3 20130312 (release) [ARM/embedded-4_7-br
