ARM GAS  C:\Users\javier\AppData\Local\Temp\ccYQ8688.s 			page 1


   1              		.cpu cortex-m0
   2              		.fpu softvfp
   3              		.eabi_attribute 20, 1
   4              		.eabi_attribute 21, 1
   5              		.eabi_attribute 23, 3
   6              		.eabi_attribute 24, 1
   7              		.eabi_attribute 25, 1
   8              		.eabi_attribute 26, 1
   9              		.eabi_attribute 30, 6
  10              		.eabi_attribute 34, 0
  11              		.eabi_attribute 18, 4
  12              		.code	16
  13              		.file	"Buzz_PM.c"
  14              		.text
  15              	.Ltext0:
  16              		.cfi_sections	.debug_frame
  17              		.bss
  18              		.align	2
  19              	Buzz_backup:
  20 0000 00000000 		.space	8
  20      00000000 
  21              		.section	.text.Buzz_SaveConfig,"ax",%progbits
  22              		.align	2
  23              		.global	Buzz_SaveConfig
  24              		.code	16
  25              		.thumb_func
  26              		.type	Buzz_SaveConfig, %function
  27              	Buzz_SaveConfig:
  28              	.LFB0:
  29              		.file 1 ".\\Generated_Source\\PSoC4\\Buzz_PM.c"
   1:.\Generated_Source\PSoC4/Buzz_PM.c **** /*******************************************************************************
   2:.\Generated_Source\PSoC4/Buzz_PM.c **** * File Name: Buzz_PM.c
   3:.\Generated_Source\PSoC4/Buzz_PM.c **** * Version 3.0
   4:.\Generated_Source\PSoC4/Buzz_PM.c **** *
   5:.\Generated_Source\PSoC4/Buzz_PM.c **** * Description:
   6:.\Generated_Source\PSoC4/Buzz_PM.c **** *  This file provides the power management source code to API for the
   7:.\Generated_Source\PSoC4/Buzz_PM.c **** *  PWM.
   8:.\Generated_Source\PSoC4/Buzz_PM.c **** *
   9:.\Generated_Source\PSoC4/Buzz_PM.c **** * Note:
  10:.\Generated_Source\PSoC4/Buzz_PM.c **** *
  11:.\Generated_Source\PSoC4/Buzz_PM.c **** ********************************************************************************
  12:.\Generated_Source\PSoC4/Buzz_PM.c **** * Copyright 2008-2012, Cypress Semiconductor Corporation.  All rights reserved.
  13:.\Generated_Source\PSoC4/Buzz_PM.c **** * You may use this file only in accordance with the license, terms, conditions,
  14:.\Generated_Source\PSoC4/Buzz_PM.c **** * disclaimers, and limitations in the end user license agreement accompanying
  15:.\Generated_Source\PSoC4/Buzz_PM.c **** * the software package with which this file was provided.
  16:.\Generated_Source\PSoC4/Buzz_PM.c **** *******************************************************************************/
  17:.\Generated_Source\PSoC4/Buzz_PM.c **** #include "cytypes.h"
  18:.\Generated_Source\PSoC4/Buzz_PM.c **** #include "Buzz.h"
  19:.\Generated_Source\PSoC4/Buzz_PM.c **** 
  20:.\Generated_Source\PSoC4/Buzz_PM.c **** static Buzz_backupStruct Buzz_backup;
  21:.\Generated_Source\PSoC4/Buzz_PM.c **** 
  22:.\Generated_Source\PSoC4/Buzz_PM.c **** 
  23:.\Generated_Source\PSoC4/Buzz_PM.c **** /*******************************************************************************
  24:.\Generated_Source\PSoC4/Buzz_PM.c **** * Function Name: Buzz_SaveConfig
  25:.\Generated_Source\PSoC4/Buzz_PM.c **** ********************************************************************************
  26:.\Generated_Source\PSoC4/Buzz_PM.c **** *
  27:.\Generated_Source\PSoC4/Buzz_PM.c **** * Summary:
ARM GAS  C:\Users\javier\AppData\Local\Temp\ccYQ8688.s 			page 2


  28:.\Generated_Source\PSoC4/Buzz_PM.c **** *  Saves the current user configuration of the component.
  29:.\Generated_Source\PSoC4/Buzz_PM.c **** *  
  30:.\Generated_Source\PSoC4/Buzz_PM.c **** * Parameters:  
  31:.\Generated_Source\PSoC4/Buzz_PM.c **** *  None
  32:.\Generated_Source\PSoC4/Buzz_PM.c **** *
  33:.\Generated_Source\PSoC4/Buzz_PM.c **** * Return: 
  34:.\Generated_Source\PSoC4/Buzz_PM.c **** *  None
  35:.\Generated_Source\PSoC4/Buzz_PM.c **** *
  36:.\Generated_Source\PSoC4/Buzz_PM.c **** * Global variables:
  37:.\Generated_Source\PSoC4/Buzz_PM.c **** *  Buzz_backup:  Variables of this global structure are modified to 
  38:.\Generated_Source\PSoC4/Buzz_PM.c **** *  store the values of non retention configuration registers when Sleep() API is 
  39:.\Generated_Source\PSoC4/Buzz_PM.c **** *  called.
  40:.\Generated_Source\PSoC4/Buzz_PM.c **** *
  41:.\Generated_Source\PSoC4/Buzz_PM.c **** *******************************************************************************/
  42:.\Generated_Source\PSoC4/Buzz_PM.c **** void Buzz_SaveConfig(void) 
  43:.\Generated_Source\PSoC4/Buzz_PM.c **** {
  30              		.loc 1 43 0
  31              		.cfi_startproc
  32 0000 80B5     		push	{r7, lr}
  33              	.LCFI0:
  34              		.cfi_def_cfa_offset 8
  35              		.cfi_offset 7, -8
  36              		.cfi_offset 14, -4
  37 0002 00AF     		add	r7, sp, #0
  38              	.LCFI1:
  39              		.cfi_def_cfa_register 7
  44:.\Generated_Source\PSoC4/Buzz_PM.c ****     
  45:.\Generated_Source\PSoC4/Buzz_PM.c ****     #if(!Buzz_UsingFixedFunction)
  46:.\Generated_Source\PSoC4/Buzz_PM.c ****         #if(!Buzz_PWMModeIsCenterAligned)
  47:.\Generated_Source\PSoC4/Buzz_PM.c ****             Buzz_backup.PWMPeriod = Buzz_ReadPeriod();
  40              		.loc 1 47 0
  41 0004 FFF7FEFF 		bl	Buzz_ReadPeriod
  42 0008 031C     		mov	r3, r0
  43 000a 1A1C     		mov	r2, r3
  44 000c 074B     		ldr	r3, .L2
  45 000e 9A80     		strh	r2, [r3, #4]
  48:.\Generated_Source\PSoC4/Buzz_PM.c ****         #endif /* (!Buzz_PWMModeIsCenterAligned) */
  49:.\Generated_Source\PSoC4/Buzz_PM.c ****         Buzz_backup.PWMUdb = Buzz_ReadCounter();
  46              		.loc 1 49 0
  47 0010 FFF7FEFF 		bl	Buzz_ReadCounter
  48 0014 031C     		mov	r3, r0
  49 0016 1A1C     		mov	r2, r3
  50 0018 044B     		ldr	r3, .L2
  51 001a 5A80     		strh	r2, [r3, #2]
  50:.\Generated_Source\PSoC4/Buzz_PM.c ****         #if (Buzz_UseStatus)
  51:.\Generated_Source\PSoC4/Buzz_PM.c ****             Buzz_backup.InterruptMaskValue = Buzz_STATUS_MASK;
  52:.\Generated_Source\PSoC4/Buzz_PM.c ****         #endif /* (Buzz_UseStatus) */
  53:.\Generated_Source\PSoC4/Buzz_PM.c ****         
  54:.\Generated_Source\PSoC4/Buzz_PM.c ****         #if(Buzz_DeadBandMode == Buzz__B_PWM__DBM_256_CLOCKS || \
  55:.\Generated_Source\PSoC4/Buzz_PM.c ****             Buzz_DeadBandMode == Buzz__B_PWM__DBM_2_4_CLOCKS)
  56:.\Generated_Source\PSoC4/Buzz_PM.c ****             Buzz_backup.PWMdeadBandValue = Buzz_ReadDeadTime();
  57:.\Generated_Source\PSoC4/Buzz_PM.c ****         #endif /*  deadband count is either 2-4 clocks or 256 clocks */
  58:.\Generated_Source\PSoC4/Buzz_PM.c ****         
  59:.\Generated_Source\PSoC4/Buzz_PM.c ****         #if(Buzz_KillModeMinTime)
  60:.\Generated_Source\PSoC4/Buzz_PM.c ****              Buzz_backup.PWMKillCounterPeriod = Buzz_ReadKillTime();
  61:.\Generated_Source\PSoC4/Buzz_PM.c ****         #endif /* (Buzz_KillModeMinTime) */
  62:.\Generated_Source\PSoC4/Buzz_PM.c ****         
ARM GAS  C:\Users\javier\AppData\Local\Temp\ccYQ8688.s 			page 3


  63:.\Generated_Source\PSoC4/Buzz_PM.c ****         #if(Buzz_UseControl)
  64:.\Generated_Source\PSoC4/Buzz_PM.c ****             Buzz_backup.PWMControlRegister = Buzz_ReadControlRegister();
  52              		.loc 1 64 0
  53 001c FFF7FEFF 		bl	Buzz_ReadControlRegister
  54 0020 031C     		mov	r3, r0
  55 0022 1A1C     		mov	r2, r3
  56 0024 014B     		ldr	r3, .L2
  57 0026 9A71     		strb	r2, [r3, #6]
  65:.\Generated_Source\PSoC4/Buzz_PM.c ****         #endif /* (Buzz_UseControl) */
  66:.\Generated_Source\PSoC4/Buzz_PM.c ****     #endif  /* (!Buzz_UsingFixedFunction) */
  67:.\Generated_Source\PSoC4/Buzz_PM.c **** }
  58              		.loc 1 67 0
  59 0028 BD46     		mov	sp, r7
  60              		@ sp needed for prologue
  61 002a 80BD     		pop	{r7, pc}
  62              	.L3:
  63              		.align	2
  64              	.L2:
  65 002c 00000000 		.word	Buzz_backup
  66              		.cfi_endproc
  67              	.LFE0:
  68              		.size	Buzz_SaveConfig, .-Buzz_SaveConfig
  69              		.section	.text.Buzz_RestoreConfig,"ax",%progbits
  70              		.align	2
  71              		.global	Buzz_RestoreConfig
  72              		.code	16
  73              		.thumb_func
  74              		.type	Buzz_RestoreConfig, %function
  75              	Buzz_RestoreConfig:
  76              	.LFB1:
  68:.\Generated_Source\PSoC4/Buzz_PM.c **** 
  69:.\Generated_Source\PSoC4/Buzz_PM.c **** 
  70:.\Generated_Source\PSoC4/Buzz_PM.c **** /*******************************************************************************
  71:.\Generated_Source\PSoC4/Buzz_PM.c **** * Function Name: Buzz_RestoreConfig
  72:.\Generated_Source\PSoC4/Buzz_PM.c **** ********************************************************************************
  73:.\Generated_Source\PSoC4/Buzz_PM.c **** * 
  74:.\Generated_Source\PSoC4/Buzz_PM.c **** * Summary:
  75:.\Generated_Source\PSoC4/Buzz_PM.c **** *  Restores the current user configuration of the component.
  76:.\Generated_Source\PSoC4/Buzz_PM.c **** *
  77:.\Generated_Source\PSoC4/Buzz_PM.c **** * Parameters:  
  78:.\Generated_Source\PSoC4/Buzz_PM.c **** *  None
  79:.\Generated_Source\PSoC4/Buzz_PM.c **** *
  80:.\Generated_Source\PSoC4/Buzz_PM.c **** * Return: 
  81:.\Generated_Source\PSoC4/Buzz_PM.c **** *  None
  82:.\Generated_Source\PSoC4/Buzz_PM.c **** *
  83:.\Generated_Source\PSoC4/Buzz_PM.c **** * Global variables:
  84:.\Generated_Source\PSoC4/Buzz_PM.c **** *  Buzz_backup:  Variables of this global structure are used to  
  85:.\Generated_Source\PSoC4/Buzz_PM.c **** *  restore the values of non retention registers on wakeup from sleep mode.
  86:.\Generated_Source\PSoC4/Buzz_PM.c **** *
  87:.\Generated_Source\PSoC4/Buzz_PM.c **** *******************************************************************************/
  88:.\Generated_Source\PSoC4/Buzz_PM.c **** void Buzz_RestoreConfig(void) 
  89:.\Generated_Source\PSoC4/Buzz_PM.c **** {
  77              		.loc 1 89 0
  78              		.cfi_startproc
  79 0000 80B5     		push	{r7, lr}
  80              	.LCFI2:
  81              		.cfi_def_cfa_offset 8
ARM GAS  C:\Users\javier\AppData\Local\Temp\ccYQ8688.s 			page 4


  82              		.cfi_offset 7, -8
  83              		.cfi_offset 14, -4
  84 0002 00AF     		add	r7, sp, #0
  85              	.LCFI3:
  86              		.cfi_def_cfa_register 7
  90:.\Generated_Source\PSoC4/Buzz_PM.c ****         #if(!Buzz_UsingFixedFunction)
  91:.\Generated_Source\PSoC4/Buzz_PM.c ****             #if(!Buzz_PWMModeIsCenterAligned)
  92:.\Generated_Source\PSoC4/Buzz_PM.c ****                 Buzz_WritePeriod(Buzz_backup.PWMPeriod);
  87              		.loc 1 92 0
  88 0004 084B     		ldr	r3, .L5
  89 0006 9B88     		ldrh	r3, [r3, #4]
  90 0008 181C     		mov	r0, r3
  91 000a FFF7FEFF 		bl	Buzz_WritePeriod
  93:.\Generated_Source\PSoC4/Buzz_PM.c ****             #endif /* (!Buzz_PWMModeIsCenterAligned) */
  94:.\Generated_Source\PSoC4/Buzz_PM.c ****             Buzz_WriteCounter(Buzz_backup.PWMUdb);
  92              		.loc 1 94 0
  93 000e 064B     		ldr	r3, .L5
  94 0010 5B88     		ldrh	r3, [r3, #2]
  95 0012 181C     		mov	r0, r3
  96 0014 FFF7FEFF 		bl	Buzz_WriteCounter
  95:.\Generated_Source\PSoC4/Buzz_PM.c ****             #if (Buzz_UseStatus)
  96:.\Generated_Source\PSoC4/Buzz_PM.c ****                 Buzz_STATUS_MASK = Buzz_backup.InterruptMaskValue;
  97:.\Generated_Source\PSoC4/Buzz_PM.c ****             #endif /* (Buzz_UseStatus) */
  98:.\Generated_Source\PSoC4/Buzz_PM.c ****             
  99:.\Generated_Source\PSoC4/Buzz_PM.c ****             #if(Buzz_DeadBandMode == Buzz__B_PWM__DBM_256_CLOCKS || \
 100:.\Generated_Source\PSoC4/Buzz_PM.c ****                 Buzz_DeadBandMode == Buzz__B_PWM__DBM_2_4_CLOCKS)
 101:.\Generated_Source\PSoC4/Buzz_PM.c ****                 Buzz_WriteDeadTime(Buzz_backup.PWMdeadBandValue);
 102:.\Generated_Source\PSoC4/Buzz_PM.c ****             #endif /* deadband count is either 2-4 clocks or 256 clocks */
 103:.\Generated_Source\PSoC4/Buzz_PM.c ****             
 104:.\Generated_Source\PSoC4/Buzz_PM.c ****             #if(Buzz_KillModeMinTime)
 105:.\Generated_Source\PSoC4/Buzz_PM.c ****                 Buzz_WriteKillTime(Buzz_backup.PWMKillCounterPeriod);
 106:.\Generated_Source\PSoC4/Buzz_PM.c ****             #endif /* (Buzz_KillModeMinTime) */
 107:.\Generated_Source\PSoC4/Buzz_PM.c ****             
 108:.\Generated_Source\PSoC4/Buzz_PM.c ****             #if(Buzz_UseControl)
 109:.\Generated_Source\PSoC4/Buzz_PM.c ****                 Buzz_WriteControlRegister(Buzz_backup.PWMControlRegister); 
  97              		.loc 1 109 0
  98 0018 034B     		ldr	r3, .L5
  99 001a 9B79     		ldrb	r3, [r3, #6]
 100 001c 181C     		mov	r0, r3
 101 001e FFF7FEFF 		bl	Buzz_WriteControlRegister
 110:.\Generated_Source\PSoC4/Buzz_PM.c ****             #endif /* (Buzz_UseControl) */
 111:.\Generated_Source\PSoC4/Buzz_PM.c ****         #endif  /* (!Buzz_UsingFixedFunction) */
 112:.\Generated_Source\PSoC4/Buzz_PM.c ****     }
 102              		.loc 1 112 0
 103 0022 BD46     		mov	sp, r7
 104              		@ sp needed for prologue
 105 0024 80BD     		pop	{r7, pc}
 106              	.L6:
 107 0026 C046     		.align	2
 108              	.L5:
 109 0028 00000000 		.word	Buzz_backup
 110              		.cfi_endproc
 111              	.LFE1:
 112              		.size	Buzz_RestoreConfig, .-Buzz_RestoreConfig
 113              		.section	.text.Buzz_Sleep,"ax",%progbits
 114              		.align	2
 115              		.global	Buzz_Sleep
ARM GAS  C:\Users\javier\AppData\Local\Temp\ccYQ8688.s 			page 5


 116              		.code	16
 117              		.thumb_func
 118              		.type	Buzz_Sleep, %function
 119              	Buzz_Sleep:
 120              	.LFB2:
 113:.\Generated_Source\PSoC4/Buzz_PM.c **** 
 114:.\Generated_Source\PSoC4/Buzz_PM.c **** 
 115:.\Generated_Source\PSoC4/Buzz_PM.c **** /*******************************************************************************
 116:.\Generated_Source\PSoC4/Buzz_PM.c **** * Function Name: Buzz_Sleep
 117:.\Generated_Source\PSoC4/Buzz_PM.c **** ********************************************************************************
 118:.\Generated_Source\PSoC4/Buzz_PM.c **** * 
 119:.\Generated_Source\PSoC4/Buzz_PM.c **** * Summary:
 120:.\Generated_Source\PSoC4/Buzz_PM.c **** *  Disables block's operation and saves the user configuration. Should be called 
 121:.\Generated_Source\PSoC4/Buzz_PM.c **** *  just prior to entering sleep.
 122:.\Generated_Source\PSoC4/Buzz_PM.c **** *  
 123:.\Generated_Source\PSoC4/Buzz_PM.c **** * Parameters:  
 124:.\Generated_Source\PSoC4/Buzz_PM.c **** *  None
 125:.\Generated_Source\PSoC4/Buzz_PM.c **** *
 126:.\Generated_Source\PSoC4/Buzz_PM.c **** * Return: 
 127:.\Generated_Source\PSoC4/Buzz_PM.c **** *  None
 128:.\Generated_Source\PSoC4/Buzz_PM.c **** *
 129:.\Generated_Source\PSoC4/Buzz_PM.c **** * Global variables:
 130:.\Generated_Source\PSoC4/Buzz_PM.c **** *  Buzz_backup.PWMEnableState:  Is modified depending on the enable 
 131:.\Generated_Source\PSoC4/Buzz_PM.c **** *  state of the block before entering sleep mode.
 132:.\Generated_Source\PSoC4/Buzz_PM.c **** *
 133:.\Generated_Source\PSoC4/Buzz_PM.c **** *******************************************************************************/
 134:.\Generated_Source\PSoC4/Buzz_PM.c **** void Buzz_Sleep(void) 
 135:.\Generated_Source\PSoC4/Buzz_PM.c **** {
 121              		.loc 1 135 0
 122              		.cfi_startproc
 123 0000 80B5     		push	{r7, lr}
 124              	.LCFI4:
 125              		.cfi_def_cfa_offset 8
 126              		.cfi_offset 7, -8
 127              		.cfi_offset 14, -4
 128 0002 00AF     		add	r7, sp, #0
 129              	.LCFI5:
 130              		.cfi_def_cfa_register 7
 136:.\Generated_Source\PSoC4/Buzz_PM.c ****     #if(Buzz_UseControl)
 137:.\Generated_Source\PSoC4/Buzz_PM.c ****         if(Buzz_CTRL_ENABLE == (Buzz_CONTROL & Buzz_CTRL_ENABLE))
 131              		.loc 1 137 0
 132 0004 094B     		ldr	r3, .L10
 133 0006 1B78     		ldrb	r3, [r3]
 134 0008 DBB2     		uxtb	r3, r3
 135 000a DBB2     		uxtb	r3, r3
 136 000c 5BB2     		sxtb	r3, r3
 137 000e 002B     		cmp	r3, #0
 138 0010 03DA     		bge	.L8
 138:.\Generated_Source\PSoC4/Buzz_PM.c ****         {
 139:.\Generated_Source\PSoC4/Buzz_PM.c ****             /*Component is enabled */
 140:.\Generated_Source\PSoC4/Buzz_PM.c ****             Buzz_backup.PWMEnableState = 1u;
 139              		.loc 1 140 0
 140 0012 074B     		ldr	r3, .L10+4
 141 0014 0122     		mov	r2, #1
 142 0016 1A70     		strb	r2, [r3]
 143 0018 02E0     		b	.L9
 144              	.L8:
ARM GAS  C:\Users\javier\AppData\Local\Temp\ccYQ8688.s 			page 6


 141:.\Generated_Source\PSoC4/Buzz_PM.c ****         }
 142:.\Generated_Source\PSoC4/Buzz_PM.c ****         else
 143:.\Generated_Source\PSoC4/Buzz_PM.c ****         {
 144:.\Generated_Source\PSoC4/Buzz_PM.c ****             /* Component is disabled */
 145:.\Generated_Source\PSoC4/Buzz_PM.c ****             Buzz_backup.PWMEnableState = 0u;
 145              		.loc 1 145 0
 146 001a 054B     		ldr	r3, .L10+4
 147 001c 0022     		mov	r2, #0
 148 001e 1A70     		strb	r2, [r3]
 149              	.L9:
 146:.\Generated_Source\PSoC4/Buzz_PM.c ****         }
 147:.\Generated_Source\PSoC4/Buzz_PM.c ****     #endif /* (Buzz_UseControl) */
 148:.\Generated_Source\PSoC4/Buzz_PM.c **** 
 149:.\Generated_Source\PSoC4/Buzz_PM.c ****     /* Stop component */
 150:.\Generated_Source\PSoC4/Buzz_PM.c ****     Buzz_Stop();
 150              		.loc 1 150 0
 151 0020 FFF7FEFF 		bl	Buzz_Stop
 151:.\Generated_Source\PSoC4/Buzz_PM.c ****     
 152:.\Generated_Source\PSoC4/Buzz_PM.c ****     /* Save registers configuration */
 153:.\Generated_Source\PSoC4/Buzz_PM.c ****     Buzz_SaveConfig();
 152              		.loc 1 153 0
 153 0024 FFF7FEFF 		bl	Buzz_SaveConfig
 154:.\Generated_Source\PSoC4/Buzz_PM.c **** }
 154              		.loc 1 154 0
 155 0028 BD46     		mov	sp, r7
 156              		@ sp needed for prologue
 157 002a 80BD     		pop	{r7, pc}
 158              	.L11:
 159              		.align	2
 160              	.L10:
 161 002c 71000F40 		.word	1074724977
 162 0030 00000000 		.word	Buzz_backup
 163              		.cfi_endproc
 164              	.LFE2:
 165              		.size	Buzz_Sleep, .-Buzz_Sleep
 166              		.section	.text.Buzz_Wakeup,"ax",%progbits
 167              		.align	2
 168              		.global	Buzz_Wakeup
 169              		.code	16
 170              		.thumb_func
 171              		.type	Buzz_Wakeup, %function
 172              	Buzz_Wakeup:
 173              	.LFB3:
 155:.\Generated_Source\PSoC4/Buzz_PM.c **** 
 156:.\Generated_Source\PSoC4/Buzz_PM.c **** 
 157:.\Generated_Source\PSoC4/Buzz_PM.c **** /*******************************************************************************
 158:.\Generated_Source\PSoC4/Buzz_PM.c **** * Function Name: Buzz_Wakeup
 159:.\Generated_Source\PSoC4/Buzz_PM.c **** ********************************************************************************
 160:.\Generated_Source\PSoC4/Buzz_PM.c **** * 
 161:.\Generated_Source\PSoC4/Buzz_PM.c **** * Summary:
 162:.\Generated_Source\PSoC4/Buzz_PM.c **** *  Restores and enables the user configuration. Should be called just after 
 163:.\Generated_Source\PSoC4/Buzz_PM.c **** *  awaking from sleep.
 164:.\Generated_Source\PSoC4/Buzz_PM.c **** *  
 165:.\Generated_Source\PSoC4/Buzz_PM.c **** * Parameters:  
 166:.\Generated_Source\PSoC4/Buzz_PM.c **** *  None
 167:.\Generated_Source\PSoC4/Buzz_PM.c **** *
 168:.\Generated_Source\PSoC4/Buzz_PM.c **** * Return: 
ARM GAS  C:\Users\javier\AppData\Local\Temp\ccYQ8688.s 			page 7


 169:.\Generated_Source\PSoC4/Buzz_PM.c **** *  None
 170:.\Generated_Source\PSoC4/Buzz_PM.c **** *
 171:.\Generated_Source\PSoC4/Buzz_PM.c **** * Global variables:
 172:.\Generated_Source\PSoC4/Buzz_PM.c **** *  Buzz_backup.pwmEnable:  Is used to restore the enable state of 
 173:.\Generated_Source\PSoC4/Buzz_PM.c **** *  block on wakeup from sleep mode.
 174:.\Generated_Source\PSoC4/Buzz_PM.c **** *
 175:.\Generated_Source\PSoC4/Buzz_PM.c **** *******************************************************************************/
 176:.\Generated_Source\PSoC4/Buzz_PM.c **** void Buzz_Wakeup(void) 
 177:.\Generated_Source\PSoC4/Buzz_PM.c **** {
 174              		.loc 1 177 0
 175              		.cfi_startproc
 176 0000 80B5     		push	{r7, lr}
 177              	.LCFI6:
 178              		.cfi_def_cfa_offset 8
 179              		.cfi_offset 7, -8
 180              		.cfi_offset 14, -4
 181 0002 00AF     		add	r7, sp, #0
 182              	.LCFI7:
 183              		.cfi_def_cfa_register 7
 178:.\Generated_Source\PSoC4/Buzz_PM.c ****      /* Restore registers values */
 179:.\Generated_Source\PSoC4/Buzz_PM.c ****     Buzz_RestoreConfig();
 184              		.loc 1 179 0
 185 0004 FFF7FEFF 		bl	Buzz_RestoreConfig
 180:.\Generated_Source\PSoC4/Buzz_PM.c ****     
 181:.\Generated_Source\PSoC4/Buzz_PM.c ****     if(Buzz_backup.PWMEnableState != 0u)
 186              		.loc 1 181 0
 187 0008 034B     		ldr	r3, .L14
 188 000a 1B78     		ldrb	r3, [r3]
 189 000c 002B     		cmp	r3, #0
 190 000e 01D0     		beq	.L12
 182:.\Generated_Source\PSoC4/Buzz_PM.c ****     {
 183:.\Generated_Source\PSoC4/Buzz_PM.c ****         /* Enable component's operation */
 184:.\Generated_Source\PSoC4/Buzz_PM.c ****         Buzz_Enable();
 191              		.loc 1 184 0
 192 0010 FFF7FEFF 		bl	Buzz_Enable
 193              	.L12:
 185:.\Generated_Source\PSoC4/Buzz_PM.c ****     } /* Do nothing if component's block was disabled before */
 186:.\Generated_Source\PSoC4/Buzz_PM.c ****     
 187:.\Generated_Source\PSoC4/Buzz_PM.c **** }
 194              		.loc 1 187 0
 195 0014 BD46     		mov	sp, r7
 196              		@ sp needed for prologue
 197 0016 80BD     		pop	{r7, pc}
 198              	.L15:
 199              		.align	2
 200              	.L14:
 201 0018 00000000 		.word	Buzz_backup
 202              		.cfi_endproc
 203              	.LFE3:
 204              		.size	Buzz_Wakeup, .-Buzz_Wakeup
 205              		.text
 206              	.Letext0:
 207              		.file 2 ".\\Generated_Source\\PSoC4\\cytypes.h"
 208              		.file 3 ".\\Generated_Source\\PSoC4\\Buzz.h"
 209              		.section	.debug_info,"",%progbits
 210              	.Ldebug_info0:
 211 0000 63010000 		.4byte	0x163
ARM GAS  C:\Users\javier\AppData\Local\Temp\ccYQ8688.s 			page 8


 212 0004 0200     		.2byte	0x2
 213 0006 00000000 		.4byte	.Ldebug_abbrev0
 214 000a 04       		.byte	0x4
 215 000b 01       		.uleb128 0x1
 216 000c 71000000 		.4byte	.LASF25
 217 0010 01       		.byte	0x1
 218 0011 81010000 		.4byte	.LASF26
 219 0015 2A000000 		.4byte	.LASF27
 220 0019 00000000 		.4byte	.Ldebug_ranges0+0
 221 001d 00000000 		.4byte	0
 222 0021 00000000 		.4byte	0
 223 0025 00000000 		.4byte	.Ldebug_line0
 224 0029 02       		.uleb128 0x2
 225 002a 01       		.byte	0x1
 226 002b 06       		.byte	0x6
 227 002c 75010000 		.4byte	.LASF0
 228 0030 02       		.uleb128 0x2
 229 0031 01       		.byte	0x1
 230 0032 08       		.byte	0x8
 231 0033 00010000 		.4byte	.LASF1
 232 0037 02       		.uleb128 0x2
 233 0038 02       		.byte	0x2
 234 0039 05       		.byte	0x5
 235 003a AA010000 		.4byte	.LASF2
 236 003e 02       		.uleb128 0x2
 237 003f 02       		.byte	0x2
 238 0040 07       		.byte	0x7
 239 0041 62010000 		.4byte	.LASF3
 240 0045 02       		.uleb128 0x2
 241 0046 04       		.byte	0x4
 242 0047 05       		.byte	0x5
 243 0048 28010000 		.4byte	.LASF4
 244 004c 02       		.uleb128 0x2
 245 004d 04       		.byte	0x4
 246 004e 07       		.byte	0x7
 247 004f C0000000 		.4byte	.LASF5
 248 0053 02       		.uleb128 0x2
 249 0054 08       		.byte	0x8
 250 0055 05       		.byte	0x5
 251 0056 00000000 		.4byte	.LASF6
 252 005a 02       		.uleb128 0x2
 253 005b 08       		.byte	0x8
 254 005c 07       		.byte	0x7
 255 005d D2000000 		.4byte	.LASF7
 256 0061 03       		.uleb128 0x3
 257 0062 04       		.byte	0x4
 258 0063 05       		.byte	0x5
 259 0064 696E7400 		.ascii	"int\000"
 260 0068 02       		.uleb128 0x2
 261 0069 04       		.byte	0x4
 262 006a 07       		.byte	0x7
 263 006b 0E000000 		.4byte	.LASF8
 264 006f 04       		.uleb128 0x4
 265 0070 BA000000 		.4byte	.LASF9
 266 0074 02       		.byte	0x2
 267 0075 5B       		.byte	0x5b
 268 0076 30000000 		.4byte	0x30
ARM GAS  C:\Users\javier\AppData\Local\Temp\ccYQ8688.s 			page 9


 269 007a 04       		.uleb128 0x4
 270 007b B4010000 		.4byte	.LASF10
 271 007f 02       		.byte	0x2
 272 0080 5C       		.byte	0x5c
 273 0081 3E000000 		.4byte	0x3e
 274 0085 02       		.uleb128 0x2
 275 0086 04       		.byte	0x4
 276 0087 04       		.byte	0x4
 277 0088 A4010000 		.4byte	.LASF11
 278 008c 02       		.uleb128 0x2
 279 008d 08       		.byte	0x8
 280 008e 04       		.byte	0x4
 281 008f 3C010000 		.4byte	.LASF12
 282 0093 02       		.uleb128 0x2
 283 0094 01       		.byte	0x1
 284 0095 08       		.byte	0x8
 285 0096 FB000000 		.4byte	.LASF13
 286 009a 04       		.uleb128 0x4
 287 009b BB010000 		.4byte	.LASF14
 288 009f 02       		.byte	0x2
 289 00a0 F0       		.byte	0xf0
 290 00a1 A5000000 		.4byte	0xa5
 291 00a5 05       		.uleb128 0x5
 292 00a6 6F000000 		.4byte	0x6f
 293 00aa 02       		.uleb128 0x2
 294 00ab 04       		.byte	0x4
 295 00ac 07       		.byte	0x7
 296 00ad CA010000 		.4byte	.LASF15
 297 00b1 06       		.uleb128 0x6
 298 00b2 08       		.byte	0x8
 299 00b3 03       		.byte	0x3
 300 00b4 6A       		.byte	0x6a
 301 00b5 F2000000 		.4byte	0xf2
 302 00b9 07       		.uleb128 0x7
 303 00ba 1B000000 		.4byte	.LASF16
 304 00be 03       		.byte	0x3
 305 00bf 6D       		.byte	0x6d
 306 00c0 6F000000 		.4byte	0x6f
 307 00c4 02       		.byte	0x2
 308 00c5 23       		.byte	0x23
 309 00c6 00       		.uleb128 0
 310 00c7 07       		.uleb128 0x7
 311 00c8 0E010000 		.4byte	.LASF17
 312 00cc 03       		.byte	0x3
 313 00cd 70       		.byte	0x70
 314 00ce 7A000000 		.4byte	0x7a
 315 00d2 02       		.byte	0x2
 316 00d3 23       		.byte	0x23
 317 00d4 02       		.uleb128 0x2
 318 00d5 07       		.uleb128 0x7
 319 00d6 C0010000 		.4byte	.LASF18
 320 00da 03       		.byte	0x3
 321 00db 72       		.byte	0x72
 322 00dc 7A000000 		.4byte	0x7a
 323 00e0 02       		.byte	0x2
 324 00e1 23       		.byte	0x23
 325 00e2 04       		.uleb128 0x4
ARM GAS  C:\Users\javier\AppData\Local\Temp\ccYQ8688.s 			page 10


 326 00e3 07       		.uleb128 0x7
 327 00e4 15010000 		.4byte	.LASF19
 328 00e8 03       		.byte	0x3
 329 00e9 85       		.byte	0x85
 330 00ea 6F000000 		.4byte	0x6f
 331 00ee 02       		.byte	0x2
 332 00ef 23       		.byte	0x23
 333 00f0 06       		.uleb128 0x6
 334 00f1 00       		.byte	0
 335 00f2 04       		.uleb128 0x4
 336 00f3 E9000000 		.4byte	.LASF20
 337 00f7 03       		.byte	0x3
 338 00f8 8A       		.byte	0x8a
 339 00f9 B1000000 		.4byte	0xb1
 340 00fd 08       		.uleb128 0x8
 341 00fe 01       		.byte	0x1
 342 00ff 61000000 		.4byte	.LASF21
 343 0103 01       		.byte	0x1
 344 0104 2A       		.byte	0x2a
 345 0105 01       		.byte	0x1
 346 0106 00000000 		.4byte	.LFB0
 347 010a 30000000 		.4byte	.LFE0
 348 010e 00000000 		.4byte	.LLST0
 349 0112 01       		.byte	0x1
 350 0113 08       		.uleb128 0x8
 351 0114 01       		.byte	0x1
 352 0115 4F010000 		.4byte	.LASF22
 353 0119 01       		.byte	0x1
 354 011a 58       		.byte	0x58
 355 011b 01       		.byte	0x1
 356 011c 00000000 		.4byte	.LFB1
 357 0120 2C000000 		.4byte	.LFE1
 358 0124 2C000000 		.4byte	.LLST1
 359 0128 01       		.byte	0x1
 360 0129 08       		.uleb128 0x8
 361 012a 01       		.byte	0x1
 362 012b 31010000 		.4byte	.LASF23
 363 012f 01       		.byte	0x1
 364 0130 86       		.byte	0x86
 365 0131 01       		.byte	0x1
 366 0132 00000000 		.4byte	.LFB2
 367 0136 34000000 		.4byte	.LFE2
 368 013a 58000000 		.4byte	.LLST2
 369 013e 01       		.byte	0x1
 370 013f 08       		.uleb128 0x8
 371 0140 01       		.byte	0x1
 372 0141 D3010000 		.4byte	.LASF24
 373 0145 01       		.byte	0x1
 374 0146 B0       		.byte	0xb0
 375 0147 01       		.byte	0x1
 376 0148 00000000 		.4byte	.LFB3
 377 014c 1C000000 		.4byte	.LFE3
 378 0150 84000000 		.4byte	.LLST3
 379 0154 01       		.byte	0x1
 380 0155 09       		.uleb128 0x9
 381 0156 43010000 		.4byte	.LASF28
 382 015a 01       		.byte	0x1
ARM GAS  C:\Users\javier\AppData\Local\Temp\ccYQ8688.s 			page 11


 383 015b 14       		.byte	0x14
 384 015c F2000000 		.4byte	0xf2
 385 0160 05       		.byte	0x5
 386 0161 03       		.byte	0x3
 387 0162 00000000 		.4byte	Buzz_backup
 388 0166 00       		.byte	0
 389              		.section	.debug_abbrev,"",%progbits
 390              	.Ldebug_abbrev0:
 391 0000 01       		.uleb128 0x1
 392 0001 11       		.uleb128 0x11
 393 0002 01       		.byte	0x1
 394 0003 25       		.uleb128 0x25
 395 0004 0E       		.uleb128 0xe
 396 0005 13       		.uleb128 0x13
 397 0006 0B       		.uleb128 0xb
 398 0007 03       		.uleb128 0x3
 399 0008 0E       		.uleb128 0xe
 400 0009 1B       		.uleb128 0x1b
 401 000a 0E       		.uleb128 0xe
 402 000b 55       		.uleb128 0x55
 403 000c 06       		.uleb128 0x6
 404 000d 11       		.uleb128 0x11
 405 000e 01       		.uleb128 0x1
 406 000f 52       		.uleb128 0x52
 407 0010 01       		.uleb128 0x1
 408 0011 10       		.uleb128 0x10
 409 0012 06       		.uleb128 0x6
 410 0013 00       		.byte	0
 411 0014 00       		.byte	0
 412 0015 02       		.uleb128 0x2
 413 0016 24       		.uleb128 0x24
 414 0017 00       		.byte	0
 415 0018 0B       		.uleb128 0xb
 416 0019 0B       		.uleb128 0xb
 417 001a 3E       		.uleb128 0x3e
 418 001b 0B       		.uleb128 0xb
 419 001c 03       		.uleb128 0x3
 420 001d 0E       		.uleb128 0xe
 421 001e 00       		.byte	0
 422 001f 00       		.byte	0
 423 0020 03       		.uleb128 0x3
 424 0021 24       		.uleb128 0x24
 425 0022 00       		.byte	0
 426 0023 0B       		.uleb128 0xb
 427 0024 0B       		.uleb128 0xb
 428 0025 3E       		.uleb128 0x3e
 429 0026 0B       		.uleb128 0xb
 430 0027 03       		.uleb128 0x3
 431 0028 08       		.uleb128 0x8
 432 0029 00       		.byte	0
 433 002a 00       		.byte	0
 434 002b 04       		.uleb128 0x4
 435 002c 16       		.uleb128 0x16
 436 002d 00       		.byte	0
 437 002e 03       		.uleb128 0x3
 438 002f 0E       		.uleb128 0xe
 439 0030 3A       		.uleb128 0x3a
ARM GAS  C:\Users\javier\AppData\Local\Temp\ccYQ8688.s 			page 12


 440 0031 0B       		.uleb128 0xb
 441 0032 3B       		.uleb128 0x3b
 442 0033 0B       		.uleb128 0xb
 443 0034 49       		.uleb128 0x49
 444 0035 13       		.uleb128 0x13
 445 0036 00       		.byte	0
 446 0037 00       		.byte	0
 447 0038 05       		.uleb128 0x5
 448 0039 35       		.uleb128 0x35
 449 003a 00       		.byte	0
 450 003b 49       		.uleb128 0x49
 451 003c 13       		.uleb128 0x13
 452 003d 00       		.byte	0
 453 003e 00       		.byte	0
 454 003f 06       		.uleb128 0x6
 455 0040 13       		.uleb128 0x13
 456 0041 01       		.byte	0x1
 457 0042 0B       		.uleb128 0xb
 458 0043 0B       		.uleb128 0xb
 459 0044 3A       		.uleb128 0x3a
 460 0045 0B       		.uleb128 0xb
 461 0046 3B       		.uleb128 0x3b
 462 0047 0B       		.uleb128 0xb
 463 0048 01       		.uleb128 0x1
 464 0049 13       		.uleb128 0x13
 465 004a 00       		.byte	0
 466 004b 00       		.byte	0
 467 004c 07       		.uleb128 0x7
 468 004d 0D       		.uleb128 0xd
 469 004e 00       		.byte	0
 470 004f 03       		.uleb128 0x3
 471 0050 0E       		.uleb128 0xe
 472 0051 3A       		.uleb128 0x3a
 473 0052 0B       		.uleb128 0xb
 474 0053 3B       		.uleb128 0x3b
 475 0054 0B       		.uleb128 0xb
 476 0055 49       		.uleb128 0x49
 477 0056 13       		.uleb128 0x13
 478 0057 38       		.uleb128 0x38
 479 0058 0A       		.uleb128 0xa
 480 0059 00       		.byte	0
 481 005a 00       		.byte	0
 482 005b 08       		.uleb128 0x8
 483 005c 2E       		.uleb128 0x2e
 484 005d 00       		.byte	0
 485 005e 3F       		.uleb128 0x3f
 486 005f 0C       		.uleb128 0xc
 487 0060 03       		.uleb128 0x3
 488 0061 0E       		.uleb128 0xe
 489 0062 3A       		.uleb128 0x3a
 490 0063 0B       		.uleb128 0xb
 491 0064 3B       		.uleb128 0x3b
 492 0065 0B       		.uleb128 0xb
 493 0066 27       		.uleb128 0x27
 494 0067 0C       		.uleb128 0xc
 495 0068 11       		.uleb128 0x11
 496 0069 01       		.uleb128 0x1
ARM GAS  C:\Users\javier\AppData\Local\Temp\ccYQ8688.s 			page 13


 497 006a 12       		.uleb128 0x12
 498 006b 01       		.uleb128 0x1
 499 006c 40       		.uleb128 0x40
 500 006d 06       		.uleb128 0x6
 501 006e 9642     		.uleb128 0x2116
 502 0070 0C       		.uleb128 0xc
 503 0071 00       		.byte	0
 504 0072 00       		.byte	0
 505 0073 09       		.uleb128 0x9
 506 0074 34       		.uleb128 0x34
 507 0075 00       		.byte	0
 508 0076 03       		.uleb128 0x3
 509 0077 0E       		.uleb128 0xe
 510 0078 3A       		.uleb128 0x3a
 511 0079 0B       		.uleb128 0xb
 512 007a 3B       		.uleb128 0x3b
 513 007b 0B       		.uleb128 0xb
 514 007c 49       		.uleb128 0x49
 515 007d 13       		.uleb128 0x13
 516 007e 02       		.uleb128 0x2
 517 007f 0A       		.uleb128 0xa
 518 0080 00       		.byte	0
 519 0081 00       		.byte	0
 520 0082 00       		.byte	0
 521              		.section	.debug_loc,"",%progbits
 522              	.Ldebug_loc0:
 523              	.LLST0:
 524 0000 00000000 		.4byte	.LFB0
 525 0004 02000000 		.4byte	.LCFI0
 526 0008 0200     		.2byte	0x2
 527 000a 7D       		.byte	0x7d
 528 000b 00       		.sleb128 0
 529 000c 02000000 		.4byte	.LCFI0
 530 0010 04000000 		.4byte	.LCFI1
 531 0014 0200     		.2byte	0x2
 532 0016 7D       		.byte	0x7d
 533 0017 08       		.sleb128 8
 534 0018 04000000 		.4byte	.LCFI1
 535 001c 30000000 		.4byte	.LFE0
 536 0020 0200     		.2byte	0x2
 537 0022 77       		.byte	0x77
 538 0023 08       		.sleb128 8
 539 0024 00000000 		.4byte	0
 540 0028 00000000 		.4byte	0
 541              	.LLST1:
 542 002c 00000000 		.4byte	.LFB1
 543 0030 02000000 		.4byte	.LCFI2
 544 0034 0200     		.2byte	0x2
 545 0036 7D       		.byte	0x7d
 546 0037 00       		.sleb128 0
 547 0038 02000000 		.4byte	.LCFI2
 548 003c 04000000 		.4byte	.LCFI3
 549 0040 0200     		.2byte	0x2
 550 0042 7D       		.byte	0x7d
 551 0043 08       		.sleb128 8
 552 0044 04000000 		.4byte	.LCFI3
 553 0048 2C000000 		.4byte	.LFE1
ARM GAS  C:\Users\javier\AppData\Local\Temp\ccYQ8688.s 			page 14


 554 004c 0200     		.2byte	0x2
 555 004e 77       		.byte	0x77
 556 004f 08       		.sleb128 8
 557 0050 00000000 		.4byte	0
 558 0054 00000000 		.4byte	0
 559              	.LLST2:
 560 0058 00000000 		.4byte	.LFB2
 561 005c 02000000 		.4byte	.LCFI4
 562 0060 0200     		.2byte	0x2
 563 0062 7D       		.byte	0x7d
 564 0063 00       		.sleb128 0
 565 0064 02000000 		.4byte	.LCFI4
 566 0068 04000000 		.4byte	.LCFI5
 567 006c 0200     		.2byte	0x2
 568 006e 7D       		.byte	0x7d
 569 006f 08       		.sleb128 8
 570 0070 04000000 		.4byte	.LCFI5
 571 0074 34000000 		.4byte	.LFE2
 572 0078 0200     		.2byte	0x2
 573 007a 77       		.byte	0x77
 574 007b 08       		.sleb128 8
 575 007c 00000000 		.4byte	0
 576 0080 00000000 		.4byte	0
 577              	.LLST3:
 578 0084 00000000 		.4byte	.LFB3
 579 0088 02000000 		.4byte	.LCFI6
 580 008c 0200     		.2byte	0x2
 581 008e 7D       		.byte	0x7d
 582 008f 00       		.sleb128 0
 583 0090 02000000 		.4byte	.LCFI6
 584 0094 04000000 		.4byte	.LCFI7
 585 0098 0200     		.2byte	0x2
 586 009a 7D       		.byte	0x7d
 587 009b 08       		.sleb128 8
 588 009c 04000000 		.4byte	.LCFI7
 589 00a0 1C000000 		.4byte	.LFE3
 590 00a4 0200     		.2byte	0x2
 591 00a6 77       		.byte	0x77
 592 00a7 08       		.sleb128 8
 593 00a8 00000000 		.4byte	0
 594 00ac 00000000 		.4byte	0
 595              		.section	.debug_aranges,"",%progbits
 596 0000 34000000 		.4byte	0x34
 597 0004 0200     		.2byte	0x2
 598 0006 00000000 		.4byte	.Ldebug_info0
 599 000a 04       		.byte	0x4
 600 000b 00       		.byte	0
 601 000c 0000     		.2byte	0
 602 000e 0000     		.2byte	0
 603 0010 00000000 		.4byte	.LFB0
 604 0014 30000000 		.4byte	.LFE0-.LFB0
 605 0018 00000000 		.4byte	.LFB1
 606 001c 2C000000 		.4byte	.LFE1-.LFB1
 607 0020 00000000 		.4byte	.LFB2
 608 0024 34000000 		.4byte	.LFE2-.LFB2
 609 0028 00000000 		.4byte	.LFB3
 610 002c 1C000000 		.4byte	.LFE3-.LFB3
ARM GAS  C:\Users\javier\AppData\Local\Temp\ccYQ8688.s 			page 15


 611 0030 00000000 		.4byte	0
 612 0034 00000000 		.4byte	0
 613              		.section	.debug_ranges,"",%progbits
 614              	.Ldebug_ranges0:
 615 0000 00000000 		.4byte	.LFB0
 616 0004 30000000 		.4byte	.LFE0
 617 0008 00000000 		.4byte	.LFB1
 618 000c 2C000000 		.4byte	.LFE1
 619 0010 00000000 		.4byte	.LFB2
 620 0014 34000000 		.4byte	.LFE2
 621 0018 00000000 		.4byte	.LFB3
 622 001c 1C000000 		.4byte	.LFE3
 623 0020 00000000 		.4byte	0
 624 0024 00000000 		.4byte	0
 625              		.section	.debug_line,"",%progbits
 626              	.Ldebug_line0:
 627 0000 AB000000 		.section	.debug_str,"MS",%progbits,1
 627      02005000 
 627      00000201 
 627      FB0E0D00 
 627      01010101 
 628              	.LASF6:
 629 0000 6C6F6E67 		.ascii	"long long int\000"
 629      206C6F6E 
 629      6720696E 
 629      7400
 630              	.LASF8:
 631 000e 756E7369 		.ascii	"unsigned int\000"
 631      676E6564 
 631      20696E74 
 631      00
 632              	.LASF16:
 633 001b 50574D45 		.ascii	"PWMEnableState\000"
 633      6E61626C 
 633      65537461 
 633      746500
 634              	.LASF27:
 635 002a 433A5C50 		.ascii	"C:\\Projects\\PSoC\\Bootloading_PSoC5_LP\\PSoc4_Mai"
 635      726F6A65 
 635      6374735C 
 635      50536F43 
 635      5C426F6F 
 636 0059 6E2E6379 		.ascii	"n.cydsn\000"
 636      64736E00 
 637              	.LASF21:
 638 0061 42757A7A 		.ascii	"Buzz_SaveConfig\000"
 638      5F536176 
 638      65436F6E 
 638      66696700 
 639              	.LASF25:
 640 0071 474E5520 		.ascii	"GNU C 4.7.3 20130312 (release) [ARM/embedded-4_7-br"
 640      4320342E 
 640      372E3320 
 640      32303133 
 640      30333132 
 641 00a4 616E6368 		.ascii	"anch revision 196615]\000"
 641      20726576 
ARM GAS  C:\Users\javier\AppData\Local\Temp\ccYQ8688.s 			page 16


 641      6973696F 
 641      6E203139 
 641      36363135 
 642              	.LASF9:
 643 00ba 75696E74 		.ascii	"uint8\000"
 643      3800
 644              	.LASF5:
 645 00c0 6C6F6E67 		.ascii	"long unsigned int\000"
 645      20756E73 
 645      69676E65 
 645      6420696E 
 645      7400
 646              	.LASF7:
 647 00d2 6C6F6E67 		.ascii	"long long unsigned int\000"
 647      206C6F6E 
 647      6720756E 
 647      7369676E 
 647      65642069 
 648              	.LASF20:
 649 00e9 42757A7A 		.ascii	"Buzz_backupStruct\000"
 649      5F626163 
 649      6B757053 
 649      74727563 
 649      7400
 650              	.LASF13:
 651 00fb 63686172 		.ascii	"char\000"
 651      00
 652              	.LASF1:
 653 0100 756E7369 		.ascii	"unsigned char\000"
 653      676E6564 
 653      20636861 
 653      7200
 654              	.LASF17:
 655 010e 50574D55 		.ascii	"PWMUdb\000"
 655      646200
 656              	.LASF19:
 657 0115 50574D43 		.ascii	"PWMControlRegister\000"
 657      6F6E7472 
 657      6F6C5265 
 657      67697374 
 657      657200
 658              	.LASF4:
 659 0128 6C6F6E67 		.ascii	"long int\000"
 659      20696E74 
 659      00
 660              	.LASF23:
 661 0131 42757A7A 		.ascii	"Buzz_Sleep\000"
 661      5F536C65 
 661      657000
 662              	.LASF12:
 663 013c 646F7562 		.ascii	"double\000"
 663      6C6500
 664              	.LASF28:
 665 0143 42757A7A 		.ascii	"Buzz_backup\000"
 665      5F626163 
 665      6B757000 
 666              	.LASF22:
ARM GAS  C:\Users\javier\AppData\Local\Temp\ccYQ8688.s 			page 17


 667 014f 42757A7A 		.ascii	"Buzz_RestoreConfig\000"
 667      5F526573 
 667      746F7265 
 667      436F6E66 
 667      696700
 668              	.LASF3:
 669 0162 73686F72 		.ascii	"short unsigned int\000"
 669      7420756E 
 669      7369676E 
 669      65642069 
 669      6E7400
 670              	.LASF0:
 671 0175 7369676E 		.ascii	"signed char\000"
 671      65642063 
 671      68617200 
 672              	.LASF26:
 673 0181 2E5C4765 		.ascii	".\\Generated_Source\\PSoC4\\Buzz_PM.c\000"
 673      6E657261 
 673      7465645F 
 673      536F7572 
 673      63655C50 
 674              	.LASF11:
 675 01a4 666C6F61 		.ascii	"float\000"
 675      7400
 676              	.LASF2:
 677 01aa 73686F72 		.ascii	"short int\000"
 677      7420696E 
 677      7400
 678              	.LASF10:
 679 01b4 75696E74 		.ascii	"uint16\000"
 679      313600
 680              	.LASF14:
 681 01bb 72656738 		.ascii	"reg8\000"
 681      00
 682              	.LASF18:
 683 01c0 50574D50 		.ascii	"PWMPeriod\000"
 683      6572696F 
 683      6400
 684              	.LASF15:
 685 01ca 73697A65 		.ascii	"sizetype\000"
 685      74797065 
 685      00
 686              	.LASF24:
 687 01d3 42757A7A 		.ascii	"Buzz_Wakeup\000"
 687      5F57616B 
 687      65757000 
 688              		.ident	"GCC: (GNU Tools for ARM Embedded Processors) 4.7.3 20130312 (release) [ARM/embedded-4_7-br
