--------------- Rebuild Started: 11/21/2013 01:44:02 Project: GeoCarMain, Configuration: ARM GCC 4.7.3 Debug ---------------
Deleting file ".\GeoCarMain.rpt"
cydsfit.exe "-.appdatapath" "C:\Users\javier\AppData\Local\Cypress Semiconductor\PSoC Creator\3.0" "-.fdsnotice" "-.fdswarpdepfile=warp_dependencies.txt" "-.fdselabdepfile=elab_dependencies.txt" "-.fdsbldfile=generated_files.txt" "-p" "C:\Projects\PSoC\GeoCarMain\GeoCarMain.cydsn\GeoCarMain.cyprj" "-d" "CY8C4245AXI-483" "-s" "C:\Projects\PSoC\GeoCarMain\GeoCarMain.cydsn\Generated_Source\PSoC4" "--" "-yv2" "-v3" "-ygs" "-q10" "-o2" "-.fftcfgtype=LE"
Elaborating Design...
HDL Generation ...
Synthesis ...
Place and Route ...
Tech mapping ...
Info: mpr.M0037: Unused pieces of the design have been optimized out. See the Tech mapping section of the report file for details. (App=cydsfit)
Analog Placement ...
Analog Routing ...
Analog Code Generation ...
Digital Placement ...
Error: plm.M0046: E2809: Unable to find a valid placement for pins and fixed-function blocks. See the Digital Placement's Detailed placement messages section in the report file for details.
Error: plm.M0046: E2055: An error occurred during placement of the design.
Error: plm.M0046: "C:\Program Files (x86)\Cypress\PSoC Creator\3.0\PSoC Creator\bin/sjplacer.exe" failed (0x00000001)
Dependency Generation ...
Clean Temporary Files ...
Error: cdf.M0005: CyDsFit aborted due to errors, please address all errors and rerun CyDsFit. (App=cydsfit)
--------------- Rebuild Failed: 11/21/2013 01:44:22 ---------------
