--------------- Clean Started: 11/21/2013 01:39:39 Project: GeoCarMain, Configuration: ARM GCC 4.7.3 Debug ---------------
Deleting file ".\CortexM0\ARM_GCC_473\Debug\main.o"
Deleting file ".\CortexM0\ARM_GCC_473\Debug\cyfitter_cfg.o"
Deleting file ".\CortexM0\ARM_GCC_473\Debug\cymetadata.o"
Deleting file ".\CortexM0\ARM_GCC_473\Debug\Cm0Start.o"
Deleting file ".\CortexM0\ARM_GCC_473\Debug\CyBootAsmGnu.o"
Deleting file ".\CortexM0\ARM_GCC_473\Debug\CyFlash.o"
Deleting file ".\CortexM0\ARM_GCC_473\Debug\CyLib.o"
Deleting file ".\CortexM0\ARM_GCC_473\Debug\cyPm.o"
Deleting file ".\CortexM0\ARM_GCC_473\Debug\cyutils.o"
Deleting file ".\CortexM0\ARM_GCC_473\Debug\UART_BTH.o"
Deleting file ".\CortexM0\ARM_GCC_473\Debug\UART_BTH_SPI_UART.o"
Deleting file ".\CortexM0\ARM_GCC_473\Debug\UART_BTH_SPI_UART_INT.o"
Deleting file ".\CortexM0\ARM_GCC_473\Debug\UART_BTH_PM.o"
Deleting file ".\CortexM0\ARM_GCC_473\Debug\UART_BTH_UART.o"
Deleting file ".\CortexM0\ARM_GCC_473\Debug\UART_BTH_BOOT.o"
Deleting file ".\CortexM0\ARM_GCC_473\Debug\UART_BTH_UART_BOOT.o"
Deleting file ".\CortexM0\ARM_GCC_473\Debug\UART_BTH_rx.o"
Deleting file ".\CortexM0\ARM_GCC_473\Debug\UART_BTH_SCBCLK.o"
Deleting file ".\CortexM0\ARM_GCC_473\Debug\UART_BTH_tx.o"
Deleting file ".\CortexM0\ARM_GCC_473\Debug\GeoCarMain.hex"
Deleting file ".\CortexM0\ARM_GCC_473\Debug\GeoCarMain.elf"
Deleting file ".\CortexM0\ARM_GCC_473\Debug\GeoCarMain.map"
Deleting file ".\GeoCarMain.cycdx"
Deleting file ".\GeoCarMain.rpt"
Deleting file ".\GeoCarMain_timing.html"
Deleting file ".\CortexM0\ARM_GCC_473\Debug\.deps\C_FILE.P"
Deleting file ".\CortexM0\ARM_GCC_473\Debug\.deps\ARM_C_FILE.P"
Deleting file ".\CortexM0\ARM_GCC_473\Debug\.deps\GNU_ARM_ASM_FILE.P"
--------------- Clean Succeeded: 11/21/2013 01:39:40 ---------------
